TN:
SF:/home/runner/work/painting-projects-management/painting-projects-management/back/rbkApiModules/Demo1/Database/Config/AuthorConfig.cs
FN:12,Configure(Microsoft.EntityFrameworkCore.Metadata.Builders.EntityTypeBuilder<Demo1.Models.Author>)
FNDA:1,Configure(Microsoft.EntityFrameworkCore.Metadata.Builders.EntityTypeBuilder<Demo1.Models.Author>)
FNF:1
FNH:1
BRF:0
BRH:0
DA:12,1
LH:1
LF:1
end_of_record
SF:/home/runner/work/painting-projects-management/painting-projects-management/back/rbkApiModules/Demo1/Database/Config/BlogConfig.cs
FN:12,Configure(Microsoft.EntityFrameworkCore.Metadata.Builders.EntityTypeBuilder<Demo1.Models.Blog>)
FNDA:1,Configure(Microsoft.EntityFrameworkCore.Metadata.Builders.EntityTypeBuilder<Demo1.Models.Blog>)
FNF:1
FNH:1
BRF:0
BRH:0
DA:12,1
LH:1
LF:1
end_of_record
SF:/home/runner/work/painting-projects-management/painting-projects-management/back/rbkApiModules/Demo1/Validators/CustomUserMetadataValidator.cs
FN:9,.ctor(rbkApiModules.Commons.Core.ILocalizationService)
FN:16,Validate(System.Collections.Generic.Dictionary<string, string>)
FNDA:1,.ctor(rbkApiModules.Commons.Core.ILocalizationService)
FNDA:1,Validate(System.Collections.Generic.Dictionary<string, string>)
FNF:2
FNH:2
BRDA:18,18,0,1
BRDA:18,18,1,-
BRDA:20,20,2,1
BRDA:20,20,3,1
BRDA:30,30,4,1
BRDA:30,30,5,-
BRDA:32,32,6,1
BRDA:32,32,7,1
BRDA:34,34,8,1
BRDA:34,34,9,-
BRDA:49,49,10,1
BRDA:49,49,11,1
BRF:12
BRH:9
DA:9,1
DA:11,1
DA:12,1
DA:16,1
DA:18,1
DA:20,1
DA:22,1
DA:27,0
DA:30,1
DA:32,1
DA:34,1
DA:36,0
DA:41,1
DA:46,0
DA:49,1
DA:51,1
DA:55,1
LH:14
LF:17
end_of_record
SF:/home/runner/work/painting-projects-management/painting-projects-management/back/rbkApiModules/Demo1/Database/DatabaseContext.cs
FN:13,.ctor(Microsoft.EntityFrameworkCore.DbContextOptions<Demo1.DatabaseContext>)
FN:17,get_Users()
FN:17,set_Users(Microsoft.EntityFrameworkCore.DbSet<rbkApiModules.Identity.Core.User>)
FN:18,get_Roles()
FN:18,set_Roles(Microsoft.EntityFrameworkCore.DbSet<rbkApiModules.Identity.Core.Role>)
FN:19,get_Claims()
FN:19,set_Claims(Microsoft.EntityFrameworkCore.DbSet<rbkApiModules.Identity.Core.Claim>)
FN:21,get_Blogs()
FN:21,set_Blogs(Microsoft.EntityFrameworkCore.DbSet<Demo1.Models.Blog>)
FN:22,get_Posts()
FN:22,set_Posts(Microsoft.EntityFrameworkCore.DbSet<Demo1.Models.Post>)
FN:23,get_Authors()
FN:23,set_Authors(Microsoft.EntityFrameworkCore.DbSet<Demo1.Models.Author>)
FN:25,get_Plants()
FN:25,set_Plants(Microsoft.EntityFrameworkCore.DbSet<Demo1.Plant>)
FN:29,OnModelCreating(Microsoft.EntityFrameworkCore.ModelBuilder)
FN:41,ConfigureConventions(Microsoft.EntityFrameworkCore.ModelConfigurationBuilder)
FNDA:1,.ctor(Microsoft.EntityFrameworkCore.DbContextOptions<Demo1.DatabaseContext>)
FNDA:1,get_Users()
FNDA:1,set_Users(Microsoft.EntityFrameworkCore.DbSet<rbkApiModules.Identity.Core.User>)
FNDA:1,get_Roles()
FNDA:1,set_Roles(Microsoft.EntityFrameworkCore.DbSet<rbkApiModules.Identity.Core.Role>)
FNDA:1,get_Claims()
FNDA:1,set_Claims(Microsoft.EntityFrameworkCore.DbSet<rbkApiModules.Identity.Core.Claim>)
FNDA:1,get_Blogs()
FNDA:1,set_Blogs(Microsoft.EntityFrameworkCore.DbSet<Demo1.Models.Blog>)
FNDA:1,get_Posts()
FNDA:1,set_Posts(Microsoft.EntityFrameworkCore.DbSet<Demo1.Models.Post>)
FNDA:1,get_Authors()
FNDA:1,set_Authors(Microsoft.EntityFrameworkCore.DbSet<Demo1.Models.Author>)
FNDA:1,get_Plants()
FNDA:1,set_Plants(Microsoft.EntityFrameworkCore.DbSet<Demo1.Plant>)
FNDA:1,OnModelCreating(Microsoft.EntityFrameworkCore.ModelBuilder)
FNDA:1,ConfigureConventions(Microsoft.EntityFrameworkCore.ModelConfigurationBuilder)
FNF:17
FNH:17
BRF:0
BRH:0
DA:13,1
DA:15,1
DA:17,1
DA:18,1
DA:19,1
DA:21,1
DA:22,1
DA:23,1
DA:25,1
DA:29,1
DA:31,1
DA:32,1
DA:33,1
DA:35,1
DA:36,1
DA:37,1
DA:41,1
DA:42,1
DA:43,1
LH:19
LF:19
end_of_record
SF:/home/runner/work/painting-projects-management/painting-projects-management/back/rbkApiModules/Demo1/DatabaseContextFactory.cs
FN:10,CreateDbContext(string[])
FNDA:0,CreateDbContext(string[])
FNF:1
FNH:0
BRF:0
BRH:0
DA:10,0
DA:11,0
DA:12,0
DA:13,0
DA:15,0
DA:17,0
DA:18,0
DA:19,0
DA:20,0
DA:21,0
DA:23,0
LH:0
LF:11
end_of_record
SF:/home/runner/work/painting-projects-management/painting-projects-management/back/rbkApiModules/Demo1/Database/DatabaseSeed.cs
FN:12,.ctor()
FN:19,PlatformsSeed(Demo1.DatabaseContext, System.IServiceProvider)
FN:9,.cctor()
FNDA:1,.ctor()
FNDA:1,PlatformsSeed(Demo1.DatabaseContext, System.IServiceProvider)
FNDA:0,.cctor()
FNF:3
FNH:2
BRF:0
BRH:0
DA:9,0
DA:10,0
DA:12,1
DA:14,1
DA:15,1
DA:19,1
DA:20,1
DA:22,1
DA:23,1
DA:24,1
DA:26,1
DA:27,1
DA:29,1
DA:30,1
DA:31,1
DA:32,1
DA:33,1
DA:34,1
DA:35,1
DA:37,1
DA:39,1
DA:40,1
DA:41,1
DA:42,1
DA:44,1
DA:45,1
DA:46,1
DA:47,1
DA:48,1
DA:49,1
DA:51,1
DA:52,1
DA:53,1
DA:54,1
DA:55,1
DA:56,1
DA:58,1
DA:59,1
DA:61,1
DA:62,1
DA:63,1
DA:64,1
DA:66,1
DA:67,1
DA:68,1
DA:69,1
DA:70,1
DA:71,1
DA:74,1
DA:75,1
DA:76,1
DA:77,1
DA:78,1
DA:79,1
DA:80,1
DA:81,1
DA:83,1
DA:85,1
DA:86,1
DA:87,1
DA:89,1
DA:90,1
DA:92,1
DA:94,1
DA:95,1
DA:96,1
DA:98,1
DA:100,1
DA:102,1
DA:103,1
DA:105,1
DA:106,1
DA:107,1
DA:109,1
DA:111,1
DA:112,1
DA:114,1
DA:115,1
DA:117,1
DA:119,1
DA:120,1
DA:121,1
DA:123,1
DA:124,1
LH:82
LF:84
end_of_record
SF:/home/runner/work/painting-projects-management/painting-projects-management/back/rbkApiModules/Demo1/Validators/LoginPolicyValidator1.cs
FN:8,.ctor(rbkApiModules.Commons.Core.ILocalizationService)
FN:15,Validate()
FNDA:1,.ctor(rbkApiModules.Commons.Core.ILocalizationService)
FNDA:1,Validate()
FNF:2
FNH:2
BRDA:15,15,12,1
BRDA:15,15,13,1
BRF:2
BRH:2
DA:8,1
DA:10,1
DA:11,1
DA:15,1
DA:17,1
DA:18,1
DA:22,1
DA:24,1
LH:8
LF:8
end_of_record
SF:/home/runner/work/painting-projects-management/painting-projects-management/back/rbkApiModules/Demo1/Validators/LoginPolicyValidator2.cs
FN:8,.ctor(rbkApiModules.Commons.Core.ILocalizationService)
FN:15,Validate()
FNDA:1,.ctor(rbkApiModules.Commons.Core.ILocalizationService)
FNDA:1,Validate()
FNF:2
FNH:2
BRDA:15,15,14,1
BRDA:15,15,15,1
BRF:2
BRH:2
DA:8,1
DA:10,1
DA:11,1
DA:15,1
DA:17,1
DA:18,1
DA:22,1
DA:24,1
LH:8
LF:8
end_of_record
SF:/home/runner/work/painting-projects-management/painting-projects-management/back/rbkApiModules/Demo1/Migrations/DatabaseContextModelSnapshot.cs
FN:18,BuildModel(Microsoft.EntityFrameworkCore.ModelBuilder)
FNDA:1,BuildModel(Microsoft.EntityFrameworkCore.ModelBuilder)
FNF:1
FNH:1
BRDA:20,20,16,1
BRDA:20,20,17,1
BRDA:36,36,18,1
BRDA:36,36,19,1
BRDA:63,63,20,1
BRDA:63,63,21,1
BRDA:113,113,22,1
BRDA:113,113,23,1
BRDA:138,138,24,1
BRDA:138,138,25,1
BRDA:225,225,26,1
BRDA:225,225,27,1
BRDA:256,256,28,1
BRDA:256,256,29,1
BRDA:281,281,30,1
BRDA:281,281,31,1
BRDA:369,369,32,1
BRDA:369,369,33,1
BRDA:382,382,34,1
BRDA:382,382,35,1
BRDA:409,409,36,1
BRDA:409,409,37,1
BRDA:431,431,38,1
BRDA:431,431,39,1
BRDA:446,446,40,1
BRDA:446,446,41,1
BRDA:465,465,42,1
BRDA:465,465,43,1
BRDA:536,536,44,1
BRDA:536,536,45,1
BRDA:554,554,46,1
BRDA:554,554,47,1
BRDA:569,569,48,1
BRDA:569,569,49,1
BRDA:577,577,50,1
BRDA:577,577,51,1
BRDA:601,601,52,1
BRDA:601,601,53,1
BRDA:609,609,54,1
BRDA:609,609,55,1
BRDA:617,617,56,1
BRDA:617,617,57,1
BRDA:636,636,58,1
BRDA:636,636,59,1
BRDA:667,667,60,1
BRDA:667,667,61,1
BRDA:686,686,62,1
BRDA:686,686,63,1
BRDA:705,705,64,1
BRDA:705,705,65,1
BRDA:710,710,66,1
BRDA:710,710,67,1
BRDA:715,715,68,1
BRDA:715,715,69,1
BRDA:722,722,70,1
BRDA:722,722,71,1
BRDA:729,729,72,1
BRDA:729,729,73,1
BRDA:643,643,74,1
BRDA:643,643,75,1
BRF:60
BRH:60
DA:18,1
DA:20,1
DA:21,1
DA:22,1
DA:23,1
DA:24,1
DA:25,1
DA:26,1
DA:27,1
DA:28,1
DA:29,1
DA:30,1
DA:31,1
DA:32,1
DA:33,1
DA:34,1
DA:36,1
DA:37,1
DA:38,1
DA:39,1
DA:40,1
DA:41,1
DA:42,1
DA:43,1
DA:44,1
DA:45,1
DA:46,1
DA:47,1
DA:48,1
DA:49,1
DA:50,1
DA:51,1
DA:52,1
DA:53,1
DA:54,1
DA:55,1
DA:56,1
DA:57,1
DA:58,1
DA:59,1
DA:60,1
DA:61,1
DA:63,1
DA:64,1
DA:65,1
DA:66,1
DA:67,1
DA:68,1
DA:69,1
DA:70,1
DA:71,1
DA:72,1
DA:73,1
DA:74,1
DA:75,1
DA:76,1
DA:77,1
DA:78,1
DA:79,1
DA:80,1
DA:81,1
DA:82,1
DA:83,1
DA:84,1
DA:85,1
DA:86,1
DA:87,1
DA:88,1
DA:89,1
DA:90,1
DA:91,1
DA:92,1
DA:93,1
DA:94,1
DA:95,1
DA:96,1
DA:97,1
DA:98,1
DA:99,1
DA:100,1
DA:101,1
DA:102,1
DA:103,1
DA:104,1
DA:105,1
DA:106,1
DA:107,1
DA:108,1
DA:109,1
DA:110,1
DA:111,1
DA:113,1
DA:114,1
DA:115,1
DA:116,1
DA:117,1
DA:118,1
DA:119,1
DA:120,1
DA:121,1
DA:122,1
DA:123,1
DA:124,1
DA:125,1
DA:126,1
DA:127,1
DA:128,1
DA:129,1
DA:130,1
DA:131,1
DA:132,1
DA:133,1
DA:134,1
DA:135,1
DA:136,1
DA:138,1
DA:139,1
DA:140,1
DA:141,1
DA:142,1
DA:143,1
DA:144,1
DA:145,1
DA:146,1
DA:147,1
DA:148,1
DA:149,1
DA:150,1
DA:151,1
DA:152,1
DA:153,1
DA:154,1
DA:155,1
DA:156,1
DA:157,1
DA:158,1
DA:159,1
DA:160,1
DA:161,1
DA:162,1
DA:163,1
DA:164,1
DA:165,1
DA:166,1
DA:167,1
DA:168,1
DA:169,1
DA:170,1
DA:171,1
DA:172,1
DA:173,1
DA:174,1
DA:175,1
DA:176,1
DA:177,1
DA:178,1
DA:179,1
DA:180,1
DA:181,1
DA:182,1
DA:183,1
DA:184,1
DA:185,1
DA:186,1
DA:187,1
DA:188,1
DA:189,1
DA:190,1
DA:191,1
DA:192,1
DA:193,1
DA:194,1
DA:195,1
DA:196,1
DA:197,1
DA:198,1
DA:199,1
DA:200,1
DA:201,1
DA:202,1
DA:203,1
DA:204,1
DA:205,1
DA:206,1
DA:207,1
DA:208,1
DA:209,1
DA:210,1
DA:211,1
DA:212,1
DA:213,1
DA:214,1
DA:215,1
DA:216,1
DA:217,1
DA:218,1
DA:219,1
DA:220,1
DA:221,1
DA:222,1
DA:223,1
DA:225,1
DA:226,1
DA:227,1
DA:228,1
DA:229,1
DA:230,1
DA:231,1
DA:232,1
DA:233,1
DA:234,1
DA:235,1
DA:236,1
DA:237,1
DA:238,1
DA:239,1
DA:240,1
DA:241,1
DA:242,1
DA:243,1
DA:244,1
DA:245,1
DA:246,1
DA:247,1
DA:248,1
DA:249,1
DA:250,1
DA:251,1
DA:252,1
DA:253,1
DA:254,1
DA:256,1
DA:257,1
DA:258,1
DA:259,1
DA:260,1
DA:261,1
DA:262,1
DA:263,1
DA:264,1
DA:265,1
DA:266,1
DA:267,1
DA:268,1
DA:269,1
DA:270,1
DA:271,1
DA:272,1
DA:273,1
DA:274,1
DA:275,1
DA:276,1
DA:277,1
DA:278,1
DA:279,1
DA:281,1
DA:282,1
DA:283,1
DA:284,1
DA:285,1
DA:286,1
DA:287,1
DA:288,1
DA:289,1
DA:290,1
DA:291,1
DA:292,1
DA:293,1
DA:294,1
DA:295,1
DA:296,1
DA:297,1
DA:298,1
DA:299,1
DA:300,1
DA:301,1
DA:302,1
DA:303,1
DA:304,1
DA:305,1
DA:306,1
DA:307,1
DA:308,1
DA:309,1
DA:310,1
DA:311,1
DA:312,1
DA:313,1
DA:314,1
DA:315,1
DA:316,1
DA:317,1
DA:318,1
DA:319,1
DA:320,1
DA:321,1
DA:322,1
DA:323,1
DA:324,1
DA:325,1
DA:326,1
DA:327,1
DA:328,1
DA:329,1
DA:330,1
DA:331,1
DA:332,1
DA:333,1
DA:334,1
DA:335,1
DA:336,1
DA:337,1
DA:338,1
DA:339,1
DA:340,1
DA:341,1
DA:342,1
DA:343,1
DA:344,1
DA:345,1
DA:346,1
DA:347,1
DA:348,1
DA:349,1
DA:350,1
DA:351,1
DA:352,1
DA:353,1
DA:354,1
DA:355,1
DA:356,1
DA:357,1
DA:358,1
DA:359,1
DA:360,1
DA:361,1
DA:362,1
DA:363,1
DA:364,1
DA:365,1
DA:366,1
DA:367,1
DA:369,1
DA:370,1
DA:371,1
DA:372,1
DA:373,1
DA:374,1
DA:375,1
DA:376,1
DA:377,1
DA:378,1
DA:379,1
DA:380,1
DA:382,1
DA:383,1
DA:384,1
DA:385,1
DA:386,1
DA:387,1
DA:388,1
DA:389,1
DA:390,1
DA:391,1
DA:392,1
DA:393,1
DA:394,1
DA:395,1
DA:396,1
DA:397,1
DA:398,1
DA:399,1
DA:400,1
DA:401,1
DA:402,1
DA:403,1
DA:404,1
DA:405,1
DA:406,1
DA:407,1
DA:409,1
DA:410,1
DA:411,1
DA:412,1
DA:413,1
DA:414,1
DA:415,1
DA:416,1
DA:417,1
DA:418,1
DA:419,1
DA:420,1
DA:421,1
DA:422,1
DA:423,1
DA:424,1
DA:425,1
DA:426,1
DA:427,1
DA:428,1
DA:429,1
DA:431,1
DA:432,1
DA:433,1
DA:434,1
DA:435,1
DA:436,1
DA:437,1
DA:438,1
DA:439,1
DA:440,1
DA:441,1
DA:442,1
DA:443,1
DA:444,1
DA:446,1
DA:447,1
DA:448,1
DA:449,1
DA:450,1
DA:451,1
DA:452,1
DA:453,1
DA:454,1
DA:455,1
DA:456,1
DA:457,1
DA:458,1
DA:459,1
DA:460,1
DA:461,1
DA:462,1
DA:463,1
DA:465,1
DA:466,1
DA:467,1
DA:468,1
DA:469,1
DA:470,1
DA:471,1
DA:472,1
DA:473,1
DA:474,1
DA:475,1
DA:476,1
DA:477,1
DA:478,1
DA:479,1
DA:480,1
DA:481,1
DA:482,1
DA:483,1
DA:484,1
DA:485,1
DA:486,1
DA:487,1
DA:488,1
DA:489,1
DA:490,1
DA:491,1
DA:492,1
DA:493,1
DA:494,1
DA:495,1
DA:496,1
DA:497,1
DA:498,1
DA:499,1
DA:500,1
DA:501,1
DA:502,1
DA:503,1
DA:504,1
DA:505,1
DA:506,1
DA:507,1
DA:508,1
DA:509,1
DA:510,1
DA:511,1
DA:512,1
DA:513,1
DA:514,1
DA:515,1
DA:516,1
DA:517,1
DA:518,1
DA:519,1
DA:520,1
DA:521,1
DA:522,1
DA:523,1
DA:524,1
DA:525,1
DA:526,1
DA:527,1
DA:528,1
DA:529,1
DA:530,1
DA:531,1
DA:532,1
DA:533,1
DA:534,1
DA:536,1
DA:537,1
DA:538,1
DA:539,1
DA:540,1
DA:541,1
DA:542,1
DA:543,1
DA:544,1
DA:545,1
DA:546,1
DA:547,1
DA:548,1
DA:549,1
DA:550,1
DA:551,1
DA:552,1
DA:554,1
DA:555,1
DA:556,1
DA:557,1
DA:558,1
DA:559,1
DA:560,1
DA:561,1
DA:562,1
DA:563,1
DA:564,1
DA:565,1
DA:566,1
DA:567,1
DA:569,1
DA:570,1
DA:571,1
DA:572,1
DA:573,1
DA:574,1
DA:575,1
DA:577,1
DA:578,1
DA:579,1
DA:580,1
DA:581,1
DA:582,1
DA:583,1
DA:584,1
DA:585,1
DA:586,1
DA:587,1
DA:588,1
DA:589,1
DA:590,1
DA:591,1
DA:592,1
DA:593,1
DA:594,1
DA:595,1
DA:596,1
DA:597,1
DA:598,1
DA:599,1
DA:601,1
DA:602,1
DA:603,1
DA:604,1
DA:605,1
DA:606,1
DA:607,1
DA:609,1
DA:610,1
DA:611,1
DA:612,1
DA:613,1
DA:614,1
DA:615,1
DA:617,1
DA:618,1
DA:619,1
DA:620,1
DA:621,1
DA:622,1
DA:623,1
DA:624,1
DA:625,1
DA:626,1
DA:627,1
DA:628,1
DA:629,1
DA:630,1
DA:631,1
DA:632,1
DA:633,1
DA:634,1
DA:636,1
DA:637,1
DA:638,1
DA:639,1
DA:640,1
DA:641,1
DA:642,1
DA:643,1
DA:644,1
DA:645,1
DA:646,1
DA:647,1
DA:648,1
DA:649,1
DA:650,1
DA:651,1
DA:652,1
DA:653,1
DA:654,1
DA:655,1
DA:656,1
DA:657,1
DA:658,1
DA:659,1
DA:660,1
DA:661,1
DA:662,1
DA:663,1
DA:664,1
DA:665,1
DA:667,1
DA:668,1
DA:669,1
DA:670,1
DA:671,1
DA:672,1
DA:673,1
DA:674,1
DA:675,1
DA:676,1
DA:677,1
DA:678,1
DA:679,1
DA:680,1
DA:681,1
DA:682,1
DA:683,1
DA:684,1
DA:686,1
DA:687,1
DA:688,1
DA:689,1
DA:690,1
DA:691,1
DA:692,1
DA:693,1
DA:694,1
DA:695,1
DA:696,1
DA:697,1
DA:698,1
DA:699,1
DA:700,1
DA:701,1
DA:702,1
DA:703,1
DA:705,1
DA:706,1
DA:707,1
DA:708,1
DA:710,1
DA:711,1
DA:712,1
DA:713,1
DA:715,1
DA:716,1
DA:717,1
DA:718,1
DA:719,1
DA:720,1
DA:722,1
DA:723,1
DA:724,1
DA:725,1
DA:726,1
DA:727,1
DA:729,1
DA:730,1
DA:731,1
DA:732,1
DA:733,1
DA:734,1
DA:736,1
LH:689
LF:689
end_of_record
SF:/home/runner/work/painting-projects-management/painting-projects-management/back/rbkApiModules/Demo1/Migrations/20250903073337_Initial.cs
FN:13,Up(Microsoft.EntityFrameworkCore.Migrations.MigrationBuilder)
FN:469,Down(Microsoft.EntityFrameworkCore.Migrations.MigrationBuilder)
FNDA:1,Up(Microsoft.EntityFrameworkCore.Migrations.MigrationBuilder)
FNDA:0,Down(Microsoft.EntityFrameworkCore.Migrations.MigrationBuilder)
FNF:2
FNH:1
BRDA:13,13,76,1
BRDA:13,13,77,1
BRDA:13,13,78,1
BRDA:13,13,79,1
BRDA:25,25,80,1
BRDA:25,25,81,1
BRDA:25,25,82,1
BRDA:25,25,83,1
BRDA:40,40,84,1
BRDA:40,40,85,1
BRDA:40,40,86,1
BRDA:40,40,87,1
BRDA:52,52,88,1
BRDA:52,52,89,1
BRDA:52,52,90,1
BRDA:52,52,91,1
BRDA:67,67,92,1
BRDA:67,67,93,1
BRDA:67,67,94,1
BRDA:67,67,95,1
BRDA:97,97,96,1
BRDA:97,97,97,1
BRDA:97,97,98,1
BRDA:97,97,99,1
BRDA:112,112,100,1
BRDA:112,112,101,1
BRDA:112,112,102,1
BRDA:112,112,103,1
BRDA:142,142,104,1
BRDA:142,142,105,1
BRDA:142,142,106,1
BRDA:142,142,107,1
BRDA:155,155,108,1
BRDA:155,155,109,1
BRDA:155,155,110,1
BRDA:155,155,111,1
BRDA:175,175,112,1
BRDA:175,175,113,1
BRDA:175,175,114,1
BRDA:175,175,115,1
BRDA:195,195,116,1
BRDA:195,195,117,1
BRDA:195,195,118,1
BRDA:195,195,119,1
BRDA:214,214,120,1
BRDA:214,214,121,1
BRDA:214,214,122,1
BRDA:214,214,123,1
BRDA:248,248,124,1
BRDA:248,248,125,1
BRDA:248,248,126,1
BRDA:248,248,127,1
BRDA:285,285,128,1
BRDA:285,285,129,1
BRDA:285,285,130,1
BRDA:285,285,131,1
BRDA:309,309,132,1
BRDA:309,309,133,1
BRDA:309,309,134,1
BRDA:309,309,135,1
BRDA:334,334,136,1
BRDA:334,334,137,1
BRDA:334,334,138,1
BRDA:334,334,139,1
BRF:64
BRH:64
DA:13,1
DA:14,1
DA:15,1
DA:16,1
DA:17,1
DA:18,1
DA:19,1
DA:20,1
DA:21,1
DA:22,1
DA:23,1
DA:25,1
DA:26,1
DA:27,1
DA:28,1
DA:29,1
DA:30,1
DA:31,1
DA:32,1
DA:33,1
DA:34,1
DA:35,1
DA:36,1
DA:37,1
DA:38,1
DA:40,1
DA:41,1
DA:42,1
DA:43,1
DA:44,1
DA:45,1
DA:46,1
DA:47,1
DA:48,1
DA:49,1
DA:50,1
DA:52,1
DA:53,1
DA:54,1
DA:55,1
DA:56,1
DA:57,1
DA:58,1
DA:59,1
DA:60,1
DA:61,1
DA:62,1
DA:63,1
DA:64,1
DA:65,1
DA:67,1
DA:68,1
DA:69,1
DA:70,1
DA:71,1
DA:72,1
DA:73,1
DA:74,1
DA:75,1
DA:76,1
DA:77,1
DA:78,1
DA:79,1
DA:80,1
DA:81,1
DA:82,1
DA:83,1
DA:84,1
DA:85,1
DA:86,1
DA:87,1
DA:88,1
DA:89,1
DA:90,1
DA:91,1
DA:92,1
DA:93,1
DA:94,1
DA:95,1
DA:97,1
DA:98,1
DA:99,1
DA:100,1
DA:101,1
DA:102,1
DA:103,1
DA:104,1
DA:105,1
DA:106,1
DA:107,1
DA:108,1
DA:109,1
DA:110,1
DA:112,1
DA:113,1
DA:114,1
DA:115,1
DA:116,1
DA:117,1
DA:118,1
DA:119,1
DA:120,1
DA:121,1
DA:122,1
DA:123,1
DA:124,1
DA:125,1
DA:126,1
DA:127,1
DA:128,1
DA:129,1
DA:130,1
DA:131,1
DA:132,1
DA:133,1
DA:134,1
DA:135,1
DA:136,1
DA:137,1
DA:138,1
DA:139,1
DA:140,1
DA:142,1
DA:143,1
DA:144,1
DA:145,1
DA:146,1
DA:147,1
DA:148,1
DA:149,1
DA:150,1
DA:151,1
DA:152,1
DA:153,1
DA:155,1
DA:156,1
DA:157,1
DA:158,1
DA:159,1
DA:160,1
DA:161,1
DA:162,1
DA:163,1
DA:164,1
DA:165,1
DA:166,1
DA:167,1
DA:168,1
DA:169,1
DA:170,1
DA:171,1
DA:172,1
DA:173,1
DA:175,1
DA:176,1
DA:177,1
DA:178,1
DA:179,1
DA:180,1
DA:181,1
DA:182,1
DA:183,1
DA:184,1
DA:185,1
DA:186,1
DA:187,1
DA:188,1
DA:189,1
DA:190,1
DA:191,1
DA:192,1
DA:193,1
DA:195,1
DA:196,1
DA:197,1
DA:198,1
DA:199,1
DA:200,1
DA:201,1
DA:202,1
DA:203,1
DA:204,1
DA:205,1
DA:206,1
DA:207,1
DA:208,1
DA:209,1
DA:210,1
DA:211,1
DA:212,1
DA:214,1
DA:215,1
DA:216,1
DA:217,1
DA:218,1
DA:219,1
DA:220,1
DA:221,1
DA:222,1
DA:223,1
DA:224,1
DA:225,1
DA:226,1
DA:227,1
DA:228,1
DA:229,1
DA:230,1
DA:231,1
DA:232,1
DA:233,1
DA:234,1
DA:235,1
DA:236,1
DA:237,1
DA:238,1
DA:239,1
DA:240,1
DA:241,1
DA:242,1
DA:243,1
DA:244,1
DA:245,1
DA:246,1
DA:248,1
DA:249,1
DA:250,1
DA:251,1
DA:252,1
DA:253,1
DA:254,1
DA:255,1
DA:256,1
DA:257,1
DA:258,1
DA:259,1
DA:260,1
DA:261,1
DA:262,1
DA:263,1
DA:264,1
DA:265,1
DA:266,1
DA:267,1
DA:268,1
DA:269,1
DA:270,1
DA:271,1
DA:272,1
DA:273,1
DA:274,1
DA:275,1
DA:276,1
DA:277,1
DA:278,1
DA:279,1
DA:280,1
DA:281,1
DA:282,1
DA:283,1
DA:285,1
DA:286,1
DA:287,1
DA:288,1
DA:289,1
DA:290,1
DA:291,1
DA:292,1
DA:293,1
DA:294,1
DA:295,1
DA:296,1
DA:297,1
DA:298,1
DA:299,1
DA:300,1
DA:301,1
DA:302,1
DA:303,1
DA:304,1
DA:305,1
DA:306,1
DA:307,1
DA:309,1
DA:310,1
DA:311,1
DA:312,1
DA:313,1
DA:314,1
DA:315,1
DA:316,1
DA:317,1
DA:318,1
DA:319,1
DA:320,1
DA:321,1
DA:322,1
DA:323,1
DA:324,1
DA:325,1
DA:326,1
DA:327,1
DA:328,1
DA:329,1
DA:330,1
DA:331,1
DA:332,1
DA:334,1
DA:335,1
DA:336,1
DA:337,1
DA:338,1
DA:339,1
DA:340,1
DA:341,1
DA:342,1
DA:343,1
DA:344,1
DA:345,1
DA:346,1
DA:347,1
DA:348,1
DA:349,1
DA:350,1
DA:351,1
DA:352,1
DA:353,1
DA:354,1
DA:355,1
DA:356,1
DA:358,1
DA:359,1
DA:360,1
DA:361,1
DA:362,1
DA:364,1
DA:365,1
DA:366,1
DA:367,1
DA:369,1
DA:370,1
DA:371,1
DA:372,1
DA:373,1
DA:375,1
DA:376,1
DA:377,1
DA:378,1
DA:380,1
DA:381,1
DA:382,1
DA:383,1
DA:385,1
DA:386,1
DA:387,1
DA:388,1
DA:390,1
DA:391,1
DA:392,1
DA:393,1
DA:395,1
DA:396,1
DA:397,1
DA:398,1
DA:400,1
DA:401,1
DA:402,1
DA:403,1
DA:405,1
DA:406,1
DA:407,1
DA:408,1
DA:410,1
DA:411,1
DA:412,1
DA:413,1
DA:415,1
DA:416,1
DA:417,1
DA:418,1
DA:420,1
DA:421,1
DA:422,1
DA:423,1
DA:425,1
DA:426,1
DA:427,1
DA:428,1
DA:430,1
DA:431,1
DA:432,1
DA:433,1
DA:435,1
DA:436,1
DA:437,1
DA:438,1
DA:440,1
DA:441,1
DA:442,1
DA:443,1
DA:445,1
DA:446,1
DA:447,1
DA:448,1
DA:450,1
DA:451,1
DA:452,1
DA:453,1
DA:455,1
DA:456,1
DA:457,1
DA:458,1
DA:460,1
DA:461,1
DA:462,1
DA:463,1
DA:464,1
DA:469,0
DA:470,0
DA:472,0
DA:473,0
DA:475,0
DA:476,0
DA:478,0
DA:479,0
DA:481,0
DA:482,0
DA:484,0
DA:485,0
DA:487,0
DA:488,0
DA:490,0
DA:491,0
DA:493,0
DA:494,0
DA:496,0
DA:497,0
DA:499,0
DA:500,0
DA:502,0
DA:503,0
DA:505,0
DA:506,0
DA:508,0
DA:509,0
DA:511,0
DA:512,0
DA:514,0
DA:515,0
DA:516,0
LH:416
LF:449
end_of_record
SF:/home/runner/work/painting-projects-management/painting-projects-management/back/rbkApiModules/Demo1/Migrations/20250903073337_Initial.Designer.cs
FN:21,BuildTargetModel(Microsoft.EntityFrameworkCore.ModelBuilder)
FNDA:1,BuildTargetModel(Microsoft.EntityFrameworkCore.ModelBuilder)
FNF:1
FNH:1
BRDA:23,23,140,1
BRDA:23,23,141,1
BRDA:39,39,142,1
BRDA:39,39,143,1
BRDA:66,66,144,1
BRDA:66,66,145,1
BRDA:116,116,146,1
BRDA:116,116,147,1
BRDA:141,141,148,1
BRDA:141,141,149,1
BRDA:228,228,150,1
BRDA:228,228,151,1
BRDA:259,259,152,1
BRDA:259,259,153,1
BRDA:284,284,154,1
BRDA:284,284,155,1
BRDA:372,372,156,1
BRDA:372,372,157,1
BRDA:385,385,158,1
BRDA:385,385,159,1
BRDA:412,412,160,1
BRDA:412,412,161,1
BRDA:434,434,162,1
BRDA:434,434,163,1
BRDA:449,449,164,1
BRDA:449,449,165,1
BRDA:468,468,166,1
BRDA:468,468,167,1
BRDA:539,539,168,1
BRDA:539,539,169,1
BRDA:557,557,170,1
BRDA:557,557,171,1
BRDA:572,572,172,1
BRDA:572,572,173,1
BRDA:580,580,174,1
BRDA:580,580,175,1
BRDA:604,604,176,1
BRDA:604,604,177,1
BRDA:612,612,178,1
BRDA:612,612,179,1
BRDA:620,620,180,1
BRDA:620,620,181,1
BRDA:639,639,182,1
BRDA:639,639,183,1
BRDA:670,670,184,1
BRDA:670,670,185,1
BRDA:689,689,186,1
BRDA:689,689,187,1
BRDA:708,708,188,1
BRDA:708,708,189,1
BRDA:713,713,190,1
BRDA:713,713,191,1
BRDA:718,718,192,1
BRDA:718,718,193,1
BRDA:725,725,194,1
BRDA:725,725,195,1
BRDA:732,732,196,1
BRDA:732,732,197,1
BRDA:646,646,198,1
BRDA:646,646,199,1
BRF:60
BRH:60
DA:21,1
DA:23,1
DA:24,1
DA:25,1
DA:26,1
DA:27,1
DA:28,1
DA:29,1
DA:30,1
DA:31,1
DA:32,1
DA:33,1
DA:34,1
DA:35,1
DA:36,1
DA:37,1
DA:39,1
DA:40,1
DA:41,1
DA:42,1
DA:43,1
DA:44,1
DA:45,1
DA:46,1
DA:47,1
DA:48,1
DA:49,1
DA:50,1
DA:51,1
DA:52,1
DA:53,1
DA:54,1
DA:55,1
DA:56,1
DA:57,1
DA:58,1
DA:59,1
DA:60,1
DA:61,1
DA:62,1
DA:63,1
DA:64,1
DA:66,1
DA:67,1
DA:68,1
DA:69,1
DA:70,1
DA:71,1
DA:72,1
DA:73,1
DA:74,1
DA:75,1
DA:76,1
DA:77,1
DA:78,1
DA:79,1
DA:80,1
DA:81,1
DA:82,1
DA:83,1
DA:84,1
DA:85,1
DA:86,1
DA:87,1
DA:88,1
DA:89,1
DA:90,1
DA:91,1
DA:92,1
DA:93,1
DA:94,1
DA:95,1
DA:96,1
DA:97,1
DA:98,1
DA:99,1
DA:100,1
DA:101,1
DA:102,1
DA:103,1
DA:104,1
DA:105,1
DA:106,1
DA:107,1
DA:108,1
DA:109,1
DA:110,1
DA:111,1
DA:112,1
DA:113,1
DA:114,1
DA:116,1
DA:117,1
DA:118,1
DA:119,1
DA:120,1
DA:121,1
DA:122,1
DA:123,1
DA:124,1
DA:125,1
DA:126,1
DA:127,1
DA:128,1
DA:129,1
DA:130,1
DA:131,1
DA:132,1
DA:133,1
DA:134,1
DA:135,1
DA:136,1
DA:137,1
DA:138,1
DA:139,1
DA:141,1
DA:142,1
DA:143,1
DA:144,1
DA:145,1
DA:146,1
DA:147,1
DA:148,1
DA:149,1
DA:150,1
DA:151,1
DA:152,1
DA:153,1
DA:154,1
DA:155,1
DA:156,1
DA:157,1
DA:158,1
DA:159,1
DA:160,1
DA:161,1
DA:162,1
DA:163,1
DA:164,1
DA:165,1
DA:166,1
DA:167,1
DA:168,1
DA:169,1
DA:170,1
DA:171,1
DA:172,1
DA:173,1
DA:174,1
DA:175,1
DA:176,1
DA:177,1
DA:178,1
DA:179,1
DA:180,1
DA:181,1
DA:182,1
DA:183,1
DA:184,1
DA:185,1
DA:186,1
DA:187,1
DA:188,1
DA:189,1
DA:190,1
DA:191,1
DA:192,1
DA:193,1
DA:194,1
DA:195,1
DA:196,1
DA:197,1
DA:198,1
DA:199,1
DA:200,1
DA:201,1
DA:202,1
DA:203,1
DA:204,1
DA:205,1
DA:206,1
DA:207,1
DA:208,1
DA:209,1
DA:210,1
DA:211,1
DA:212,1
DA:213,1
DA:214,1
DA:215,1
DA:216,1
DA:217,1
DA:218,1
DA:219,1
DA:220,1
DA:221,1
DA:222,1
DA:223,1
DA:224,1
DA:225,1
DA:226,1
DA:228,1
DA:229,1
DA:230,1
DA:231,1
DA:232,1
DA:233,1
DA:234,1
DA:235,1
DA:236,1
DA:237,1
DA:238,1
DA:239,1
DA:240,1
DA:241,1
DA:242,1
DA:243,1
DA:244,1
DA:245,1
DA:246,1
DA:247,1
DA:248,1
DA:249,1
DA:250,1
DA:251,1
DA:252,1
DA:253,1
DA:254,1
DA:255,1
DA:256,1
DA:257,1
DA:259,1
DA:260,1
DA:261,1
DA:262,1
DA:263,1
DA:264,1
DA:265,1
DA:266,1
DA:267,1
DA:268,1
DA:269,1
DA:270,1
DA:271,1
DA:272,1
DA:273,1
DA:274,1
DA:275,1
DA:276,1
DA:277,1
DA:278,1
DA:279,1
DA:280,1
DA:281,1
DA:282,1
DA:284,1
DA:285,1
DA:286,1
DA:287,1
DA:288,1
DA:289,1
DA:290,1
DA:291,1
DA:292,1
DA:293,1
DA:294,1
DA:295,1
DA:296,1
DA:297,1
DA:298,1
DA:299,1
DA:300,1
DA:301,1
DA:302,1
DA:303,1
DA:304,1
DA:305,1
DA:306,1
DA:307,1
DA:308,1
DA:309,1
DA:310,1
DA:311,1
DA:312,1
DA:313,1
DA:314,1
DA:315,1
DA:316,1
DA:317,1
DA:318,1
DA:319,1
DA:320,1
DA:321,1
DA:322,1
DA:323,1
DA:324,1
DA:325,1
DA:326,1
DA:327,1
DA:328,1
DA:329,1
DA:330,1
DA:331,1
DA:332,1
DA:333,1
DA:334,1
DA:335,1
DA:336,1
DA:337,1
DA:338,1
DA:339,1
DA:340,1
DA:341,1
DA:342,1
DA:343,1
DA:344,1
DA:345,1
DA:346,1
DA:347,1
DA:348,1
DA:349,1
DA:350,1
DA:351,1
DA:352,1
DA:353,1
DA:354,1
DA:355,1
DA:356,1
DA:357,1
DA:358,1
DA:359,1
DA:360,1
DA:361,1
DA:362,1
DA:363,1
DA:364,1
DA:365,1
DA:366,1
DA:367,1
DA:368,1
DA:369,1
DA:370,1
DA:372,1
DA:373,1
DA:374,1
DA:375,1
DA:376,1
DA:377,1
DA:378,1
DA:379,1
DA:380,1
DA:381,1
DA:382,1
DA:383,1
DA:385,1
DA:386,1
DA:387,1
DA:388,1
DA:389,1
DA:390,1
DA:391,1
DA:392,1
DA:393,1
DA:394,1
DA:395,1
DA:396,1
DA:397,1
DA:398,1
DA:399,1
DA:400,1
DA:401,1
DA:402,1
DA:403,1
DA:404,1
DA:405,1
DA:406,1
DA:407,1
DA:408,1
DA:409,1
DA:410,1
DA:412,1
DA:413,1
DA:414,1
DA:415,1
DA:416,1
DA:417,1
DA:418,1
DA:419,1
DA:420,1
DA:421,1
DA:422,1
DA:423,1
DA:424,1
DA:425,1
DA:426,1
DA:427,1
DA:428,1
DA:429,1
DA:430,1
DA:431,1
DA:432,1
DA:434,1
DA:435,1
DA:436,1
DA:437,1
DA:438,1
DA:439,1
DA:440,1
DA:441,1
DA:442,1
DA:443,1
DA:444,1
DA:445,1
DA:446,1
DA:447,1
DA:449,1
DA:450,1
DA:451,1
DA:452,1
DA:453,1
DA:454,1
DA:455,1
DA:456,1
DA:457,1
DA:458,1
DA:459,1
DA:460,1
DA:461,1
DA:462,1
DA:463,1
DA:464,1
DA:465,1
DA:466,1
DA:468,1
DA:469,1
DA:470,1
DA:471,1
DA:472,1
DA:473,1
DA:474,1
DA:475,1
DA:476,1
DA:477,1
DA:478,1
DA:479,1
DA:480,1
DA:481,1
DA:482,1
DA:483,1
DA:484,1
DA:485,1
DA:486,1
DA:487,1
DA:488,1
DA:489,1
DA:490,1
DA:491,1
DA:492,1
DA:493,1
DA:494,1
DA:495,1
DA:496,1
DA:497,1
DA:498,1
DA:499,1
DA:500,1
DA:501,1
DA:502,1
DA:503,1
DA:504,1
DA:505,1
DA:506,1
DA:507,1
DA:508,1
DA:509,1
DA:510,1
DA:511,1
DA:512,1
DA:513,1
DA:514,1
DA:515,1
DA:516,1
DA:517,1
DA:518,1
DA:519,1
DA:520,1
DA:521,1
DA:522,1
DA:523,1
DA:524,1
DA:525,1
DA:526,1
DA:527,1
DA:528,1
DA:529,1
DA:530,1
DA:531,1
DA:532,1
DA:533,1
DA:534,1
DA:535,1
DA:536,1
DA:537,1
DA:539,1
DA:540,1
DA:541,1
DA:542,1
DA:543,1
DA:544,1
DA:545,1
DA:546,1
DA:547,1
DA:548,1
DA:549,1
DA:550,1
DA:551,1
DA:552,1
DA:553,1
DA:554,1
DA:555,1
DA:557,1
DA:558,1
DA:559,1
DA:560,1
DA:561,1
DA:562,1
DA:563,1
DA:564,1
DA:565,1
DA:566,1
DA:567,1
DA:568,1
DA:569,1
DA:570,1
DA:572,1
DA:573,1
DA:574,1
DA:575,1
DA:576,1
DA:577,1
DA:578,1
DA:580,1
DA:581,1
DA:582,1
DA:583,1
DA:584,1
DA:585,1
DA:586,1
DA:587,1
DA:588,1
DA:589,1
DA:590,1
DA:591,1
DA:592,1
DA:593,1
DA:594,1
DA:595,1
DA:596,1
DA:597,1
DA:598,1
DA:599,1
DA:600,1
DA:601,1
DA:602,1
DA:604,1
DA:605,1
DA:606,1
DA:607,1
DA:608,1
DA:609,1
DA:610,1
DA:612,1
DA:613,1
DA:614,1
DA:615,1
DA:616,1
DA:617,1
DA:618,1
DA:620,1
DA:621,1
DA:622,1
DA:623,1
DA:624,1
DA:625,1
DA:626,1
DA:627,1
DA:628,1
DA:629,1
DA:630,1
DA:631,1
DA:632,1
DA:633,1
DA:634,1
DA:635,1
DA:636,1
DA:637,1
DA:639,1
DA:640,1
DA:641,1
DA:642,1
DA:643,1
DA:644,1
DA:645,1
DA:646,1
DA:647,1
DA:648,1
DA:649,1
DA:650,1
DA:651,1
DA:652,1
DA:653,1
DA:654,1
DA:655,1
DA:656,1
DA:657,1
DA:658,1
DA:659,1
DA:660,1
DA:661,1
DA:662,1
DA:663,1
DA:664,1
DA:665,1
DA:666,1
DA:667,1
DA:668,1
DA:670,1
DA:671,1
DA:672,1
DA:673,1
DA:674,1
DA:675,1
DA:676,1
DA:677,1
DA:678,1
DA:679,1
DA:680,1
DA:681,1
DA:682,1
DA:683,1
DA:684,1
DA:685,1
DA:686,1
DA:687,1
DA:689,1
DA:690,1
DA:691,1
DA:692,1
DA:693,1
DA:694,1
DA:695,1
DA:696,1
DA:697,1
DA:698,1
DA:699,1
DA:700,1
DA:701,1
DA:702,1
DA:703,1
DA:704,1
DA:705,1
DA:706,1
DA:708,1
DA:709,1
DA:710,1
DA:711,1
DA:713,1
DA:714,1
DA:715,1
DA:716,1
DA:718,1
DA:719,1
DA:720,1
DA:721,1
DA:722,1
DA:723,1
DA:725,1
DA:726,1
DA:727,1
DA:728,1
DA:729,1
DA:730,1
DA:732,1
DA:733,1
DA:734,1
DA:735,1
DA:736,1
DA:737,1
DA:739,1
LH:689
LF:689
end_of_record
SF:/home/runner/work/painting-projects-management/painting-projects-management/back/rbkApiModules/Demo1/Models/Author.cs
FN:7,.ctor()
FN:12,.ctor(string)
FN:21,get_Name()
FN:21,set_Name(string)
FN:23,get_Posts()
FNDA:0,.ctor()
FNDA:0,.ctor(string)
FNDA:0,get_Name()
FNDA:0,set_Name(string)
FNDA:0,get_Posts()
FNF:5
FNH:0
BRDA:23,23,200,-
BRDA:23,23,201,-
BRF:2
BRH:0
DA:7,0
DA:9,0
DA:10,0
DA:12,0
DA:14,0
DA:16,0
DA:17,0
DA:21,0
DA:23,0
LH:0
LF:9
end_of_record
SF:/home/runner/work/painting-projects-management/painting-projects-management/back/rbkApiModules/Demo1/Models/Blog.cs
FN:7,.ctor()
FN:12,.ctor(string, string)
FN:23,get_Title()
FN:23,set_Title(string)
FN:26,get_Description()
FN:26,set_Description(string)
FN:28,get_Posts()
FNDA:0,.ctor()
FNDA:0,.ctor(string, string)
FNDA:0,get_Title()
FNDA:0,set_Title(string)
FNDA:0,get_Description()
FNDA:0,set_Description(string)
FNDA:0,get_Posts()
FNF:7
FNH:0
BRDA:28,28,202,-
BRDA:28,28,203,-
BRF:2
BRH:0
DA:7,0
DA:9,0
DA:10,0
DA:12,0
DA:14,0
DA:16,0
DA:17,0
DA:18,0
DA:19,0
DA:23,0
DA:26,0
DA:28,0
LH:0
LF:12
end_of_record
SF:/home/runner/work/painting-projects-management/painting-projects-management/back/rbkApiModules/Demo1/Models/Post.cs
FN:7,.ctor()
FN:13,.ctor(string, Demo1.Models.Blog, Demo1.Models.Author, string, string, string, string, System.Nullable<System.DateTime>)
FN:28,get_Title()
FN:28,set_Title(string)
FN:32,get_Body()
FN:32,set_Body(string)
FN:35,get_PublishingDate()
FN:35,set_PublishingDate(System.Nullable<System.DateTime>)
FN:38,get_AuthorId()
FN:38,set_AuthorId(System.Guid)
FN:39,get_Author()
FN:39,set_Author(Demo1.Models.Author)
FN:42,get_BlogId()
FN:42,set_BlogId(System.Guid)
FN:43,get_Blog()
FN:43,set_Blog(Demo1.Models.Blog)
FN:48,get_UniqueInApplication()
FN:48,set_UniqueInApplication(string)
FN:53,get_UniqueInTenant()
FN:53,set_UniqueInTenant(string)
FN:57,Update(string, string, string, string)
FNDA:0,.ctor()
FNDA:0,.ctor(string, Demo1.Models.Blog, Demo1.Models.Author, string, string, string, string, System.Nullable<System.DateTime>)
FNDA:0,get_Title()
FNDA:0,set_Title(string)
FNDA:0,get_Body()
FNDA:0,set_Body(string)
FNDA:0,get_PublishingDate()
FNDA:0,set_PublishingDate(System.Nullable<System.DateTime>)
FNDA:0,get_AuthorId()
FNDA:0,set_AuthorId(System.Guid)
FNDA:0,get_Author()
FNDA:0,set_Author(Demo1.Models.Author)
FNDA:0,get_BlogId()
FNDA:0,set_BlogId(System.Guid)
FNDA:0,get_Blog()
FNDA:0,set_Blog(Demo1.Models.Blog)
FNDA:0,get_UniqueInApplication()
FNDA:0,set_UniqueInApplication(string)
FNDA:0,get_UniqueInTenant()
FNDA:0,set_UniqueInTenant(string)
FNDA:0,Update(string, string, string, string)
FNF:21
FNH:0
BRF:0
BRH:0
DA:7,0
DA:9,0
DA:10,0
DA:11,0
DA:13,0
DA:15,0
DA:16,0
DA:17,0
DA:18,0
DA:19,0
DA:20,0
DA:21,0
DA:22,0
DA:23,0
DA:28,0
DA:32,0
DA:35,0
DA:38,0
DA:39,0
DA:42,0
DA:43,0
DA:48,0
DA:53,0
DA:57,0
DA:58,0
DA:59,0
DA:60,0
DA:61,0
LH:0
LF:28
end_of_record
SF:/home/runner/work/painting-projects-management/painting-projects-management/back/rbkApiModules/Demo1/Settings/MySettings1.cs
FN:9,get_Setting1()
FN:9,set_Setting1(string)
FN:12,get_Setting2()
FN:12,set_Setting2(int)
FN:15,get_Setting3()
FN:15,set_Setting3(bool)
FN:17,get_SubSettings()
FN:17,set_SubSettings(Demo1.SubSettings)
FN:17,.ctor()
FNDA:0,get_Setting1()
FNDA:0,set_Setting1(string)
FNDA:0,get_Setting2()
FNDA:0,set_Setting2(int)
FNDA:0,get_Setting3()
FNDA:0,set_Setting3(bool)
FNDA:1,get_SubSettings()
FNDA:1,set_SubSettings(Demo1.SubSettings)
FNDA:1,.ctor()
FNF:9
FNH:3
BRF:0
BRH:0
DA:9,0
DA:12,0
DA:15,0
DA:17,1
LH:1
LF:4
end_of_record
SF:/home/runner/work/painting-projects-management/painting-projects-management/back/rbkApiModules/Demo1/Settings/MySettings2.cs
FN:9,get_Setting1()
FN:9,set_Setting1(string)
FN:12,get_Setting2()
FN:12,set_Setting2(int)
FN:15,get_Setting3()
FN:15,set_Setting3(bool)
FN:9,.ctor()
FNDA:1,get_Setting1()
FNDA:1,set_Setting1(string)
FNDA:1,get_Setting2()
FNDA:1,set_Setting2(int)
FNDA:1,get_Setting3()
FNDA:1,set_Setting3(bool)
FNDA:1,.ctor()
FNF:7
FNH:7
BRF:0
BRH:0
DA:9,1
DA:12,1
DA:15,1
LH:3
LF:3
end_of_record
SF:/home/runner/work/painting-projects-management/painting-projects-management/back/rbkApiModules/Demo1/Validators/PasswordPolicyValidator.cs
FN:8,.ctor(rbkApiModules.Commons.Core.ILocalizationService)
FN:15,Validate()
FNDA:1,.ctor(rbkApiModules.Commons.Core.ILocalizationService)
FNDA:1,Validate()
FNF:2
FNH:2
BRDA:15,15,204,1
BRDA:15,15,205,-
BRDA:19,19,206,1
BRDA:19,19,207,1
BRDA:24,24,208,1
BRDA:24,24,209,1
BRF:6
BRH:5
DA:8,1
DA:10,1
DA:11,1
DA:15,1
DA:17,1
DA:19,1
DA:21,1
DA:24,1
DA:26,1
DA:29,1
DA:30,1
LH:11
LF:11
end_of_record
SF:/home/runner/work/painting-projects-management/painting-projects-management/back/rbkApiModules/Demo1/Models/Plant.cs
FN:5,.ctor()
FN:10,.ctor(string, string, string)
FN:17,get_Name()
FN:17,set_Name(string)
FN:19,get_Desciption()
FN:19,set_Desciption(string)
FNDA:0,.ctor()
FNDA:1,.ctor(string, string, string)
FNDA:1,get_Name()
FNDA:1,set_Name(string)
FNDA:1,get_Desciption()
FNDA:1,set_Desciption(string)
FNF:6
FNH:5
BRF:0
BRH:0
DA:5,0
DA:8,0
DA:10,1
DA:12,1
DA:13,1
DA:14,1
DA:15,1
DA:17,1
DA:19,1
LH:7
LF:9
end_of_record
SF:/home/runner/work/painting-projects-management/painting-projects-management/back/rbkApiModules/Demo1/Database/Config/PostConfig.cs
FN:11,Configure(Microsoft.EntityFrameworkCore.Metadata.Builders.EntityTypeBuilder<Demo1.Models.Post>)
FNDA:1,Configure(Microsoft.EntityFrameworkCore.Metadata.Builders.EntityTypeBuilder<Demo1.Models.Post>)
FNF:1
FNH:1
BRF:0
BRH:0
DA:11,1
DA:12,1
DA:13,1
DA:14,1
DA:15,1
DA:16,1
DA:18,1
DA:19,1
DA:20,1
DA:21,1
DA:22,1
DA:23,1
DA:24,1
LH:13
LF:13
end_of_record
SF:/home/runner/work/painting-projects-management/painting-projects-management/back/rbkApiModules/Demo1/Program.cs
FN:16,Main(string[])
FNDA:1,Main(string[])
FNF:1
FNH:1
BRDA:20,20,210,1
BRDA:20,20,211,-
BRDA:53,53,212,1
BRDA:53,53,213,1
BRDA:69,69,214,1
BRDA:69,69,215,1
BRDA:73,73,216,1
BRDA:73,73,217,1
BRDA:84,84,218,1
BRDA:84,84,219,1
BRDA:103,103,220,1
BRDA:103,103,221,1
BRF:12
BRH:11
DA:16,1
DA:20,1
DA:22,1
DA:26,0
DA:29,1
DA:30,1
DA:31,1
DA:32,1
DA:33,1
DA:35,1
DA:36,1
DA:37,1
DA:38,1
DA:39,1
DA:40,1
DA:41,1
DA:42,1
DA:43,1
DA:44,1
DA:45,1
DA:46,1
DA:47,1
DA:49,1
DA:50,1
DA:51,1
DA:53,1
DA:54,1
DA:55,1
DA:56,1
DA:57,1
DA:59,1
DA:61,1
DA:63,1
DA:65,1
DA:67,1
DA:69,1
DA:70,1
DA:71,1
DA:73,1
DA:74,1
DA:75,1
DA:76,1
DA:77,1
DA:78,1
DA:79,1
DA:80,1
DA:81,1
DA:82,1
DA:84,1
DA:85,1
DA:86,1
DA:87,1
DA:88,1
DA:89,1
DA:91,1
DA:93,1
DA:95,1
DA:98,1
DA:99,1
DA:100,1
DA:102,1
DA:103,1
DA:104,1
DA:105,1
DA:106,1
DA:108,1
DA:109,1
LH:66
LF:67
end_of_record
SF:/home/runner/work/painting-projects-management/painting-projects-management/back/rbkApiModules/Demo1/Settings/MySettings1.cs
FN:23,get_NestedSetting1()
FN:23,set_NestedSetting1(string)
FN:26,get_NestedSetting2()
FN:26,set_NestedSetting2(string)
FN:23,.ctor()
FNDA:1,get_NestedSetting1()
FNDA:1,set_NestedSetting1(string)
FNDA:1,get_NestedSetting2()
FNDA:1,set_NestedSetting2(string)
FNDA:1,.ctor()
FNF:5
FNH:5
BRF:0
BRH:0
DA:23,1
DA:26,1
LH:2
LF:2
end_of_record
SF:/home/runner/work/painting-projects-management/painting-projects-management/back/rbkApiModules/Demo1/UseCases/Commands/CreatePost.cs
FN:11,MapEndpoint(Microsoft.AspNetCore.Routing.IEndpointRouteBuilder)
FN:22,get_Title()
FN:22,set_Title(string)
FN:23,get_Body()
FN:23,set_Body(string)
FN:24,get_AuthorId()
FN:24,set_AuthorId(System.Guid)
FN:25,get_BlogId()
FN:25,set_BlogId(System.Guid)
FN:26,get_UniqueInApplication()
FN:26,set_UniqueInApplication(string)
FN:27,get_UniqueInTenant()
FN:27,set_UniqueInTenant(string)
FN:22,.ctor()
FN:32,.ctor(Microsoft.EntityFrameworkCore.DbContext)
FN:77,.ctor(Microsoft.EntityFrameworkCore.DbContext)
FN:81,HandleAsync()
FN:13,<MapEndpoint()
FN:72,<-ctor()
FN:39,<-ctor()
FN:50,<-ctor()
FN:56,<-ctor()
FN:64,<-ctor()
FNDA:1,MapEndpoint(Microsoft.AspNetCore.Routing.IEndpointRouteBuilder)
FNDA:0,get_Title()
FNDA:0,set_Title(string)
FNDA:0,get_Body()
FNDA:0,set_Body(string)
FNDA:0,get_AuthorId()
FNDA:0,set_AuthorId(System.Guid)
FNDA:0,get_BlogId()
FNDA:0,set_BlogId(System.Guid)
FNDA:0,get_UniqueInApplication()
FNDA:0,set_UniqueInApplication(string)
FNDA:0,get_UniqueInTenant()
FNDA:0,set_UniqueInTenant(string)
FNDA:0,.ctor()
FNDA:0,.ctor(Microsoft.EntityFrameworkCore.DbContext)
FNDA:0,.ctor(Microsoft.EntityFrameworkCore.DbContext)
FNDA:0,HandleAsync()
FNDA:0,<MapEndpoint()
FNDA:0,<-ctor()
FNDA:0,<-ctor()
FNDA:0,<-ctor()
FNDA:0,<-ctor()
FNDA:0,<-ctor()
FNF:23
FNH:1
BRDA:11,11,222,1
BRDA:11,11,223,1
BRF:2
BRH:2
DA:11,1
DA:12,1
DA:13,0
DA:14,0
DA:15,0
DA:16,1
DA:17,1
DA:18,1
DA:22,0
DA:23,0
DA:24,0
DA:25,0
DA:26,0
DA:27,0
DA:32,0
DA:34,0
DA:35,0
DA:36,0
DA:37,0
DA:38,0
DA:39,0
DA:40,0
DA:42,0
DA:43,0
DA:44,0
DA:45,0
DA:47,0
DA:48,0
DA:49,0
DA:50,0
DA:51,0
DA:53,0
DA:54,0
DA:55,0
DA:56,0
DA:57,0
DA:59,0
DA:60,0
DA:61,0
DA:62,0
DA:63,0
DA:64,0
DA:65,0
DA:67,0
DA:68,0
DA:69,0
DA:70,0
DA:71,0
DA:72,0
DA:73,0
DA:74,0
DA:77,0
DA:81,0
DA:82,0
DA:84,0
DA:85,0
DA:87,0
DA:88,0
DA:89,0
DA:90,0
DA:91,0
DA:92,0
DA:93,0
DA:94,0
DA:95,0
DA:97,0
DA:98,0
DA:100,0
DA:101,0
LH:5
LF:69
end_of_record
SF:/home/runner/work/painting-projects-management/painting-projects-management/back/rbkApiModules/Demo1/UseCases/Commands/CreatePost.cs
FN:77,.ctor(Microsoft.EntityFrameworkCore.DbContext)
FN:81,HandleAsync()
FNDA:0,.ctor(Microsoft.EntityFrameworkCore.DbContext)
FNDA:0,HandleAsync()
FNF:2
FNH:0
BRF:0
BRH:0
DA:77,0
DA:81,0
DA:82,0
DA:84,0
DA:85,0
DA:87,0
DA:88,0
DA:89,0
DA:90,0
DA:91,0
DA:92,0
DA:93,0
DA:94,0
DA:95,0
DA:97,0
DA:98,0
DA:100,0
DA:101,0
LH:0
LF:18
end_of_record
SF:/home/runner/work/painting-projects-management/painting-projects-management/back/rbkApiModules/Demo1/UseCases/Commands/CreatePost.cs
FN:22,get_Title()
FN:22,set_Title(string)
FN:23,get_Body()
FN:23,set_Body(string)
FN:24,get_AuthorId()
FN:24,set_AuthorId(System.Guid)
FN:25,get_BlogId()
FN:25,set_BlogId(System.Guid)
FN:26,get_UniqueInApplication()
FN:26,set_UniqueInApplication(string)
FN:27,get_UniqueInTenant()
FN:27,set_UniqueInTenant(string)
FN:22,.ctor()
FNDA:0,get_Title()
FNDA:0,set_Title(string)
FNDA:0,get_Body()
FNDA:0,set_Body(string)
FNDA:0,get_AuthorId()
FNDA:0,set_AuthorId(System.Guid)
FNDA:0,get_BlogId()
FNDA:0,set_BlogId(System.Guid)
FNDA:0,get_UniqueInApplication()
FNDA:0,set_UniqueInApplication(string)
FNDA:0,get_UniqueInTenant()
FNDA:0,set_UniqueInTenant(string)
FNDA:0,.ctor()
FNF:13
FNH:0
BRF:0
BRH:0
DA:22,0
DA:23,0
DA:24,0
DA:25,0
DA:26,0
DA:27,0
LH:0
LF:6
end_of_record
SF:/home/runner/work/painting-projects-management/painting-projects-management/back/rbkApiModules/Demo1/UseCases/Commands/CreatePost.cs
FN:32,.ctor(Microsoft.EntityFrameworkCore.DbContext)
FN:72,<-ctor()
FN:39,<-ctor()
FN:50,<-ctor()
FN:56,<-ctor()
FN:64,<-ctor()
FNDA:0,.ctor(Microsoft.EntityFrameworkCore.DbContext)
FNDA:0,<-ctor()
FNDA:0,<-ctor()
FNDA:0,<-ctor()
FNDA:0,<-ctor()
FNDA:0,<-ctor()
FNF:6
FNH:0
BRF:0
BRH:0
DA:32,0
DA:34,0
DA:35,0
DA:36,0
DA:37,0
DA:38,0
DA:39,0
DA:40,0
DA:42,0
DA:43,0
DA:44,0
DA:45,0
DA:47,0
DA:48,0
DA:49,0
DA:50,0
DA:51,0
DA:53,0
DA:54,0
DA:55,0
DA:56,0
DA:57,0
DA:59,0
DA:60,0
DA:61,0
DA:62,0
DA:63,0
DA:64,0
DA:65,0
DA:67,0
DA:68,0
DA:69,0
DA:70,0
DA:71,0
DA:72,0
DA:73,0
DA:74,0
LH:0
LF:37
end_of_record
SF:/home/runner/work/painting-projects-management/painting-projects-management/back/rbkApiModules/Demo1/UseCases/Queries/GetSettings.cs
FN:10,MapEndpoint(Microsoft.AspNetCore.Routing.IEndpointRouteBuilder)
FN:27,.ctor(rbkApiModules.Commons.Core.Features.ApplicationOptions.IApplicationOptionsManager)
FN:34,HandleAsync()
FN:12,<MapEndpoint()
FNDA:1,MapEndpoint(Microsoft.AspNetCore.Routing.IEndpointRouteBuilder)
FNDA:0,.ctor(rbkApiModules.Commons.Core.Features.ApplicationOptions.IApplicationOptionsManager)
FNDA:0,HandleAsync()
FNDA:0,<MapEndpoint()
FNF:4
FNH:1
BRDA:10,10,224,1
BRDA:10,10,225,1
BRF:2
BRH:2
DA:10,1
DA:11,1
DA:12,0
DA:13,0
DA:14,0
DA:15,1
DA:16,1
DA:17,1
DA:27,0
DA:29,0
DA:30,0
DA:34,0
DA:35,0
DA:37,0
DA:39,0
DA:40,0
DA:42,0
DA:43,0
LH:5
LF:18
end_of_record
SF:/home/runner/work/painting-projects-management/painting-projects-management/back/rbkApiModules/Demo1/UseCases/Queries/GetSettings.cs
FN:27,.ctor(rbkApiModules.Commons.Core.Features.ApplicationOptions.IApplicationOptionsManager)
FN:34,HandleAsync()
FNDA:0,.ctor(rbkApiModules.Commons.Core.Features.ApplicationOptions.IApplicationOptionsManager)
FNDA:0,HandleAsync()
FNF:2
FNH:0
BRF:0
BRH:0
DA:27,0
DA:29,0
DA:30,0
DA:34,0
DA:35,0
DA:37,0
DA:39,0
DA:40,0
DA:42,0
DA:43,0
LH:0
LF:10
end_of_record
SF:/home/runner/work/painting-projects-management/painting-projects-management/back/rbkApiModules/Demo1/UseCases/Commands/UpdatePost.cs
FN:11,MapEndpoint(Microsoft.AspNetCore.Routing.IEndpointRouteBuilder)
FN:22,get_Id()
FN:22,set_Id(System.Guid)
FN:23,get_Title()
FN:23,set_Title(string)
FN:24,get_Body()
FN:24,set_Body(string)
FN:25,get_UniqueInApplication()
FN:25,set_UniqueInApplication(string)
FN:26,get_UniqueInTenant()
FN:26,set_UniqueInTenant(string)
FN:23,.ctor()
FN:31,.ctor(Microsoft.EntityFrameworkCore.DbContext)
FN:70,.ctor(Microsoft.EntityFrameworkCore.DbContext)
FN:74,HandleAsync()
FN:13,<MapEndpoint()
FN:36,<-ctor()
FN:44,<-ctor()
FN:57,<-ctor()
FN:65,<-ctor()
FNDA:1,MapEndpoint(Microsoft.AspNetCore.Routing.IEndpointRouteBuilder)
FNDA:0,get_Id()
FNDA:0,set_Id(System.Guid)
FNDA:0,get_Title()
FNDA:0,set_Title(string)
FNDA:0,get_Body()
FNDA:0,set_Body(string)
FNDA:0,get_UniqueInApplication()
FNDA:0,set_UniqueInApplication(string)
FNDA:0,get_UniqueInTenant()
FNDA:0,set_UniqueInTenant(string)
FNDA:0,.ctor()
FNDA:0,.ctor(Microsoft.EntityFrameworkCore.DbContext)
FNDA:0,.ctor(Microsoft.EntityFrameworkCore.DbContext)
FNDA:0,HandleAsync()
FNDA:0,<MapEndpoint()
FNDA:0,<-ctor()
FNDA:0,<-ctor()
FNDA:0,<-ctor()
FNDA:0,<-ctor()
FNF:20
FNH:1
BRDA:11,11,226,1
BRDA:11,11,227,1
BRF:2
BRH:2
DA:11,1
DA:12,1
DA:13,0
DA:14,0
DA:15,0
DA:16,1
DA:17,1
DA:18,1
DA:22,0
DA:23,0
DA:24,0
DA:25,0
DA:26,0
DA:31,0
DA:33,0
DA:34,0
DA:35,0
DA:36,0
DA:37,0
DA:39,0
DA:40,0
DA:41,0
DA:42,0
DA:43,0
DA:44,0
DA:45,0
DA:47,0
DA:48,0
DA:49,0
DA:50,0
DA:52,0
DA:53,0
DA:54,0
DA:55,0
DA:56,0
DA:57,0
DA:58,0
DA:60,0
DA:61,0
DA:62,0
DA:63,0
DA:64,0
DA:65,0
DA:66,0
DA:67,0
DA:70,0
DA:74,0
DA:75,0
DA:77,0
DA:78,0
DA:79,0
DA:80,0
DA:81,0
DA:82,0
DA:84,0
DA:86,0
DA:87,0
LH:5
LF:57
end_of_record
SF:/home/runner/work/painting-projects-management/painting-projects-management/back/rbkApiModules/Demo1/UseCases/Commands/UpdatePost.cs
FN:70,.ctor(Microsoft.EntityFrameworkCore.DbContext)
FN:74,HandleAsync()
FNDA:0,.ctor(Microsoft.EntityFrameworkCore.DbContext)
FNDA:0,HandleAsync()
FNF:2
FNH:0
BRF:0
BRH:0
DA:70,0
DA:74,0
DA:75,0
DA:77,0
DA:78,0
DA:79,0
DA:80,0
DA:81,0
DA:82,0
DA:84,0
DA:86,0
DA:87,0
LH:0
LF:12
end_of_record
SF:/home/runner/work/painting-projects-management/painting-projects-management/back/rbkApiModules/Demo1/UseCases/Commands/UpdatePost.cs
FN:22,get_Id()
FN:22,set_Id(System.Guid)
FN:23,get_Title()
FN:23,set_Title(string)
FN:24,get_Body()
FN:24,set_Body(string)
FN:25,get_UniqueInApplication()
FN:25,set_UniqueInApplication(string)
FN:26,get_UniqueInTenant()
FN:26,set_UniqueInTenant(string)
FN:23,.ctor()
FNDA:0,get_Id()
FNDA:0,set_Id(System.Guid)
FNDA:0,get_Title()
FNDA:0,set_Title(string)
FNDA:0,get_Body()
FNDA:0,set_Body(string)
FNDA:0,get_UniqueInApplication()
FNDA:0,set_UniqueInApplication(string)
FNDA:0,get_UniqueInTenant()
FNDA:0,set_UniqueInTenant(string)
FNDA:0,.ctor()
FNF:11
FNH:0
BRF:0
BRH:0
DA:22,0
DA:23,0
DA:24,0
DA:25,0
DA:26,0
LH:0
LF:5
end_of_record
SF:/home/runner/work/painting-projects-management/painting-projects-management/back/rbkApiModules/Demo1/UseCases/Commands/UpdatePost.cs
FN:31,.ctor(Microsoft.EntityFrameworkCore.DbContext)
FN:36,<-ctor()
FN:44,<-ctor()
FN:57,<-ctor()
FN:65,<-ctor()
FNDA:0,.ctor(Microsoft.EntityFrameworkCore.DbContext)
FNDA:0,<-ctor()
FNDA:0,<-ctor()
FNDA:0,<-ctor()
FNDA:0,<-ctor()
FNF:5
FNH:0
BRF:0
BRH:0
DA:31,0
DA:33,0
DA:34,0
DA:35,0
DA:36,0
DA:37,0
DA:39,0
DA:40,0
DA:41,0
DA:42,0
DA:43,0
DA:44,0
DA:45,0
DA:47,0
DA:48,0
DA:49,0
DA:50,0
DA:52,0
DA:53,0
DA:54,0
DA:55,0
DA:56,0
DA:57,0
DA:58,0
DA:60,0
DA:61,0
DA:62,0
DA:63,0
DA:64,0
DA:65,0
DA:66,0
DA:67,0
LH:0
LF:32
end_of_record
SF:/home/runner/work/painting-projects-management/painting-projects-management/back/PaintingProjectsManagement.Api/Services/OpenApiExtensions.cs
FN:11,CustomSchemaIds(Microsoft.AspNetCore.OpenApi.OpenApiOptions, System.Func<System.Type, string>, bool)
FNDA:0,CustomSchemaIds(Microsoft.AspNetCore.OpenApi.OpenApiOptions, System.Func<System.Type, string>, bool)
FNF:1
FNH:0
BRDA:14,14,228,-
BRDA:14,14,229,-
BRDA:14,14,230,-
BRDA:14,14,231,-
BRDA:14,14,232,-
BRDA:14,14,233,-
BRDA:14,14,234,-
BRDA:14,14,235,-
BRDA:23,23,236,-
BRDA:23,23,237,-
BRDA:23,23,238,-
BRDA:23,23,239,-
BRF:12
BRH:0
DA:11,0
DA:12,0
DA:13,0
DA:14,0
DA:15,0
DA:16,0
DA:17,0
DA:18,0
DA:19,0
DA:20,0
DA:21,0
DA:22,0
DA:23,0
DA:24,0
DA:25,0
DA:26,0
DA:27,0
DA:28,0
DA:29,0
DA:30,0
DA:31,0
DA:32,0
DA:33,0
DA:34,0
DA:35,0
DA:36,0
DA:37,0
DA:38,0
DA:39,0
DA:40,0
LH:0
LF:30
end_of_record
SF:/home/runner/work/painting-projects-management/painting-projects-management/back/PaintingProjectsManagement.Api/Program.cs
FN:24,Main(string[])
FNDA:4,Main(string[])
FNF:1
FNH:1
BRDA:30,30,240,4
BRDA:30,30,241,4
BRDA:66,66,242,4
BRDA:66,66,243,-
BRDA:81,81,244,4
BRDA:81,81,245,4
BRDA:103,103,246,4
BRDA:103,103,247,4
BRDA:105,105,248,4
BRDA:105,105,249,4
BRDA:121,121,250,4
BRDA:121,121,251,4
BRDA:139,139,252,4
BRDA:139,139,253,-
BRDA:160,160,254,4
BRDA:160,160,255,4
BRDA:199,199,256,4
BRDA:199,199,257,4
BRDA:212,212,258,4
BRDA:212,212,259,4
BRDA:230,230,260,4
BRDA:230,230,261,4
BRDA:234,234,262,4
BRDA:234,234,263,4
BRDA:245,245,264,4
BRDA:245,245,265,4
BRDA:263,263,266,4
BRDA:263,263,267,4
BRDA:267,267,268,4
BRDA:267,267,269,4
BRDA:33,33,270,4
BRDA:33,33,271,4
BRDA:46,46,272,4
BRDA:46,46,273,4
BRDA:82,82,274,4
BRDA:82,82,275,4
BRDA:110,110,276,4
BRDA:110,110,277,4
BRDA:115,115,278,4
BRDA:115,115,279,4
BRDA:126,126,280,4
BRDA:126,126,281,4
BRDA:131,131,282,4
BRDA:131,131,283,4
BRDA:181,181,284,4
BRDA:181,181,285,4
BRDA:218,218,286,-
BRDA:218,218,287,-
BRDA:218,218,288,-
BRDA:218,218,289,-
BRDA:149,149,290,4
BRDA:149,149,291,4
BRDA:153,153,292,4
BRDA:153,153,293,4
BRDA:156,156,294,4
BRDA:156,156,295,4
BRDA:156,156,296,4
BRDA:156,156,297,-
BRDA:177,177,298,4
BRDA:177,177,299,4
BRF:60
BRH:53
DA:24,4
DA:25,4
DA:28,4
DA:30,4
DA:31,4
DA:32,4
DA:33,4
DA:34,4
DA:35,4
DA:36,4
DA:37,4
DA:38,4
DA:39,4
DA:40,4
DA:41,4
DA:42,4
DA:43,4
DA:44,4
DA:45,4
DA:46,4
DA:47,4
DA:48,4
DA:49,4
DA:50,4
DA:51,4
DA:52,4
DA:53,4
DA:54,4
DA:55,4
DA:56,4
DA:57,4
DA:58,4
DA:59,4
DA:61,4
DA:63,4
DA:66,4
DA:68,0
DA:72,4
DA:73,4
DA:75,4
DA:76,4
DA:77,3
DA:78,4
DA:79,3
DA:81,4
DA:82,4
DA:84,4
DA:85,4
DA:86,4
DA:87,4
DA:88,4
DA:89,4
DA:90,4
DA:91,4
DA:92,4
DA:93,4
DA:94,4
DA:96,4
DA:97,4
DA:98,4
DA:99,4
DA:100,4
DA:103,4
DA:105,4
DA:106,4
DA:107,4
DA:108,4
DA:109,4
DA:110,4
DA:111,4
DA:112,4
DA:113,4
DA:114,4
DA:115,4
DA:116,4
DA:117,3
DA:118,4
DA:119,4
DA:121,4
DA:122,4
DA:123,4
DA:124,4
DA:125,4
DA:126,4
DA:127,4
DA:128,4
DA:129,4
DA:130,4
DA:131,4
DA:132,4
DA:133,2
DA:134,4
DA:135,4
DA:137,4
DA:139,4
DA:141,0
DA:144,4
DA:145,4
DA:146,4
DA:147,4
DA:148,4
DA:149,4
DA:150,4
DA:151,4
DA:152,4
DA:153,4
DA:154,4
DA:155,4
DA:156,4
DA:157,4
DA:158,4
DA:159,4
DA:160,4
DA:161,4
DA:162,4
DA:163,4
DA:164,4
DA:165,4
DA:166,4
DA:169,4
DA:170,4
DA:171,4
DA:172,4
DA:175,4
DA:177,4
DA:178,4
DA:179,4
DA:180,4
DA:181,4
DA:182,4
DA:183,4
DA:184,4
DA:185,4
DA:186,4
DA:187,4
DA:188,4
DA:189,4
DA:190,4
DA:191,4
DA:192,4
DA:193,4
DA:194,4
DA:195,4
DA:196,4
DA:197,4
DA:199,4
DA:200,4
DA:201,4
DA:202,4
DA:203,4
DA:205,4
DA:208,4
DA:209,4
DA:212,4
DA:213,4
DA:214,4
DA:215,4
DA:216,4
DA:217,4
DA:218,0
DA:219,0
DA:222,4
DA:224,4
DA:226,4
DA:228,4
DA:230,4
DA:231,4
DA:232,4
DA:234,4
DA:235,4
DA:236,4
DA:237,4
DA:238,4
DA:239,4
DA:240,4
DA:241,4
DA:242,4
DA:243,4
DA:245,4
DA:246,4
DA:247,4
DA:248,4
DA:249,4
DA:250,4
DA:252,4
DA:254,4
DA:256,4
DA:259,4
DA:262,4
DA:263,4
DA:264,4
DA:265,4
DA:266,4
DA:267,4
DA:268,4
DA:269,4
DA:270,4
DA:271,4
DA:273,4
DA:274,4
DA:275,4
DA:276,4
DA:278,4
DA:279,4
LH:200
LF:204
end_of_record
SF:/home/runner/work/painting-projects-management/painting-projects-management/back/PaintingProjectsManagement.Features.Authorization/ApplicationClaims.cs
FN:10,get_MANAGE_PAINTS()
FNDA:4,get_MANAGE_PAINTS()
FNF:1
FNH:1
BRF:0
BRH:0
DA:10,4
LH:1
LF:1
end_of_record
SF:/home/runner/work/painting-projects-management/painting-projects-management/back/PaintingProjectsManagement.Features.Authorization/ApplicationClaims.cs
FN:15,.ctor(string, string)
FN:20,get_Name()
FN:20,set_Name(string)
FN:21,get_Description()
FN:21,set_Description(string)
FNDA:4,.ctor(string, string)
FNDA:4,get_Name()
FNDA:4,set_Name(string)
FNDA:4,get_Description()
FNDA:4,set_Description(string)
FNF:5
FNH:5
BRF:0
BRH:0
DA:15,4
DA:17,4
DA:18,4
DA:19,4
DA:20,4
DA:21,4
LH:6
LF:6
end_of_record
SF:/home/runner/work/painting-projects-management/painting-projects-management/back/PaintingProjectsManagement.Features.Materials/UseCases/Builder.cs
FN:9,AddMaterialsFeature(Microsoft.Extensions.DependencyInjection.IServiceCollection)
FN:20,UseMaterialsFeature(Microsoft.AspNetCore.Routing.IEndpointRouteBuilder)
FNDA:4,AddMaterialsFeature(Microsoft.Extensions.DependencyInjection.IServiceCollection)
FNDA:4,UseMaterialsFeature(Microsoft.AspNetCore.Routing.IEndpointRouteBuilder)
FNF:2
FNH:2
BRF:0
BRH:0
DA:9,4
DA:10,4
DA:11,4
DA:12,4
DA:13,4
DA:15,4
DA:20,4
DA:21,4
DA:22,4
DA:23,4
DA:25,4
LH:11
LF:11
end_of_record
SF:/home/runner/work/painting-projects-management/painting-projects-management/back/PaintingProjectsManagement.Features.Materials/UseCases/Commands/CreateMaterial.cs
FN:7,MapEndpoint(Microsoft.AspNetCore.Routing.IEndpointRouteBuilder)
FN:21,get_Name()
FN:21,set_Name(string)
FN:22,get_PackageContentAmount()
FN:22,set_PackageContentAmount(double)
FN:23,get_PackageContentUnit()
FN:23,set_PackageContentUnit(int)
FN:24,get_PackagePriceAmount()
FN:24,set_PackagePriceAmount(double)
FN:25,get_PackagePriceCurrency()
FN:25,set_PackagePriceCurrency(string)
FN:21,.ctor()
FN:30,.ctor(Microsoft.EntityFrameworkCore.DbContext, rbkApiModules.Commons.Core.ILocalizationService)
FN:36,ValidateBusinessRules()
FN:73,.ctor(Microsoft.EntityFrameworkCore.DbContext)
FN:39,<ValidateBusinessRules()
FN:77,HandleAsync()
FN:9,<MapEndpoint()
FNDA:4,MapEndpoint(Microsoft.AspNetCore.Routing.IEndpointRouteBuilder)
FNDA:1,get_Name()
FNDA:1,set_Name(string)
FNDA:1,get_PackageContentAmount()
FNDA:1,set_PackageContentAmount(double)
FNDA:1,get_PackageContentUnit()
FNDA:1,set_PackageContentUnit(int)
FNDA:1,get_PackagePriceAmount()
FNDA:1,set_PackagePriceAmount(double)
FNDA:1,get_PackagePriceCurrency()
FNDA:1,set_PackagePriceCurrency(string)
FNDA:1,.ctor()
FNDA:1,.ctor(Microsoft.EntityFrameworkCore.DbContext, rbkApiModules.Commons.Core.ILocalizationService)
FNDA:1,ValidateBusinessRules()
FNDA:1,.ctor(Microsoft.EntityFrameworkCore.DbContext)
FNDA:1,<ValidateBusinessRules()
FNDA:1,HandleAsync()
FNDA:1,<MapEndpoint()
FNF:18
FNH:18
BRDA:7,7,300,4
BRDA:7,7,301,4
BRDA:36,36,302,1
BRDA:36,36,303,1
BRDA:36,36,304,-
BRDA:36,36,305,-
BRDA:47,47,306,1
BRDA:47,47,307,1
BRDA:59,59,308,1
BRDA:59,59,309,1
BRF:10
BRH:8
DA:7,4
DA:8,4
DA:9,1
DA:10,4
DA:11,1
DA:12,1
DA:13,4
DA:14,4
DA:15,4
DA:16,4
DA:17,4
DA:21,1
DA:22,1
DA:23,1
DA:24,1
DA:25,1
DA:30,1
DA:32,1
DA:36,1
DA:37,1
DA:38,1
DA:39,1
DA:40,1
DA:41,1
DA:43,1
DA:44,1
DA:45,1
DA:47,1
DA:48,1
DA:49,1
DA:50,1
DA:51,1
DA:52,1
DA:53,1
DA:55,1
DA:56,1
DA:57,1
DA:59,1
DA:60,1
DA:61,1
DA:62,1
DA:63,1
DA:64,1
DA:65,1
DA:66,1
DA:67,1
DA:68,1
DA:69,1
DA:70,1
DA:73,1
DA:77,1
DA:78,1
DA:79,1
DA:80,1
DA:81,1
DA:82,1
DA:84,1
DA:86,1
DA:88,1
DA:90,1
DA:91,1
LH:61
LF:61
end_of_record
SF:/home/runner/work/painting-projects-management/painting-projects-management/back/PaintingProjectsManagement.Features.Materials/UseCases/Commands/CreateMaterial.cs
FN:73,.ctor(Microsoft.EntityFrameworkCore.DbContext)
FN:77,HandleAsync()
FNDA:1,.ctor(Microsoft.EntityFrameworkCore.DbContext)
FNDA:1,HandleAsync()
FNF:2
FNH:2
BRF:0
BRH:0
DA:73,1
DA:77,1
DA:78,1
DA:79,1
DA:80,1
DA:81,1
DA:82,1
DA:84,1
DA:86,1
DA:88,1
DA:90,1
DA:91,1
LH:12
LF:12
end_of_record
SF:/home/runner/work/painting-projects-management/painting-projects-management/back/PaintingProjectsManagement.Features.Materials/UseCases/Commands/CreateMaterial.cs
FN:21,get_Name()
FN:21,set_Name(string)
FN:22,get_PackageContentAmount()
FN:22,set_PackageContentAmount(double)
FN:23,get_PackageContentUnit()
FN:23,set_PackageContentUnit(int)
FN:24,get_PackagePriceAmount()
FN:24,set_PackagePriceAmount(double)
FN:25,get_PackagePriceCurrency()
FN:25,set_PackagePriceCurrency(string)
FN:21,.ctor()
FNDA:1,get_Name()
FNDA:1,set_Name(string)
FNDA:1,get_PackageContentAmount()
FNDA:1,set_PackageContentAmount(double)
FNDA:1,get_PackageContentUnit()
FNDA:1,set_PackageContentUnit(int)
FNDA:1,get_PackagePriceAmount()
FNDA:1,set_PackagePriceAmount(double)
FNDA:1,get_PackagePriceCurrency()
FNDA:1,set_PackagePriceCurrency(string)
FNDA:1,.ctor()
FNF:11
FNH:11
BRF:0
BRH:0
DA:21,1
DA:22,1
DA:23,1
DA:24,1
DA:25,1
LH:5
LF:5
end_of_record
SF:/home/runner/work/painting-projects-management/painting-projects-management/back/PaintingProjectsManagement.Features.Materials/UseCases/Commands/CreateMaterial.cs
FN:30,.ctor(Microsoft.EntityFrameworkCore.DbContext, rbkApiModules.Commons.Core.ILocalizationService)
FN:36,ValidateBusinessRules()
FN:39,<ValidateBusinessRules()
FNDA:1,.ctor(Microsoft.EntityFrameworkCore.DbContext, rbkApiModules.Commons.Core.ILocalizationService)
FNDA:1,ValidateBusinessRules()
FNDA:1,<ValidateBusinessRules()
FNF:3
FNH:3
BRDA:36,36,310,1
BRDA:36,36,311,1
BRDA:36,36,312,-
BRDA:36,36,313,-
BRDA:47,47,314,1
BRDA:47,47,315,1
BRDA:59,59,316,1
BRDA:59,59,317,1
BRF:8
BRH:6
DA:30,1
DA:32,1
DA:36,1
DA:37,1
DA:38,1
DA:39,1
DA:40,1
DA:41,1
DA:43,1
DA:44,1
DA:45,1
DA:47,1
DA:48,1
DA:49,1
DA:50,1
DA:51,1
DA:52,1
DA:53,1
DA:55,1
DA:56,1
DA:57,1
DA:59,1
DA:60,1
DA:61,1
DA:62,1
DA:63,1
DA:64,1
DA:65,1
DA:66,1
DA:67,1
DA:68,1
DA:69,1
DA:70,1
LH:33
LF:33
end_of_record
SF:/home/runner/work/painting-projects-management/painting-projects-management/back/PaintingProjectsManagement.Features.Materials/UseCases/Commands/DeleteMaterial.cs
FN:7,MapEndpoint(Microsoft.AspNetCore.Routing.IEndpointRouteBuilder)
FN:21,get_Id()
FN:21,set_Id(System.Guid)
FN:26,.ctor(Microsoft.EntityFrameworkCore.DbContext, rbkApiModules.Commons.Core.ILocalizationService)
FN:33,ValidateBusinessRules()
FN:36,.ctor(Microsoft.EntityFrameworkCore.DbContext)
FN:41,HandleAsync()
FN:9,<MapEndpoint()
FNDA:4,MapEndpoint(Microsoft.AspNetCore.Routing.IEndpointRouteBuilder)
FNDA:1,get_Id()
FNDA:1,set_Id(System.Guid)
FNDA:1,.ctor(Microsoft.EntityFrameworkCore.DbContext, rbkApiModules.Commons.Core.ILocalizationService)
FNDA:1,ValidateBusinessRules()
FNDA:1,.ctor(Microsoft.EntityFrameworkCore.DbContext)
FNDA:1,HandleAsync()
FNDA:1,<MapEndpoint()
FNF:8
FNH:8
BRDA:7,7,318,4
BRDA:7,7,319,4
BRF:2
BRH:2
DA:7,4
DA:8,4
DA:9,1
DA:10,4
DA:11,1
DA:12,1
DA:13,4
DA:14,4
DA:15,4
DA:16,4
DA:17,4
DA:21,1
DA:26,1
DA:28,1
DA:33,1
DA:36,1
DA:41,1
DA:42,1
DA:43,1
DA:45,1
DA:47,1
DA:49,1
DA:51,1
DA:52,1
LH:24
LF:24
end_of_record
SF:/home/runner/work/painting-projects-management/painting-projects-management/back/PaintingProjectsManagement.Features.Materials/UseCases/Commands/DeleteMaterial.cs
FN:36,.ctor(Microsoft.EntityFrameworkCore.DbContext)
FN:41,HandleAsync()
FNDA:1,.ctor(Microsoft.EntityFrameworkCore.DbContext)
FNDA:1,HandleAsync()
FNF:2
FNH:2
BRF:0
BRH:0
DA:36,1
DA:41,1
DA:42,1
DA:43,1
DA:45,1
DA:47,1
DA:49,1
DA:51,1
DA:52,1
LH:9
LF:9
end_of_record
SF:/home/runner/work/painting-projects-management/painting-projects-management/back/PaintingProjectsManagement.Features.Materials/UseCases/Commands/DeleteMaterial.cs
FN:21,get_Id()
FN:21,set_Id(System.Guid)
FNDA:1,get_Id()
FNDA:1,set_Id(System.Guid)
FNF:2
FNH:2
BRF:0
BRH:0
DA:21,1
LH:1
LF:1
end_of_record
SF:/home/runner/work/painting-projects-management/painting-projects-management/back/PaintingProjectsManagement.Features.Materials/UseCases/Commands/DeleteMaterial.cs
FN:26,.ctor(Microsoft.EntityFrameworkCore.DbContext, rbkApiModules.Commons.Core.ILocalizationService)
FN:33,ValidateBusinessRules()
FNDA:1,.ctor(Microsoft.EntityFrameworkCore.DbContext, rbkApiModules.Commons.Core.ILocalizationService)
FNDA:1,ValidateBusinessRules()
FNF:2
FNH:2
BRF:0
BRH:0
DA:26,1
DA:28,1
DA:33,1
LH:3
LF:3
end_of_record
SF:/home/runner/work/painting-projects-management/painting-projects-management/back/PaintingProjectsManagement.Features.Materials/UseCases/Queries/ListMaterials.cs
FN:7,MapEndpoint(Microsoft.AspNetCore.Routing.IEndpointRouteBuilder)
FN:28,.ctor(Microsoft.EntityFrameworkCore.DbContext)
FN:33,HandleAsync()
FN:9,<MapEndpoint()
FNDA:4,MapEndpoint(Microsoft.AspNetCore.Routing.IEndpointRouteBuilder)
FNDA:1,.ctor(Microsoft.EntityFrameworkCore.DbContext)
FNDA:1,HandleAsync()
FNDA:1,<MapEndpoint()
FNF:4
FNH:4
BRDA:7,7,320,4
BRDA:7,7,321,4
BRDA:38,38,322,1
BRDA:38,38,323,1
BRF:4
BRH:4
DA:7,4
DA:8,4
DA:9,1
DA:10,4
DA:11,1
DA:12,1
DA:13,4
DA:14,4
DA:15,4
DA:16,4
DA:17,4
DA:28,1
DA:33,1
DA:34,1
DA:35,1
DA:36,1
DA:38,1
DA:40,1
DA:41,1
LH:19
LF:19
end_of_record
SF:/home/runner/work/painting-projects-management/painting-projects-management/back/PaintingProjectsManagement.Features.Materials/UseCases/Queries/ListMaterials.cs
FN:28,.ctor(Microsoft.EntityFrameworkCore.DbContext)
FN:33,HandleAsync()
FNDA:1,.ctor(Microsoft.EntityFrameworkCore.DbContext)
FNDA:1,HandleAsync()
FNF:2
FNH:2
BRDA:38,38,324,1
BRDA:38,38,325,1
BRF:2
BRH:2
DA:28,1
DA:33,1
DA:34,1
DA:35,1
DA:36,1
DA:38,1
DA:40,1
DA:41,1
LH:8
LF:8
end_of_record
SF:/home/runner/work/painting-projects-management/painting-projects-management/back/PaintingProjectsManagement.Features.Materials/Domain/Models/Material.cs
FN:5,.ctor()
FN:10,.ctor(string, string, PaintingProjectsManagement.Features.Materials.Quantity, PaintingProjectsManagement.Features.Materials.Money)
FN:26,get_Name()
FN:26,set_Name(string)
FN:28,get_PackageContent()
FN:28,set_PackageContent(PaintingProjectsManagement.Features.Materials.Quantity)
FN:30,get_PackagePrice()
FN:30,set_PackagePrice(PaintingProjectsManagement.Features.Materials.Money)
FN:32,get_UnitPriceAmount()
FN:34,get_UnitPriceUnit()
FN:38,UpdateDetails(string, PaintingProjectsManagement.Features.Materials.Quantity, PaintingProjectsManagement.Features.Materials.Money)
FN:68,Delete()
FNDA:1,.ctor()
FNDA:2,.ctor(string, string, PaintingProjectsManagement.Features.Materials.Quantity, PaintingProjectsManagement.Features.Materials.Money)
FNDA:2,get_Name()
FNDA:2,set_Name(string)
FNDA:2,get_PackageContent()
FNDA:2,set_PackageContent(PaintingProjectsManagement.Features.Materials.Quantity)
FNDA:2,get_PackagePrice()
FNDA:2,set_PackagePrice(PaintingProjectsManagement.Features.Materials.Money)
FNDA:1,get_UnitPriceAmount()
FNDA:1,get_UnitPriceUnit()
FNDA:1,UpdateDetails(string, PaintingProjectsManagement.Features.Materials.Quantity, PaintingProjectsManagement.Features.Materials.Money)
FNDA:1,Delete()
FNF:12
FNH:12
BRDA:50,50,326,1
BRDA:50,50,327,1
BRDA:55,55,328,1
BRDA:55,55,329,1
BRDA:60,60,330,1
BRDA:60,60,331,1
BRF:6
BRH:6
DA:5,1
DA:8,1
DA:10,2
DA:12,2
DA:13,2
DA:14,2
DA:15,2
DA:17,2
DA:18,2
DA:19,2
DA:20,2
DA:21,2
DA:23,2
DA:24,2
DA:26,2
DA:28,2
DA:30,2
DA:32,1
DA:34,1
DA:38,1
DA:39,1
DA:40,1
DA:42,1
DA:43,1
DA:44,1
DA:46,1
DA:47,1
DA:48,1
DA:50,1
DA:52,1
DA:55,1
DA:57,1
DA:60,1
DA:62,1
DA:64,1
DA:68,1
DA:69,1
LH:37
LF:37
end_of_record
SF:/home/runner/work/painting-projects-management/painting-projects-management/back/PaintingProjectsManagement.Features.Materials/Database/MaterialConfig.cs
FN:9,Configure(Microsoft.EntityFrameworkCore.Metadata.Builders.EntityTypeBuilder<PaintingProjectsManagement.Features.Materials.Material>)
FNDA:4,Configure(Microsoft.EntityFrameworkCore.Metadata.Builders.EntityTypeBuilder<PaintingProjectsManagement.Features.Materials.Material>)
FNF:1
FNH:1
BRDA:17,17,332,4
BRDA:17,17,333,4
BRDA:27,27,334,4
BRDA:27,27,335,4
BRF:4
BRH:4
DA:9,4
DA:11,4
DA:13,4
DA:14,4
DA:15,4
DA:17,4
DA:18,4
DA:19,4
DA:20,4
DA:21,4
DA:22,4
DA:23,4
DA:24,4
DA:25,4
DA:27,4
DA:28,4
DA:29,4
DA:30,4
DA:31,4
DA:32,4
DA:33,4
DA:34,4
DA:35,4
DA:36,4
DA:39,4
DA:40,4
DA:41,4
DA:42,4
LH:28
LF:28
end_of_record
SF:/home/runner/work/painting-projects-management/painting-projects-management/back/PaintingProjectsManagement.Features.Materials/Domain/Events/MaterialEvents.cs
FN:5,.ctor(System.Guid, string, PaintingProjectsManagement.Features.Materials.Quantity, PaintingProjectsManagement.Features.Materials.Money)
FN:6,get_MaterialId()
FN:6,set_MaterialId(System.Guid)
FN:7,get_Name()
FN:7,set_Name(string)
FN:8,get_PackageContent()
FN:8,set_PackageContent(PaintingProjectsManagement.Features.Materials.Quantity)
FN:9,get_PackagePrice()
FN:9,set_PackagePrice(PaintingProjectsManagement.Features.Materials.Money)
FN:5,.ctor(PaintingProjectsManagement.Features.Materials.MaterialCreated)
FNDA:2,.ctor(System.Guid, string, PaintingProjectsManagement.Features.Materials.Quantity, PaintingProjectsManagement.Features.Materials.Money)
FNDA:2,get_MaterialId()
FNDA:2,set_MaterialId(System.Guid)
FNDA:2,get_Name()
FNDA:2,set_Name(string)
FNDA:2,get_PackageContent()
FNDA:2,set_PackageContent(PaintingProjectsManagement.Features.Materials.Quantity)
FNDA:2,get_PackagePrice()
FNDA:2,set_PackagePrice(PaintingProjectsManagement.Features.Materials.Money)
FNDA:2,.ctor(PaintingProjectsManagement.Features.Materials.MaterialCreated)
FNF:10
FNH:10
BRF:0
BRH:0
DA:5,2
DA:6,2
DA:7,2
DA:8,2
DA:9,2
DA:10,2
LH:6
LF:6
end_of_record
SF:/home/runner/work/painting-projects-management/painting-projects-management/back/PaintingProjectsManagement.Features.Materials/Integrations/Handlers/MaterialCreatedHandler.cs
FN:10,.ctor(rbkApiModules.Commons.Core.IIntegrationOutbox)
FN:17,HandleAsync()
FNDA:1,.ctor(rbkApiModules.Commons.Core.IIntegrationOutbox)
FNDA:1,HandleAsync()
FNF:2
FNH:2
BRDA:18,18,336,1
BRDA:18,18,337,-
BRDA:19,19,338,1
BRDA:19,19,339,-
BRF:4
BRH:2
DA:10,1
DA:12,1
DA:13,1
DA:17,1
DA:18,1
DA:19,1
DA:21,1
DA:23,1
DA:24,1
DA:25,1
DA:26,1
DA:27,1
DA:28,1
DA:29,1
DA:30,1
DA:32,1
DA:33,1
DA:34,1
DA:35,1
DA:36,1
DA:37,1
DA:38,1
DA:40,1
DA:41,1
LH:24
LF:24
end_of_record
SF:/home/runner/work/painting-projects-management/painting-projects-management/back/PaintingProjectsManagement.Features.Materials/Domain/Events/MaterialEvents.cs
FN:14,.ctor(System.Guid)
FN:15,get_MaterialId()
FN:15,set_MaterialId(System.Guid)
FN:14,.ctor(PaintingProjectsManagement.Features.Materials.MaterialDeleted)
FNDA:1,.ctor(System.Guid)
FNDA:1,get_MaterialId()
FNDA:1,set_MaterialId(System.Guid)
FNDA:1,.ctor(PaintingProjectsManagement.Features.Materials.MaterialDeleted)
FNF:4
FNH:4
BRF:0
BRH:0
DA:14,1
DA:15,1
DA:16,1
LH:3
LF:3
end_of_record
SF:/home/runner/work/painting-projects-management/painting-projects-management/back/PaintingProjectsManagement.Features.Materials/Integrations/Handlers/MaterialDeletedHandler.cs
FN:9,.ctor(rbkApiModules.Commons.Core.IIntegrationOutbox)
FN:16,HandleAsync()
FNDA:1,.ctor(rbkApiModules.Commons.Core.IIntegrationOutbox)
FNDA:1,HandleAsync()
FNF:2
FNH:2
BRF:0
BRH:0
DA:9,1
DA:11,1
DA:12,1
DA:16,1
DA:18,1
DA:19,1
DA:20,1
DA:21,1
DA:22,1
DA:23,1
DA:24,1
DA:26,1
DA:27,1
LH:13
LF:13
end_of_record
SF:/home/runner/work/painting-projects-management/painting-projects-management/back/PaintingProjectsManagement.Features.Materials/UseCases/DataTransfer/MaterialDetails.cs
FN:4,get_Id()
FN:4,set_Id(System.Guid)
FN:5,get_Name()
FN:5,set_Name(string)
FN:6,get_PackagePrice()
FN:6,set_PackagePrice(PaintingProjectsManagement.Features.Materials.MoneyDetails)
FN:7,get_PackageContent()
FN:7,set_PackageContent(PaintingProjectsManagement.Features.Materials.QuantityDetails)
FN:11,FromModel(PaintingProjectsManagement.Features.Materials.Material)
FN:5,.ctor()
FNDA:1,get_Id()
FNDA:1,set_Id(System.Guid)
FNDA:1,get_Name()
FNDA:1,set_Name(string)
FNDA:1,get_PackagePrice()
FNDA:1,set_PackagePrice(PaintingProjectsManagement.Features.Materials.MoneyDetails)
FNDA:1,get_PackageContent()
FNDA:1,set_PackageContent(PaintingProjectsManagement.Features.Materials.QuantityDetails)
FNDA:1,FromModel(PaintingProjectsManagement.Features.Materials.Material)
FNDA:1,.ctor()
FNF:10
FNH:10
BRF:0
BRH:0
DA:4,1
DA:5,1
DA:6,1
DA:7,1
DA:11,1
DA:12,1
DA:13,1
DA:14,1
DA:15,1
DA:16,1
DA:17,1
DA:18,1
DA:19,1
DA:20,1
DA:21,1
DA:22,1
DA:23,1
DA:24,1
DA:25,1
LH:19
LF:19
end_of_record
SF:/home/runner/work/painting-projects-management/painting-projects-management/back/PaintingProjectsManagement.Features.Materials/Domain/Events/MaterialEvents.cs
FN:36,.ctor(System.Guid, string)
FN:37,get_MaterialId()
FN:37,set_MaterialId(System.Guid)
FN:38,get_newName()
FN:38,set_newName(string)
FN:36,.ctor(PaintingProjectsManagement.Features.Materials.MaterialNameChanged)
FNDA:1,.ctor(System.Guid, string)
FNDA:1,get_MaterialId()
FNDA:1,set_MaterialId(System.Guid)
FNDA:1,get_newName()
FNDA:1,set_newName(string)
FNDA:1,.ctor(PaintingProjectsManagement.Features.Materials.MaterialNameChanged)
FNF:6
FNH:6
BRF:0
BRH:0
DA:36,1
DA:37,1
DA:38,1
DA:39,1
LH:4
LF:4
end_of_record
SF:/home/runner/work/painting-projects-management/painting-projects-management/back/PaintingProjectsManagement.Features.Materials/Domain/Events/MaterialEvents.cs
FN:20,.ctor(System.Guid, PaintingProjectsManagement.Features.Materials.Quantity, PaintingProjectsManagement.Features.Materials.Quantity)
FN:21,get_MaterialId()
FN:21,set_MaterialId(System.Guid)
FN:22,get_OldContent()
FN:22,set_OldContent(PaintingProjectsManagement.Features.Materials.Quantity)
FN:23,get_NewContent()
FN:23,set_NewContent(PaintingProjectsManagement.Features.Materials.Quantity)
FN:20,.ctor(PaintingProjectsManagement.Features.Materials.MaterialPackageContentChanged)
FNDA:1,.ctor(System.Guid, PaintingProjectsManagement.Features.Materials.Quantity, PaintingProjectsManagement.Features.Materials.Quantity)
FNDA:1,get_MaterialId()
FNDA:1,set_MaterialId(System.Guid)
FNDA:1,get_OldContent()
FNDA:1,set_OldContent(PaintingProjectsManagement.Features.Materials.Quantity)
FNDA:1,get_NewContent()
FNDA:1,set_NewContent(PaintingProjectsManagement.Features.Materials.Quantity)
FNDA:1,.ctor(PaintingProjectsManagement.Features.Materials.MaterialPackageContentChanged)
FNF:8
FNH:8
BRF:0
BRH:0
DA:20,1
DA:21,1
DA:22,1
DA:23,1
DA:24,1
LH:5
LF:5
end_of_record
SF:/home/runner/work/painting-projects-management/painting-projects-management/back/PaintingProjectsManagement.Features.Materials/Domain/Events/MaterialEvents.cs
FN:28,.ctor(System.Guid, PaintingProjectsManagement.Features.Materials.Money, PaintingProjectsManagement.Features.Materials.Money)
FN:29,get_MaterialId()
FN:29,set_MaterialId(System.Guid)
FN:30,get_OldPrice()
FN:30,set_OldPrice(PaintingProjectsManagement.Features.Materials.Money)
FN:31,get_NewPrice()
FN:31,set_NewPrice(PaintingProjectsManagement.Features.Materials.Money)
FN:28,.ctor(PaintingProjectsManagement.Features.Materials.MaterialPackagePriceChanged)
FNDA:1,.ctor(System.Guid, PaintingProjectsManagement.Features.Materials.Money, PaintingProjectsManagement.Features.Materials.Money)
FNDA:1,get_MaterialId()
FNDA:1,set_MaterialId(System.Guid)
FNDA:1,get_OldPrice()
FNDA:1,set_OldPrice(PaintingProjectsManagement.Features.Materials.Money)
FNDA:1,get_NewPrice()
FNDA:1,set_NewPrice(PaintingProjectsManagement.Features.Materials.Money)
FNDA:1,.ctor(PaintingProjectsManagement.Features.Materials.MaterialPackagePriceChanged)
FNF:8
FNH:8
BRF:0
BRH:0
DA:28,1
DA:29,1
DA:30,1
DA:31,1
DA:32,1
LH:5
LF:5
end_of_record
SF:/home/runner/work/painting-projects-management/painting-projects-management/back/PaintingProjectsManagement.Features.Materials/Integrations/Handlers/MaterialUpdatedHandler.cs
FN:16,.ctor(Microsoft.Extensions.DependencyInjection.IServiceScopeFactory, Microsoft.Extensions.Options.IOptions<rbkApiModules.Commons.Core.DomainEventDispatcherOptions>, rbkApiModules.Commons.Core.IIntegrationOutbox)
FN:24,HandleAsync(rbkApiModules.Commons.Core.EventEnvelope<PaintingProjectsManagement.Features.Materials.MaterialPackageContentChanged>, System.Threading.CancellationToken)
FN:27,HandleAsync(rbkApiModules.Commons.Core.EventEnvelope<PaintingProjectsManagement.Features.Materials.MaterialPackagePriceChanged>, System.Threading.CancellationToken)
FN:30,HandleAsync(rbkApiModules.Commons.Core.EventEnvelope<PaintingProjectsManagement.Features.Materials.MaterialNameChanged>, System.Threading.CancellationToken)
FN:34,PublishUpdated()
FNDA:1,.ctor(Microsoft.Extensions.DependencyInjection.IServiceScopeFactory, Microsoft.Extensions.Options.IOptions<rbkApiModules.Commons.Core.DomainEventDispatcherOptions>, rbkApiModules.Commons.Core.IIntegrationOutbox)
FNDA:1,HandleAsync(rbkApiModules.Commons.Core.EventEnvelope<PaintingProjectsManagement.Features.Materials.MaterialPackageContentChanged>, System.Threading.CancellationToken)
FNDA:1,HandleAsync(rbkApiModules.Commons.Core.EventEnvelope<PaintingProjectsManagement.Features.Materials.MaterialPackagePriceChanged>, System.Threading.CancellationToken)
FNDA:1,HandleAsync(rbkApiModules.Commons.Core.EventEnvelope<PaintingProjectsManagement.Features.Materials.MaterialNameChanged>, System.Threading.CancellationToken)
FNDA:1,PublishUpdated()
FNF:5
FNH:5
BRDA:40,40,340,1
BRDA:40,40,341,1
BRDA:40,40,342,1
BRDA:40,40,343,1
BRDA:40,40,344,1
BRDA:40,40,345,-
BRDA:52,52,346,1
BRDA:52,52,347,-
BRF:8
BRH:6
DA:16,1
DA:18,1
DA:19,1
DA:20,1
DA:21,1
DA:24,1
DA:27,1
DA:30,1
DA:34,1
DA:36,1
DA:38,1
DA:40,1
DA:41,1
DA:42,1
DA:43,1
DA:44,1
DA:45,0
DA:46,1
DA:48,1
DA:49,1
DA:50,1
DA:52,1
DA:54,0
DA:57,1
DA:58,1
DA:59,1
DA:60,1
DA:61,1
DA:62,1
DA:63,1
DA:64,1
DA:66,1
DA:67,1
DA:68,1
DA:69,1
DA:70,1
DA:71,1
DA:72,1
DA:74,1
DA:75,1
LH:38
LF:40
end_of_record
SF:/home/runner/work/painting-projects-management/painting-projects-management/back/PaintingProjectsManagement.Features.Materials/Integrations/Handlers/MaterialUpdatedHandler.cs
FN:16,.ctor(Microsoft.Extensions.DependencyInjection.IServiceScopeFactory, Microsoft.Extensions.Options.IOptions<rbkApiModules.Commons.Core.DomainEventDispatcherOptions>, rbkApiModules.Commons.Core.IIntegrationOutbox)
FN:24,HandleAsync(rbkApiModules.Commons.Core.EventEnvelope<PaintingProjectsManagement.Features.Materials.MaterialPackageContentChanged>, System.Threading.CancellationToken)
FN:27,HandleAsync(rbkApiModules.Commons.Core.EventEnvelope<PaintingProjectsManagement.Features.Materials.MaterialPackagePriceChanged>, System.Threading.CancellationToken)
FN:30,HandleAsync(rbkApiModules.Commons.Core.EventEnvelope<PaintingProjectsManagement.Features.Materials.MaterialNameChanged>, System.Threading.CancellationToken)
FN:34,PublishUpdated()
FNDA:1,.ctor(Microsoft.Extensions.DependencyInjection.IServiceScopeFactory, Microsoft.Extensions.Options.IOptions<rbkApiModules.Commons.Core.DomainEventDispatcherOptions>, rbkApiModules.Commons.Core.IIntegrationOutbox)
FNDA:1,HandleAsync(rbkApiModules.Commons.Core.EventEnvelope<PaintingProjectsManagement.Features.Materials.MaterialPackageContentChanged>, System.Threading.CancellationToken)
FNDA:1,HandleAsync(rbkApiModules.Commons.Core.EventEnvelope<PaintingProjectsManagement.Features.Materials.MaterialPackagePriceChanged>, System.Threading.CancellationToken)
FNDA:1,HandleAsync(rbkApiModules.Commons.Core.EventEnvelope<PaintingProjectsManagement.Features.Materials.MaterialNameChanged>, System.Threading.CancellationToken)
FNDA:1,PublishUpdated()
FNF:5
FNH:5
BRDA:40,40,348,1
BRDA:40,40,349,1
BRDA:40,40,350,1
BRDA:40,40,351,1
BRDA:40,40,352,1
BRDA:40,40,353,-
BRDA:52,52,354,1
BRDA:52,52,355,-
BRF:8
BRH:6
DA:16,1
DA:18,1
DA:19,1
DA:20,1
DA:21,1
DA:24,1
DA:27,1
DA:30,1
DA:34,1
DA:36,1
DA:38,1
DA:40,1
DA:41,1
DA:42,1
DA:43,1
DA:44,1
DA:45,0
DA:46,1
DA:48,1
DA:49,1
DA:50,1
DA:52,1
DA:54,0
DA:57,1
DA:58,1
DA:59,1
DA:60,1
DA:61,1
DA:62,1
DA:63,1
DA:64,1
DA:66,1
DA:67,1
DA:68,1
DA:69,1
DA:70,1
DA:71,1
DA:72,1
DA:74,1
DA:75,1
LH:38
LF:40
end_of_record
SF:/home/runner/work/painting-projects-management/painting-projects-management/back/PaintingProjectsManagement.Features.Materials/Domain/Models/Money.cs
FN:7,.ctor()
FN:12,.ctor(double, string)
FN:30,get_Amount()
FN:30,set_Amount(double)
FN:32,get_CurrencyCode()
FN:32,set_CurrencyCode(string)
FN:34,ToString()
FN:5,.ctor(PaintingProjectsManagement.Features.Materials.Money)
FNDA:1,.ctor()
FNDA:2,.ctor(double, string)
FNDA:2,get_Amount()
FNDA:2,set_Amount(double)
FNDA:2,get_CurrencyCode()
FNDA:2,set_CurrencyCode(string)
FNDA:0,ToString()
FNDA:0,.ctor(PaintingProjectsManagement.Features.Materials.Money)
FNF:8
FNH:6
BRDA:16,16,356,2
BRDA:16,16,357,-
BRDA:21,21,358,2
BRDA:21,21,359,2
BRDA:21,21,360,-
BRDA:21,21,361,-
BRF:6
BRH:3
DA:5,0
DA:7,1
DA:10,1
DA:12,2
DA:14,2
DA:16,2
DA:18,0
DA:21,2
DA:23,0
DA:26,2
DA:27,2
DA:28,2
DA:30,2
DA:32,2
DA:34,0
LH:11
LF:15
end_of_record
SF:/home/runner/work/painting-projects-management/painting-projects-management/back/PaintingProjectsManagement.Features.Materials/UseCases/DataTransfer/MoneyDetails.cs
FN:5,get_CurrencyCode()
FN:5,set_CurrencyCode(string)
FN:6,get_Amount()
FN:6,set_Amount(double)
FN:8,ToString()
FN:10,get_Empty()
FN:5,.ctor()
FNDA:1,get_CurrencyCode()
FNDA:1,set_CurrencyCode(string)
FNDA:1,get_Amount()
FNDA:1,set_Amount(double)
FNDA:0,ToString()
FNDA:1,get_Empty()
FNDA:1,.ctor()
FNF:7
FNH:6
BRF:0
BRH:0
DA:5,1
DA:6,1
DA:8,0
DA:10,1
DA:11,1
DA:12,1
DA:13,1
DA:14,1
LH:7
LF:8
end_of_record
SF:/home/runner/work/painting-projects-management/painting-projects-management/back/PaintingProjectsManagement.Features.Materials/Domain/Models/Quantity.cs
FN:7,.ctor()
FN:12,.ctor(double, PaintingProjectsManagement.Features.Materials.PackageContentUnit)
FN:23,get_Amount()
FN:23,set_Amount(double)
FN:25,get_Unit()
FN:25,set_Unit(PaintingProjectsManagement.Features.Materials.PackageContentUnit)
FN:27,ToString()
FN:5,.ctor(PaintingProjectsManagement.Features.Materials.Quantity)
FNDA:1,.ctor()
FNDA:2,.ctor(double, PaintingProjectsManagement.Features.Materials.PackageContentUnit)
FNDA:2,get_Amount()
FNDA:2,set_Amount(double)
FNDA:2,get_Unit()
FNDA:2,set_Unit(PaintingProjectsManagement.Features.Materials.PackageContentUnit)
FNDA:0,ToString()
FNDA:0,.ctor(PaintingProjectsManagement.Features.Materials.Quantity)
FNF:8
FNH:6
BRDA:14,14,362,2
BRDA:14,14,363,-
BRF:2
BRH:1
DA:5,0
DA:7,1
DA:10,1
DA:12,2
DA:14,2
DA:16,0
DA:19,2
DA:20,2
DA:21,2
DA:23,2
DA:25,2
DA:27,0
LH:9
LF:12
end_of_record
SF:/home/runner/work/painting-projects-management/painting-projects-management/back/PaintingProjectsManagement.Features.Materials/UseCases/DataTransfer/QuantityDetails.cs
FN:5,get_Unit()
FN:5,set_Unit(rbkApiModules.Commons.Core.Abstractions.EnumReference)
FN:6,get_Amount()
FN:6,set_Amount(double)
FN:8,ToString()
FN:10,get_Empty()
FN:5,.ctor()
FNDA:1,get_Unit()
FNDA:1,set_Unit(rbkApiModules.Commons.Core.Abstractions.EnumReference)
FNDA:1,get_Amount()
FNDA:1,set_Amount(double)
FNDA:0,ToString()
FNDA:1,get_Empty()
FNDA:1,.ctor()
FNF:7
FNH:6
BRF:0
BRH:0
DA:5,1
DA:6,1
DA:8,0
DA:10,1
DA:11,1
DA:12,1
DA:13,1
DA:14,1
LH:7
LF:8
end_of_record
SF:/home/runner/work/painting-projects-management/painting-projects-management/back/PaintingProjectsManagement.Features.Materials/UseCases/Commands/UpdateMaterial.cs
FN:7,MapEndpoint(Microsoft.AspNetCore.Routing.IEndpointRouteBuilder)
FN:21,get_Id()
FN:21,set_Id(System.Guid)
FN:22,get_Name()
FN:22,set_Name(string)
FN:23,get_PackageContentAmount()
FN:23,set_PackageContentAmount(double)
FN:24,get_PackageContentUnit()
FN:24,set_PackageContentUnit(int)
FN:25,get_PackagePriceAmount()
FN:25,set_PackagePriceAmount(double)
FN:26,get_PackagePriceCurrency()
FN:26,set_PackagePriceCurrency(string)
FN:22,.ctor()
FN:31,.ctor(Microsoft.EntityFrameworkCore.DbContext)
FN:37,ValidateBusinessRules()
FN:59,.ctor(Microsoft.EntityFrameworkCore.DbContext)
FN:40,<ValidateBusinessRules()
FN:64,HandleAsync()
FN:9,<MapEndpoint()
FNDA:4,MapEndpoint(Microsoft.AspNetCore.Routing.IEndpointRouteBuilder)
FNDA:1,get_Id()
FNDA:1,set_Id(System.Guid)
FNDA:1,get_Name()
FNDA:1,set_Name(string)
FNDA:1,get_PackageContentAmount()
FNDA:1,set_PackageContentAmount(double)
FNDA:1,get_PackageContentUnit()
FNDA:1,set_PackageContentUnit(int)
FNDA:1,get_PackagePriceAmount()
FNDA:1,set_PackagePriceAmount(double)
FNDA:1,get_PackagePriceCurrency()
FNDA:1,set_PackagePriceCurrency(string)
FNDA:1,.ctor()
FNDA:1,.ctor(Microsoft.EntityFrameworkCore.DbContext)
FNDA:1,ValidateBusinessRules()
FNDA:1,.ctor(Microsoft.EntityFrameworkCore.DbContext)
FNDA:1,<ValidateBusinessRules()
FNDA:1,HandleAsync()
FNDA:1,<MapEndpoint()
FNF:20
FNH:20
BRDA:7,7,364,4
BRDA:7,7,365,4
BRF:2
BRH:2
DA:7,4
DA:8,4
DA:9,1
DA:10,4
DA:11,1
DA:12,1
DA:13,4
DA:14,4
DA:15,4
DA:16,4
DA:17,4
DA:21,1
DA:22,1
DA:23,1
DA:24,1
DA:25,1
DA:26,1
DA:31,1
DA:33,1
DA:37,1
DA:38,1
DA:39,1
DA:40,1
DA:41,1
DA:42,1
DA:44,1
DA:45,1
DA:46,1
DA:48,1
DA:49,1
DA:50,1
DA:52,1
DA:53,1
DA:54,1
DA:55,1
DA:56,1
DA:59,1
DA:64,1
DA:65,1
DA:66,1
DA:68,1
DA:69,1
DA:70,1
DA:71,1
DA:72,1
DA:74,1
DA:76,1
DA:78,1
DA:79,1
LH:49
LF:49
end_of_record
SF:/home/runner/work/painting-projects-management/painting-projects-management/back/PaintingProjectsManagement.Features.Materials/UseCases/Commands/UpdateMaterial.cs
FN:59,.ctor(Microsoft.EntityFrameworkCore.DbContext)
FN:64,HandleAsync()
FNDA:1,.ctor(Microsoft.EntityFrameworkCore.DbContext)
FNDA:1,HandleAsync()
FNF:2
FNH:2
BRF:0
BRH:0
DA:59,1
DA:64,1
DA:65,1
DA:66,1
DA:68,1
DA:69,1
DA:70,1
DA:71,1
DA:72,1
DA:74,1
DA:76,1
DA:78,1
DA:79,1
LH:13
LF:13
end_of_record
SF:/home/runner/work/painting-projects-management/painting-projects-management/back/PaintingProjectsManagement.Features.Materials/UseCases/Commands/UpdateMaterial.cs
FN:21,get_Id()
FN:21,set_Id(System.Guid)
FN:22,get_Name()
FN:22,set_Name(string)
FN:23,get_PackageContentAmount()
FN:23,set_PackageContentAmount(double)
FN:24,get_PackageContentUnit()
FN:24,set_PackageContentUnit(int)
FN:25,get_PackagePriceAmount()
FN:25,set_PackagePriceAmount(double)
FN:26,get_PackagePriceCurrency()
FN:26,set_PackagePriceCurrency(string)
FN:22,.ctor()
FNDA:1,get_Id()
FNDA:1,set_Id(System.Guid)
FNDA:1,get_Name()
FNDA:1,set_Name(string)
FNDA:1,get_PackageContentAmount()
FNDA:1,set_PackageContentAmount(double)
FNDA:1,get_PackageContentUnit()
FNDA:1,set_PackageContentUnit(int)
FNDA:1,get_PackagePriceAmount()
FNDA:1,set_PackagePriceAmount(double)
FNDA:1,get_PackagePriceCurrency()
FNDA:1,set_PackagePriceCurrency(string)
FNDA:1,.ctor()
FNF:13
FNH:13
BRF:0
BRH:0
DA:21,1
DA:22,1
DA:23,1
DA:24,1
DA:25,1
DA:26,1
LH:6
LF:6
end_of_record
SF:/home/runner/work/painting-projects-management/painting-projects-management/back/PaintingProjectsManagement.Features.Materials/UseCases/Commands/UpdateMaterial.cs
FN:31,.ctor(Microsoft.EntityFrameworkCore.DbContext)
FN:37,ValidateBusinessRules()
FN:40,<ValidateBusinessRules()
FNDA:1,.ctor(Microsoft.EntityFrameworkCore.DbContext)
FNDA:1,ValidateBusinessRules()
FNDA:1,<ValidateBusinessRules()
FNF:3
FNH:3
BRF:0
BRH:0
DA:31,1
DA:33,1
DA:37,1
DA:38,1
DA:39,1
DA:40,1
DA:41,1
DA:42,1
DA:44,1
DA:45,1
DA:46,1
DA:48,1
DA:49,1
DA:50,1
DA:52,1
DA:53,1
DA:54,1
DA:55,1
DA:56,1
LH:19
LF:19
end_of_record
SF:/home/runner/work/painting-projects-management/painting-projects-management/back/PaintingProjectsManagement.Features.Materials.Abstractions/Integrations/Events/MaterialEvents.cs
FN:5,.ctor(System.Guid, string, double, string, double, string)
FN:6,get_MaterialId()
FN:6,set_MaterialId(System.Guid)
FN:7,get_Name()
FN:7,set_Name(string)
FN:8,get_PackageContentAmount()
FN:8,set_PackageContentAmount(double)
FN:9,get_PackageContentUnit()
FN:9,set_PackageContentUnit(string)
FN:10,get_PackagePriceAmount()
FN:10,set_PackagePriceAmount(double)
FN:11,get_PackagePriceCurrency()
FN:11,set_PackagePriceCurrency(string)
FN:5,.ctor(PaintingProjectsManagement.Features.Materials.Abstractions.MaterialCreatedV1)
FNDA:1,.ctor(System.Guid, string, double, string, double, string)
FNDA:1,get_MaterialId()
FNDA:1,set_MaterialId(System.Guid)
FNDA:1,get_Name()
FNDA:1,set_Name(string)
FNDA:1,get_PackageContentAmount()
FNDA:1,set_PackageContentAmount(double)
FNDA:1,get_PackageContentUnit()
FNDA:1,set_PackageContentUnit(string)
FNDA:1,get_PackagePriceAmount()
FNDA:1,set_PackagePriceAmount(double)
FNDA:1,get_PackagePriceCurrency()
FNDA:1,set_PackagePriceCurrency(string)
FNDA:1,.ctor(PaintingProjectsManagement.Features.Materials.Abstractions.MaterialCreatedV1)
FNF:14
FNH:14
BRF:0
BRH:0
DA:5,1
DA:6,1
DA:7,1
DA:8,1
DA:9,1
DA:10,1
DA:11,1
DA:12,1
LH:8
LF:8
end_of_record
SF:/home/runner/work/painting-projects-management/painting-projects-management/back/PaintingProjectsManagement.Features.Materials.Abstractions/Integrations/Events/MaterialEvents.cs
FN:16,.ctor(System.Guid)
FN:17,get_MaterialId()
FN:17,set_MaterialId(System.Guid)
FN:16,.ctor(PaintingProjectsManagement.Features.Materials.Abstractions.MaterialDeletedV1)
FNDA:1,.ctor(System.Guid)
FNDA:1,get_MaterialId()
FNDA:1,set_MaterialId(System.Guid)
FNDA:1,.ctor(PaintingProjectsManagement.Features.Materials.Abstractions.MaterialDeletedV1)
FNF:4
FNH:4
BRF:0
BRH:0
DA:16,1
DA:17,1
DA:18,1
LH:3
LF:3
end_of_record
SF:/home/runner/work/painting-projects-management/painting-projects-management/back/PaintingProjectsManagement.Features.Materials.Abstractions/Integrations/Events/MaterialEvents.cs
FN:22,.ctor(System.Guid, string, double, string, double, string)
FN:23,get_MaterialId()
FN:23,set_MaterialId(System.Guid)
FN:24,get_Name()
FN:24,set_Name(string)
FN:25,get_PackageContentAmount()
FN:25,set_PackageContentAmount(double)
[...]
FNDA:0,DeleteAsync()
FNDA:0,DeleteAsync()
FNDA:5,DeleteAsync()
FNDA:0,DeleteAsync()
FNDA:5,DisposeAsync()
FNDA:0,GetAsync()
FNDA:0,GetAsync()
FNDA:5,GetAsync()
FNDA:5,GetAsync()
FNDA:4,GetAsync()
FNDA:0,GetAsync()
FNDA:0,GetAsync()
FNDA:0,GetAsync()
FNDA:0,GetAsync()
FNDA:1,GetAsync()
FNDA:5,GetAsync()
FNDA:1,GetAsync()
FNDA:5,InitializeAsync()
FNDA:0,LoginAsync()
FNDA:1,LoginAsync()
FNDA:0,PostAsync()
FNDA:0,PostAsync()
FNDA:2,PostAsync()
FNDA:2,PostAsync()
FNDA:1,PostAsync()
FNDA:0,PostAsync()
FNDA:0,PostAsync()
FNDA:5,PostAsync()
FNDA:5,PostAsync()
FNDA:5,PostAsync()
FNDA:2,PostAsync()
FNDA:5,PostAsync()
FNDA:5,ProcessResponse()
FNDA:5,ProcessResponse()
FNDA:0,PutAsync()
FNDA:0,PutAsync()
FNDA:3,PutAsync()
FNDA:3,PutAsync()
FNDA:3,PutAsync()
FNDA:0,PutAsync()
FNDA:0,PutAsync()
FNDA:4,PutAsync()
FNDA:4,PutAsync()
FNDA:2,PutAsync()
FNDA:3,PutAsync()
FNDA:4,PutAsync()
FNF:56
FNH:32
BRDA:568,568,6898,-
BRDA:568,568,6899,-
BRDA:610,610,6900,5
BRDA:610,610,6901,-
BRDA:780,780,6902,5
BRDA:780,780,6903,5
BRDA:672,672,6904,5
BRDA:672,672,6905,1
BRDA:676,676,6906,5
BRDA:676,676,6907,5
BRDA:695,695,6908,5
BRDA:695,695,6909,5
BRF:12
BRH:9
DA:43,5
DA:49,5
DA:51,5
DA:150,0
DA:162,0
DA:164,0
DA:166,0
DA:168,0
DA:172,0
DA:173,0
DA:177,2
DA:178,2
DA:182,2
DA:184,2
DA:186,2
DA:188,2
DA:192,1
DA:194,1
DA:196,1
DA:200,0
DA:202,0
DA:204,0
DA:206,0
DA:210,0
DA:211,0
DA:215,5
DA:216,5
DA:220,5
DA:222,5
DA:224,5
DA:226,5
DA:230,5
DA:232,5
DA:234,5
DA:238,2
DA:240,2
DA:242,2
DA:243,2
DA:247,5
DA:249,5
DA:251,5
DA:252,5
DA:260,0
DA:262,0
DA:264,0
DA:266,0
DA:270,0
DA:271,0
DA:275,3
DA:276,3
DA:280,3
DA:282,3
DA:284,3
DA:286,3
DA:290,3
DA:292,3
DA:294,3
DA:298,0
DA:300,0
DA:302,0
DA:304,0
DA:308,0
DA:309,0
DA:313,4
DA:314,4
DA:318,4
DA:320,4
DA:322,4
DA:324,4
DA:328,2
DA:330,2
DA:332,2
DA:336,3
DA:338,3
DA:340,3
DA:341,3
DA:344,4
DA:346,4
DA:348,4
DA:349,4
DA:357,0
DA:359,0
DA:361,0
DA:363,0
DA:367,0
DA:368,0
DA:372,5
DA:373,5
DA:377,5
DA:379,5
DA:381,5
DA:383,5
DA:387,4
DA:389,4
DA:391,4
DA:395,0
DA:397,0
DA:399,0
DA:401,0
DA:405,0
DA:406,0
DA:410,0
DA:411,0
DA:415,0
DA:417,0
DA:419,0
DA:421,0
DA:425,0
DA:427,0
DA:429,0
DA:433,5
DA:435,5
DA:437,5
DA:438,5
DA:442,0
DA:444,0
DA:446,0
DA:447,0
DA:455,0
DA:457,0
DA:459,0
DA:461,0
DA:465,0
DA:466,0
DA:470,5
DA:471,5
DA:475,5
DA:477,5
DA:479,5
DA:481,5
DA:485,4
DA:487,4
DA:489,4
DA:493,0
DA:495,0
DA:497,0
DA:499,0
DA:503,0
DA:504,0
DA:508,0
DA:509,0
DA:513,0
DA:515,0
DA:517,0
DA:519,0
DA:523,1
DA:525,1
DA:527,1
DA:531,5
DA:533,5
DA:535,5
DA:536,5
DA:540,1
DA:542,1
DA:544,1
DA:545,1
DA:557,0
DA:559,0
DA:560,0
DA:562,0
DA:563,0
DA:564,0
DA:565,0
DA:566,0
DA:568,0
DA:570,0
DA:571,0
DA:572,0
DA:575,0
DA:576,0
DA:577,0
DA:581,0
DA:583,0
DA:584,0
DA:586,0
DA:587,0
DA:588,0
DA:589,0
DA:590,0
DA:592,0
DA:594,0
DA:601,5
DA:603,5
DA:604,5
DA:605,5
DA:606,5
DA:607,5
DA:608,5
DA:610,5
DA:612,0
DA:613,0
DA:614,0
DA:617,5
DA:618,5
DA:619,5
DA:623,1
DA:625,1
DA:626,1
DA:627,1
DA:628,1
DA:629,1
DA:630,1
DA:632,1
DA:634,1
DA:650,5
DA:667,5
DA:669,5
DA:670,5
DA:672,5
DA:674,1
DA:676,5
DA:682,5
DA:685,5
DA:686,5
DA:690,5
DA:692,5
DA:693,5
DA:695,5
DA:699,5
DA:700,5
DA:701,0
DA:703,0
DA:704,0
DA:706,5
DA:710,5
DA:713,5
DA:714,5
DA:730,5
DA:776,5
DA:780,5
DA:782,5
DA:784,5
DA:785,0
DA:788,0
DA:789,5
LH:134
LF:235
end_of_record
SF:/home/runner/work/painting-projects-management/painting-projects-management/back/rbkApiModules/rbkApiModules.Commons.Testing/RbkTestingServer.cs
FN:557,CacheCredentials()
FN:601,CacheCredentialsAsync()
FN:357,DeleteAsync()
FN:367,DeleteAsync()
FN:372,DeleteAsync()
FN:377,DeleteAsync()
FN:387,DeleteAsync()
FN:395,DeleteAsync()
FN:405,DeleteAsync()
FN:410,DeleteAsync()
FN:415,DeleteAsync()
FN:425,DeleteAsync()
FN:433,DeleteAsync()
FN:442,DeleteAsync()
FN:776,DisposeAsync()
FN:455,GetAsync()
FN:465,GetAsync()
FN:470,GetAsync()
FN:475,GetAsync()
FN:485,GetAsync()
FN:493,GetAsync()
FN:503,GetAsync()
FN:508,GetAsync()
FN:513,GetAsync()
FN:523,GetAsync()
FN:531,GetAsync()
FN:540,GetAsync()
FN:43,InitializeAsync()
FN:581,LoginAsync()
FN:623,LoginAsync()
FN:162,PostAsync()
FN:172,PostAsync()
FN:177,PostAsync()
FN:182,PostAsync()
FN:192,PostAsync()
FN:200,PostAsync()
FN:210,PostAsync()
FN:215,PostAsync()
FN:220,PostAsync()
FN:230,PostAsync()
FN:238,PostAsync()
FN:247,PostAsync()
FN:667,ProcessResponse()
FN:690,ProcessResponse()
FN:260,PutAsync()
FN:270,PutAsync()
FN:275,PutAsync()
FN:280,PutAsync()
FN:290,PutAsync()
FN:298,PutAsync()
FN:308,PutAsync()
FN:313,PutAsync()
FN:318,PutAsync()
FN:328,PutAsync()
FN:336,PutAsync()
FN:344,PutAsync()
FNDA:0,CacheCredentials()
FNDA:5,CacheCredentialsAsync()
FNDA:0,DeleteAsync()
FNDA:0,DeleteAsync()
FNDA:5,DeleteAsync()
FNDA:5,DeleteAsync()
FNDA:4,DeleteAsync()
FNDA:0,DeleteAsync()
FNDA:0,DeleteAsync()
FNDA:0,DeleteAsync()
FNDA:0,DeleteAsync()
FNDA:0,DeleteAsync()
FNDA:5,DeleteAsync()
FNDA:0,DeleteAsync()
FNDA:5,DisposeAsync()
FNDA:0,GetAsync()
FNDA:0,GetAsync()
FNDA:5,GetAsync()
FNDA:5,GetAsync()
FNDA:4,GetAsync()
FNDA:0,GetAsync()
FNDA:0,GetAsync()
FNDA:0,GetAsync()
FNDA:0,GetAsync()
FNDA:1,GetAsync()
FNDA:5,GetAsync()
FNDA:1,GetAsync()
FNDA:5,InitializeAsync()
FNDA:0,LoginAsync()
FNDA:1,LoginAsync()
FNDA:0,PostAsync()
FNDA:0,PostAsync()
FNDA:2,PostAsync()
FNDA:2,PostAsync()
FNDA:1,PostAsync()
FNDA:0,PostAsync()
FNDA:0,PostAsync()
FNDA:5,PostAsync()
FNDA:5,PostAsync()
FNDA:5,PostAsync()
FNDA:2,PostAsync()
FNDA:5,PostAsync()
FNDA:5,ProcessResponse()
FNDA:5,ProcessResponse()
FNDA:0,PutAsync()
FNDA:0,PutAsync()
FNDA:3,PutAsync()
FNDA:3,PutAsync()
FNDA:3,PutAsync()
FNDA:0,PutAsync()
FNDA:0,PutAsync()
FNDA:4,PutAsync()
FNDA:4,PutAsync()
FNDA:2,PutAsync()
FNDA:3,PutAsync()
FNDA:4,PutAsync()
FNF:56
FNH:32
BRDA:568,568,6910,-
BRDA:568,568,6911,-
BRDA:610,610,6912,5
BRDA:610,610,6913,-
BRDA:780,780,6914,5
BRDA:780,780,6915,5
BRDA:672,672,6916,5
BRDA:672,672,6917,1
BRDA:676,676,6918,5
BRDA:676,676,6919,5
BRDA:695,695,6920,5
BRDA:695,695,6921,5
BRF:12
BRH:9
DA:43,5
DA:49,5
DA:51,5
DA:150,0
DA:162,0
DA:164,0
DA:166,0
DA:168,0
DA:172,0
DA:173,0
DA:177,2
DA:178,2
DA:182,2
DA:184,2
DA:186,2
DA:188,2
DA:192,1
DA:194,1
DA:196,1
DA:200,0
DA:202,0
DA:204,0
DA:206,0
DA:210,0
DA:211,0
DA:215,5
DA:216,5
DA:220,5
DA:222,5
DA:224,5
DA:226,5
DA:230,5
DA:232,5
DA:234,5
DA:238,2
DA:240,2
DA:242,2
DA:243,2
DA:247,5
DA:249,5
DA:251,5
DA:252,5
DA:260,0
DA:262,0
DA:264,0
DA:266,0
DA:270,0
DA:271,0
DA:275,3
DA:276,3
DA:280,3
DA:282,3
DA:284,3
DA:286,3
DA:290,3
DA:292,3
DA:294,3
DA:298,0
DA:300,0
DA:302,0
DA:304,0
DA:308,0
DA:309,0
DA:313,4
DA:314,4
DA:318,4
DA:320,4
DA:322,4
DA:324,4
DA:328,2
DA:330,2
DA:332,2
DA:336,3
DA:338,3
DA:340,3
DA:341,3
DA:344,4
DA:346,4
DA:348,4
DA:349,4
DA:357,0
DA:359,0
DA:361,0
DA:363,0
DA:367,0
DA:368,0
DA:372,5
DA:373,5
DA:377,5
DA:379,5
DA:381,5
DA:383,5
DA:387,4
DA:389,4
DA:391,4
DA:395,0
DA:397,0
DA:399,0
DA:401,0
DA:405,0
DA:406,0
DA:410,0
DA:411,0
DA:415,0
DA:417,0
DA:419,0
DA:421,0
DA:425,0
DA:427,0
DA:429,0
DA:433,5
DA:435,5
DA:437,5
DA:438,5
DA:442,0
DA:444,0
DA:446,0
DA:447,0
DA:455,0
DA:457,0
DA:459,0
DA:461,0
DA:465,0
DA:466,0
DA:470,5
DA:471,5
DA:475,5
DA:477,5
DA:479,5
DA:481,5
DA:485,4
DA:487,4
DA:489,4
DA:493,0
DA:495,0
DA:497,0
DA:499,0
DA:503,0
DA:504,0
DA:508,0
DA:509,0
DA:513,0
DA:515,0
DA:517,0
DA:519,0
DA:523,1
DA:525,1
DA:527,1
DA:531,5
DA:533,5
DA:535,5
DA:536,5
DA:540,1
DA:542,1
DA:544,1
DA:545,1
DA:557,0
DA:559,0
DA:560,0
DA:562,0
DA:563,0
DA:564,0
DA:565,0
DA:566,0
DA:568,0
DA:570,0
DA:571,0
DA:572,0
DA:575,0
DA:576,0
DA:577,0
DA:581,0
DA:583,0
DA:584,0
DA:586,0
DA:587,0
DA:588,0
DA:589,0
DA:590,0
DA:592,0
DA:594,0
DA:601,5
DA:603,5
DA:604,5
DA:605,5
DA:606,5
DA:607,5
DA:608,5
DA:610,5
DA:612,0
DA:613,0
DA:614,0
DA:617,5
DA:618,5
DA:619,5
DA:623,1
DA:625,1
DA:626,1
DA:627,1
DA:628,1
DA:629,1
DA:630,1
DA:632,1
DA:634,1
DA:650,5
DA:667,5
DA:669,5
DA:670,5
DA:672,5
DA:674,1
DA:676,5
DA:682,5
DA:685,5
DA:686,5
DA:690,5
DA:692,5
DA:693,5
DA:695,5
DA:699,5
DA:700,5
DA:701,0
DA:703,0
DA:704,0
DA:706,5
DA:710,5
DA:713,5
DA:714,5
DA:730,5
DA:776,5
DA:780,5
DA:782,5
DA:784,5
DA:785,0
DA:788,0
DA:789,5
LH:134
LF:235
end_of_record
SF:/home/runner/work/painting-projects-management/painting-projects-management/back/rbkApiModules/rbkApiModules.Commons.Testing/RbkTestingServer.cs
FN:24,get_ContentFolder()
FN:24,set_ContentFolder(string)
FN:57,ConfigureWebHost(Microsoft.AspNetCore.Hosting.IWebHostBuilder)
FN:96,CreateHttpClient()
FN:105,get_Dispatcher()
FN:113,CreateContext()
FN:141,AddMockHttpClient<TClient, TImplementation>(Microsoft.Extensions.DependencyInjection.IServiceCollection, string)
FN:155,GetMockedHttpClientMessageHandler<TClient>()
FN:640,GetCredentialsFromCache(rbkApiModules.Commons.Testing.Credentials)
FN:650,GetCredentialsFromCache(string)
FN:718,DeserializeErrorResult(rbkApiModules.Commons.Testing.HttpResponse)
FN:737,GetResourceFile(string)
FN:761,CreateMultipartFormDataContent(System.IO.Stream, string, string, string)
FN:24,.ctor()
FNDA:5,get_ContentFolder()
FNDA:5,set_ContentFolder(string)
FNDA:5,ConfigureWebHost(Microsoft.AspNetCore.Hosting.IWebHostBuilder)
FNDA:5,CreateHttpClient()
FNDA:0,get_Dispatcher()
FNDA:5,CreateContext()
FNDA:0,AddMockHttpClient<TClient, TImplementation>(Microsoft.Extensions.DependencyInjection.IServiceCollection, string)
FNDA:0,GetMockedHttpClientMessageHandler<TClient>()
FNDA:0,GetCredentialsFromCache(rbkApiModules.Commons.Testing.Credentials)
FNDA:5,GetCredentialsFromCache(string)
FNDA:5,DeserializeErrorResult(rbkApiModules.Commons.Testing.HttpResponse)
FNDA:0,GetResourceFile(string)
FNDA:0,CreateMultipartFormDataContent(System.IO.Stream, string, string, string)
FNDA:5,.ctor()
FNF:14
FNH:8
BRDA:61,61,6922,5
BRDA:61,61,6923,-
BRDA:97,97,6924,5
BRDA:97,97,6925,-
BRDA:117,117,6926,5
BRDA:117,117,6927,5
BRDA:117,117,6928,5
BRDA:117,117,6929,-
BRDA:121,121,6930,-
BRDA:121,121,6931,-
BRDA:125,125,6932,5
BRDA:125,125,6933,-
BRDA:132,132,6934,5
BRDA:132,132,6935,-
BRDA:144,144,6936,-
BRDA:144,144,6937,-
BRDA:640,640,6938,-
BRDA:640,640,6939,-
BRDA:652,652,6940,5
BRDA:652,652,6941,-
BRDA:657,657,6942,5
BRDA:657,657,6943,-
BRDA:720,720,6944,5
BRDA:720,720,6945,5
BRDA:728,728,6946,5
BRDA:728,728,6947,5
BRDA:728,728,6948,5
BRDA:728,728,6949,5
BRDA:728,728,6950,5
BRDA:728,728,6951,5
BRDA:730,730,6952,5
BRDA:730,730,6953,5
BRDA:741,741,6954,-
BRDA:741,741,6955,-
BRF:34
BRH:19
DA:24,5
DA:26,5
DA:28,5
DA:30,5
DA:57,5
DA:59,5
DA:61,5
DA:63,0
DA:66,5
DA:68,5
DA:69,5
DA:70,5
DA:71,5
DA:72,5
DA:73,5
DA:74,5
DA:75,5
DA:76,5
DA:77,5
DA:78,5
DA:79,5
DA:80,5
DA:81,5
DA:82,5
DA:83,5
DA:85,5
DA:86,5
DA:96,5
DA:97,5
DA:98,5
DA:105,0
DA:106,0
DA:107,0
DA:113,5
DA:115,5
DA:117,5
DA:119,0
DA:121,0
DA:125,5
DA:127,0
DA:130,5
DA:132,5
DA:141,0
DA:142,0
DA:144,0
DA:145,0
DA:146,0
DA:147,0
DA:149,0
DA:151,0
DA:155,0
DA:640,0
DA:642,0
DA:645,0
DA:650,5
DA:652,5
DA:654,0
DA:657,5
DA:659,0
DA:662,5
DA:718,5
DA:720,5
DA:724,5
DA:726,5
DA:728,5
DA:730,5
DA:733,5
DA:737,0
DA:739,0
DA:741,0
DA:743,0
DA:749,0
DA:750,0
DA:751,0
DA:753,0
DA:756,0
DA:761,0
DA:762,0
DA:763,0
DA:764,0
DA:765,0
DA:766,0
DA:767,0
DA:768,0
DA:769,0
DA:771,0
LH:46
LF:86
end_of_record
SF:/home/runner/work/painting-projects-management/painting-projects-management/back/rbkApiModules/rbkApiModules.Commons.Testing/RbkTestingServer.cs
FN:557,CacheCredentials()
FN:601,CacheCredentialsAsync()
FN:357,DeleteAsync()
FN:367,DeleteAsync()
FN:372,DeleteAsync()
FN:377,DeleteAsync()
FN:387,DeleteAsync()
FN:395,DeleteAsync()
FN:405,DeleteAsync()
FN:410,DeleteAsync()
FN:415,DeleteAsync()
FN:425,DeleteAsync()
FN:433,DeleteAsync()
FN:442,DeleteAsync()
FN:776,DisposeAsync()
FN:455,GetAsync()
FN:465,GetAsync()
FN:470,GetAsync()
FN:475,GetAsync()
FN:485,GetAsync()
FN:493,GetAsync()
FN:503,GetAsync()
FN:508,GetAsync()
FN:513,GetAsync()
FN:523,GetAsync()
FN:531,GetAsync()
FN:540,GetAsync()
FN:43,InitializeAsync()
FN:581,LoginAsync()
FN:623,LoginAsync()
FN:162,PostAsync()
FN:172,PostAsync()
FN:177,PostAsync()
FN:182,PostAsync()
FN:192,PostAsync()
FN:200,PostAsync()
FN:210,PostAsync()
FN:215,PostAsync()
FN:220,PostAsync()
FN:230,PostAsync()
FN:238,PostAsync()
FN:247,PostAsync()
FN:667,ProcessResponse()
FN:690,ProcessResponse()
FN:260,PutAsync()
FN:270,PutAsync()
FN:275,PutAsync()
FN:280,PutAsync()
FN:290,PutAsync()
FN:298,PutAsync()
FN:308,PutAsync()
FN:313,PutAsync()
FN:318,PutAsync()
FN:328,PutAsync()
FN:336,PutAsync()
FN:344,PutAsync()
FNDA:0,CacheCredentials()
FNDA:5,CacheCredentialsAsync()
FNDA:0,DeleteAsync()
FNDA:0,DeleteAsync()
FNDA:5,DeleteAsync()
FNDA:5,DeleteAsync()
FNDA:4,DeleteAsync()
FNDA:0,DeleteAsync()
FNDA:0,DeleteAsync()
FNDA:0,DeleteAsync()
FNDA:0,DeleteAsync()
FNDA:0,DeleteAsync()
FNDA:5,DeleteAsync()
FNDA:0,DeleteAsync()
FNDA:5,DisposeAsync()
FNDA:0,GetAsync()
FNDA:0,GetAsync()
FNDA:5,GetAsync()
FNDA:5,GetAsync()
FNDA:4,GetAsync()
FNDA:0,GetAsync()
FNDA:0,GetAsync()
FNDA:0,GetAsync()
FNDA:0,GetAsync()
FNDA:1,GetAsync()
FNDA:5,GetAsync()
FNDA:1,GetAsync()
FNDA:5,InitializeAsync()
FNDA:0,LoginAsync()
FNDA:1,LoginAsync()
FNDA:0,PostAsync()
FNDA:0,PostAsync()
FNDA:2,PostAsync()
FNDA:2,PostAsync()
FNDA:1,PostAsync()
FNDA:0,PostAsync()
FNDA:0,PostAsync()
FNDA:5,PostAsync()
FNDA:5,PostAsync()
FNDA:5,PostAsync()
FNDA:2,PostAsync()
FNDA:5,PostAsync()
FNDA:5,ProcessResponse()
FNDA:5,ProcessResponse()
FNDA:0,PutAsync()
FNDA:0,PutAsync()
FNDA:3,PutAsync()
FNDA:3,PutAsync()
FNDA:3,PutAsync()
FNDA:0,PutAsync()
FNDA:0,PutAsync()
FNDA:4,PutAsync()
FNDA:4,PutAsync()
FNDA:2,PutAsync()
FNDA:3,PutAsync()
FNDA:4,PutAsync()
FNF:56
FNH:32
BRDA:568,568,6956,-
BRDA:568,568,6957,-
BRDA:610,610,6958,5
BRDA:610,610,6959,-
BRDA:780,780,6960,5
BRDA:780,780,6961,5
BRDA:672,672,6962,5
BRDA:672,672,6963,1
BRDA:676,676,6964,5
BRDA:676,676,6965,5
BRDA:695,695,6966,5
BRDA:695,695,6967,5
BRF:12
BRH:9
DA:43,5
DA:49,5
DA:51,5
DA:150,0
DA:162,0
DA:164,0
DA:166,0
DA:168,0
DA:172,0
DA:173,0
DA:177,2
DA:178,2
DA:182,2
DA:184,2
DA:186,2
DA:188,2
DA:192,1
DA:194,1
DA:196,1
DA:200,0
DA:202,0
DA:204,0
DA:206,0
DA:210,0
DA:211,0
DA:215,5
DA:216,5
DA:220,5
DA:222,5
DA:224,5
DA:226,5
DA:230,5
DA:232,5
DA:234,5
DA:238,2
DA:240,2
DA:242,2
DA:243,2
DA:247,5
DA:249,5
DA:251,5
DA:252,5
DA:260,0
DA:262,0
DA:264,0
DA:266,0
DA:270,0
DA:271,0
DA:275,3
DA:276,3
DA:280,3
DA:282,3
DA:284,3
DA:286,3
DA:290,3
DA:292,3
DA:294,3
DA:298,0
DA:300,0
DA:302,0
DA:304,0
DA:308,0
DA:309,0
DA:313,4
DA:314,4
DA:318,4
DA:320,4
DA:322,4
DA:324,4
DA:328,2
DA:330,2
DA:332,2
DA:336,3
DA:338,3
DA:340,3
DA:341,3
DA:344,4
DA:346,4
DA:348,4
DA:349,4
DA:357,0
DA:359,0
DA:361,0
DA:363,0
DA:367,0
DA:368,0
DA:372,5
DA:373,5
DA:377,5
DA:379,5
DA:381,5
DA:383,5
DA:387,4
DA:389,4
DA:391,4
DA:395,0
DA:397,0
DA:399,0
DA:401,0
DA:405,0
DA:406,0
DA:410,0
DA:411,0
DA:415,0
DA:417,0
DA:419,0
DA:421,0
DA:425,0
DA:427,0
DA:429,0
DA:433,5
DA:435,5
DA:437,5
DA:438,5
DA:442,0
DA:444,0
DA:446,0
DA:447,0
DA:455,0
DA:457,0
DA:459,0
DA:461,0
DA:465,0
DA:466,0
DA:470,5
DA:471,5
DA:475,5
DA:477,5
DA:479,5
DA:481,5
DA:485,4
DA:487,4
DA:489,4
DA:493,0
DA:495,0
DA:497,0
DA:499,0
DA:503,0
DA:504,0
DA:508,0
DA:509,0
DA:513,0
DA:515,0
DA:517,0
DA:519,0
DA:523,1
DA:525,1
DA:527,1
DA:531,5
DA:533,5
DA:535,5
DA:536,5
DA:540,1
DA:542,1
DA:544,1
DA:545,1
DA:557,0
DA:559,0
DA:560,0
DA:562,0
DA:563,0
DA:564,0
DA:565,0
DA:566,0
DA:568,0
DA:570,0
DA:571,0
DA:572,0
DA:575,0
DA:576,0
DA:577,0
DA:581,0
DA:583,0
DA:584,0
DA:586,0
DA:587,0
DA:588,0
DA:589,0
DA:590,0
DA:592,0
DA:594,0
DA:601,5
DA:603,5
DA:604,5
DA:605,5
DA:606,5
DA:607,5
DA:608,5
DA:610,5
DA:612,0
DA:613,0
DA:614,0
DA:617,5
DA:618,5
DA:619,5
DA:623,1
DA:625,1
DA:626,1
DA:627,1
DA:628,1
DA:629,1
DA:630,1
DA:632,1
DA:634,1
DA:650,5
DA:667,5
DA:669,5
DA:670,5
DA:672,5
DA:674,1
DA:676,5
DA:682,5
DA:685,5
DA:686,5
DA:690,5
DA:692,5
DA:693,5
DA:695,5
DA:699,5
DA:700,5
DA:701,0
DA:703,0
DA:704,0
DA:706,5
DA:710,5
DA:713,5
DA:714,5
DA:730,5
DA:776,5
DA:780,5
DA:782,5
DA:784,5
DA:785,0
DA:788,0
DA:789,5
LH:134
LF:235
end_of_record
SF:/home/runner/work/painting-projects-management/painting-projects-management/back/rbkApiModules/rbkApiModules.Commons.Testing/Extensions/EnumAssertionExtensions.cs
FN:10,ShouldBeEquivalentTo(System.Enum, rbkApiModules.Commons.Core.Abstractions.EnumReference, string)
FN:18,ShouldBeEquivalentTo(rbkApiModules.Commons.Core.Abstractions.EnumReference, System.Enum, string)
FNDA:0,ShouldBeEquivalentTo(System.Enum, rbkApiModules.Commons.Core.Abstractions.EnumReference, string)
FNDA:0,ShouldBeEquivalentTo(rbkApiModules.Commons.Core.Abstractions.EnumReference, System.Enum, string)
FNF:2
FNH:0
BRDA:10,10,6968,-
BRDA:10,10,6969,-
BRDA:18,18,6970,-
BRDA:18,18,6971,-
BRF:4
BRH:0
DA:10,0
DA:12,0
DA:13,0
DA:14,0
DA:18,0
DA:20,0
DA:21,0
DA:22,0
LH:0
LF:8
end_of_record
SF:/home/runner/work/painting-projects-management/painting-projects-management/back/rbkApiModules/rbkApiModules.Commons.Testing/Extensions/HttpResponseAssertionExtensions.cs
FN:11,ShouldHaveErrors(rbkApiModules.Commons.Testing.HttpResponse, System.Net.HttpStatusCode, string[])
FN:23,ShouldHaveErrors<T>(rbkApiModules.Commons.Testing.HttpResponse<T>, System.Net.HttpStatusCode, string[])
FN:36,ShouldRedirect(rbkApiModules.Commons.Testing.HttpResponse, string)
FN:46,ShouldBeSuccess<T>(rbkApiModules.Commons.Testing.HttpResponse<T>, out T)
FN:66,ShouldBeSuccess(rbkApiModules.Commons.Testing.HttpResponse)
FN:80,ShouldBeForbidden(rbkApiModules.Commons.Testing.HttpResponse)
FN:85,GetFriendlyError(System.Net.HttpStatusCode, string)
FNDA:5,ShouldHaveErrors(rbkApiModules.Commons.Testing.HttpResponse, System.Net.HttpStatusCode, string[])
FNDA:5,ShouldHaveErrors<T>(rbkApiModules.Commons.Testing.HttpResponse<T>, System.Net.HttpStatusCode, string[])
FNDA:1,ShouldRedirect(rbkApiModules.Commons.Testing.HttpResponse, string)
FNDA:5,ShouldBeSuccess<T>(rbkApiModules.Commons.Testing.HttpResponse<T>, out T)
FNDA:5,ShouldBeSuccess(rbkApiModules.Commons.Testing.HttpResponse)
FNDA:0,ShouldBeForbidden(rbkApiModules.Commons.Testing.HttpResponse)
FNDA:5,GetFriendlyError(System.Net.HttpStatusCode, string)
FNF:7
FNH:6
BRDA:15,15,6972,5
BRDA:15,15,6973,5
BRDA:28,28,6974,5
BRDA:28,28,6975,5
BRDA:46,46,6976,5
BRDA:46,46,6977,-
BRDA:66,66,6978,5
BRDA:66,66,6979,-
BRDA:85,85,6980,5
BRDA:85,85,6981,5
BRDA:85,85,6982,5
BRDA:85,85,6983,5
BRDA:85,85,6984,-
BRDA:85,85,6985,-
BRDA:85,85,6986,-
BRDA:85,85,6987,-
BRDA:85,85,6988,-
BRDA:85,85,6989,-
BRDA:85,85,6990,-
BRF:19
BRH:10
DA:11,5
DA:13,5
DA:15,5
DA:17,5
DA:19,5
DA:23,5
DA:25,5
DA:26,5
DA:28,5
DA:30,5
DA:32,5
DA:36,1
DA:38,1
DA:40,1
DA:41,1
DA:46,5
DA:48,0
DA:52,5
DA:55,5
DA:57,5
DA:58,5
DA:60,5
DA:61,5
DA:66,5
DA:68,0
DA:72,5
DA:75,5
DA:76,5
DA:80,0
DA:81,0
DA:85,5
DA:90,0
DA:91,0
DA:93,0
DA:94,0
DA:96,0
DA:97,0
DA:99,0
DA:100,0
DA:103,0
DA:104,0
DA:106,0
DA:107,0
DA:109,5
DA:113,5
LH:29
LF:45
end_of_record
SF:/home/runner/work/painting-projects-management/painting-projects-management/back/rbkApiModules/rbkApiModules.Commons.Testing/Extensions/QueryResponseAssertions.cs
FN:11,ShouldHaveMessages<T>(rbkApiModules.Commons.Core.QueryResponse<T>, string[])
FNDA:0,ShouldHaveMessages<T>(rbkApiModules.Commons.Core.QueryResponse<T>, string[])
FNF:1
FNH:0
BRDA:13,13,6991,-
BRDA:13,13,6992,-
BRDA:15,15,6993,-
BRDA:15,15,6994,-
BRDA:15,15,6995,-
BRDA:15,15,6996,-
BRDA:15,15,6997,-
BRDA:15,15,6998,-
BRDA:25,25,6999,-
BRDA:25,25,7000,-
BRF:10
BRH:0
DA:11,0
DA:13,0
DA:15,0
DA:16,0
DA:17,0
DA:19,0
DA:20,0
DA:21,0
DA:22,0
DA:25,0
DA:27,0
DA:28,0
DA:29,0
DA:32,0
LH:0
LF:14
end_of_record
SF:/home/runner/work/painting-projects-management/painting-projects-management/back/rbkApiModules/rbkApiModules.Commons.Testing/Extensions/QueryResponseAssertions.cs
FN:11,ShouldHaveMessages<T>(rbkApiModules.Commons.Core.QueryResponse<T>, string[])
FNDA:0,ShouldHaveMessages<T>(rbkApiModules.Commons.Core.QueryResponse<T>, string[])
FNF:1
FNH:0
BRDA:13,13,7001,-
BRDA:13,13,7002,-
BRDA:15,15,7003,-
BRDA:15,15,7004,-
BRDA:15,15,7005,-
BRDA:15,15,7006,-
BRDA:15,15,7007,-
BRDA:15,15,7008,-
BRDA:25,25,7009,-
BRDA:25,25,7010,-
BRF:10
BRH:0
DA:11,0
DA:13,0
DA:15,0
DA:16,0
DA:17,0
DA:19,0
DA:20,0
DA:21,0
DA:22,0
DA:25,0
DA:27,0
DA:28,0
DA:29,0
DA:32,0
LH:0
LF:14
end_of_record
