TN:
SF:/home/runner/work/painting-projects-management/painting-projects-management/back/PaintingProjectsManagement.Api/Services/OpenApiExtensions.cs
FN:11,CustomSchemaIds(Microsoft.AspNetCore.OpenApi.OpenApiOptions, System.Func<System.Type, string>, bool)
FNDA:0,CustomSchemaIds(Microsoft.AspNetCore.OpenApi.OpenApiOptions, System.Func<System.Type, string>, bool)
FNF:1
FNH:0
BRDA:14,14,0,-
BRDA:14,14,1,-
BRDA:14,14,2,-
BRDA:14,14,3,-
BRDA:14,14,4,-
BRDA:14,14,5,-
BRDA:14,14,6,-
BRDA:14,14,7,-
BRDA:23,23,8,-
BRDA:23,23,9,-
BRDA:23,23,10,-
BRDA:23,23,11,-
BRF:12
BRH:0
DA:11,0
DA:12,0
DA:13,0
DA:14,0
DA:15,0
DA:16,0
DA:17,0
DA:18,0
DA:19,0
DA:20,0
DA:21,0
DA:22,0
DA:23,0
DA:24,0
DA:25,0
DA:26,0
DA:27,0
DA:28,0
DA:29,0
DA:30,0
DA:31,0
DA:32,0
DA:33,0
DA:34,0
DA:35,0
DA:36,0
DA:37,0
DA:38,0
DA:39,0
DA:40,0
LH:0
LF:30
end_of_record
SF:/home/runner/work/painting-projects-management/painting-projects-management/back/PaintingProjectsManagement.Api/Program.cs
FN:24,Main(string[])
FNDA:1,Main(string[])
FNF:1
FNH:1
BRDA:30,30,12,1
BRDA:30,30,13,1
BRDA:66,66,14,1
BRDA:66,66,15,-
BRDA:81,81,16,1
BRDA:81,81,17,1
BRDA:103,103,18,1
BRDA:103,103,19,1
BRDA:105,105,20,1
BRDA:105,105,21,1
BRDA:121,121,22,1
BRDA:121,121,23,1
BRDA:139,139,24,1
BRDA:139,139,25,-
BRDA:160,160,26,1
BRDA:160,160,27,1
BRDA:199,199,28,1
BRDA:199,199,29,1
BRDA:212,212,30,1
BRDA:212,212,31,1
BRDA:230,230,32,1
BRDA:230,230,33,1
BRDA:234,234,34,1
BRDA:234,234,35,1
BRDA:245,245,36,1
BRDA:245,245,37,1
BRDA:263,263,38,1
BRDA:263,263,39,1
BRDA:267,267,40,1
BRDA:267,267,41,1
BRDA:33,33,42,1
BRDA:33,33,43,1
BRDA:46,46,44,1
BRDA:46,46,45,1
BRDA:82,82,46,1
BRDA:82,82,47,1
BRDA:110,110,48,1
BRDA:110,110,49,1
BRDA:115,115,50,1
BRDA:115,115,51,1
BRDA:126,126,52,1
BRDA:126,126,53,1
BRDA:131,131,54,1
BRDA:131,131,55,1
BRDA:181,181,56,1
BRDA:181,181,57,1
BRDA:218,218,58,-
BRDA:218,218,59,-
BRDA:218,218,60,-
BRDA:218,218,61,-
BRDA:149,149,62,1
BRDA:149,149,63,1
BRDA:153,153,64,1
BRDA:153,153,65,1
BRDA:156,156,66,1
BRDA:156,156,67,1
BRDA:156,156,68,1
BRDA:156,156,69,-
BRDA:177,177,70,1
BRDA:177,177,71,1
BRF:60
BRH:53
DA:24,1
DA:25,1
DA:28,1
DA:30,1
DA:31,1
DA:32,1
DA:33,1
DA:34,1
DA:35,1
DA:36,1
DA:37,1
DA:38,1
DA:39,1
DA:40,1
DA:41,1
DA:42,1
DA:43,1
DA:44,1
DA:45,1
DA:46,1
DA:47,1
DA:48,1
DA:49,1
DA:50,1
DA:51,1
DA:52,1
DA:53,1
DA:54,1
DA:55,1
DA:56,1
DA:57,1
DA:58,1
DA:59,1
DA:61,1
DA:63,1
DA:66,1
DA:68,0
DA:72,1
DA:73,1
DA:75,1
DA:76,1
DA:77,1
DA:78,1
DA:79,1
DA:81,1
DA:82,1
DA:84,1
DA:85,1
DA:86,1
DA:87,1
DA:88,1
DA:89,1
DA:90,1
DA:91,1
DA:92,1
DA:93,1
DA:94,1
DA:96,1
DA:97,1
DA:98,1
DA:99,1
DA:100,1
DA:103,1
DA:105,1
DA:106,1
DA:107,1
DA:108,1
DA:109,1
DA:110,1
DA:111,1
DA:112,1
DA:113,1
DA:114,1
DA:115,1
DA:116,1
DA:117,1
DA:118,1
DA:119,1
DA:121,1
DA:122,1
DA:123,1
DA:124,1
DA:125,1
DA:126,1
DA:127,1
DA:128,1
DA:129,1
DA:130,1
DA:131,1
DA:132,1
DA:133,1
DA:134,1
DA:135,1
DA:137,1
DA:139,1
DA:141,0
DA:144,1
DA:145,1
DA:146,1
DA:147,1
DA:148,1
DA:149,1
DA:150,1
DA:151,1
DA:152,1
DA:153,1
DA:154,1
DA:155,1
DA:156,1
DA:157,1
DA:158,1
DA:159,1
DA:160,1
DA:161,1
DA:162,1
DA:163,1
DA:164,1
DA:165,1
DA:166,1
DA:169,1
DA:170,1
DA:171,1
DA:172,1
DA:175,1
DA:177,1
DA:178,1
DA:179,1
DA:180,1
DA:181,1
DA:182,1
DA:183,1
DA:184,1
DA:185,1
DA:186,1
DA:187,1
DA:188,1
DA:189,1
DA:190,1
DA:191,1
DA:192,1
DA:193,1
DA:194,1
DA:195,1
DA:196,1
DA:197,1
DA:199,1
DA:200,1
DA:201,1
DA:202,1
DA:203,1
DA:205,1
DA:208,1
DA:209,1
DA:212,1
DA:213,1
DA:214,1
DA:215,1
DA:216,1
DA:217,1
DA:218,0
DA:219,0
DA:222,1
DA:224,1
DA:226,1
DA:228,1
DA:230,1
DA:231,1
DA:232,1
DA:234,1
DA:235,1
DA:236,1
DA:237,1
DA:238,1
DA:239,1
DA:240,1
DA:241,1
DA:242,1
DA:243,1
DA:245,1
DA:246,1
DA:247,1
DA:248,1
DA:249,1
DA:250,1
DA:252,1
DA:254,1
DA:256,1
DA:259,1
DA:262,1
DA:263,1
DA:264,1
DA:265,1
DA:266,1
DA:267,1
DA:268,1
DA:269,1
DA:270,1
DA:271,1
DA:273,1
DA:274,1
DA:275,1
DA:276,1
DA:278,1
DA:279,1
LH:200
LF:204
end_of_record
SF:/home/runner/work/painting-projects-management/painting-projects-management/back/PaintingProjectsManagement.Features.Authorization/ApplicationClaims.cs
FN:10,get_MANAGE_PAINTS()
FNDA:1,get_MANAGE_PAINTS()
FNF:1
FNH:1
BRF:0
BRH:0
DA:10,1
LH:1
LF:1
end_of_record
SF:/home/runner/work/painting-projects-management/painting-projects-management/back/PaintingProjectsManagement.Features.Authorization/ApplicationClaims.cs
FN:15,.ctor(string, string)
FN:20,get_Name()
FN:20,set_Name(string)
FN:21,get_Description()
FN:21,set_Description(string)
FNDA:1,.ctor(string, string)
FNDA:1,get_Name()
FNDA:1,set_Name(string)
FNDA:1,get_Description()
FNDA:1,set_Description(string)
FNF:5
FNH:5
BRF:0
BRH:0
DA:15,1
DA:17,1
DA:18,1
DA:19,1
DA:20,1
DA:21,1
LH:6
LF:6
end_of_record
SF:/home/runner/work/painting-projects-management/painting-projects-management/back/PaintingProjectsManagement.Features.Materials/UseCases/Builder.cs
FN:9,AddMaterialsFeature(Microsoft.Extensions.DependencyInjection.IServiceCollection)
FN:20,UseMaterialsFeature(Microsoft.AspNetCore.Routing.IEndpointRouteBuilder)
FNDA:1,AddMaterialsFeature(Microsoft.Extensions.DependencyInjection.IServiceCollection)
FNDA:1,UseMaterialsFeature(Microsoft.AspNetCore.Routing.IEndpointRouteBuilder)
FNF:2
FNH:2
BRF:0
BRH:0
DA:9,1
DA:10,1
DA:11,1
DA:12,1
DA:13,1
DA:15,1
DA:20,1
DA:21,1
DA:22,1
DA:23,1
DA:25,1
LH:11
LF:11
end_of_record
SF:/home/runner/work/painting-projects-management/painting-projects-management/back/PaintingProjectsManagement.Features.Materials/UseCases/Commands/CreateMaterial.cs
FN:7,MapEndpoint(Microsoft.AspNetCore.Routing.IEndpointRouteBuilder)
FN:21,get_Name()
FN:21,set_Name(string)
FN:22,get_PackageContentAmount()
FN:22,set_PackageContentAmount(double)
FN:23,get_PackageContentUnit()
FN:23,set_PackageContentUnit(int)
FN:24,get_PackagePriceAmount()
FN:24,set_PackagePriceAmount(double)
FN:25,get_PackagePriceCurrency()
FN:25,set_PackagePriceCurrency(string)
FN:21,.ctor()
FN:30,.ctor(Microsoft.EntityFrameworkCore.DbContext, rbkApiModules.Commons.Core.ILocalizationService)
FN:36,ValidateBusinessRules()
FN:73,.ctor(Microsoft.EntityFrameworkCore.DbContext)
FN:39,<ValidateBusinessRules()
FN:77,HandleAsync()
FN:9,<MapEndpoint()
FNDA:1,MapEndpoint(Microsoft.AspNetCore.Routing.IEndpointRouteBuilder)
FNDA:1,get_Name()
FNDA:1,set_Name(string)
FNDA:1,get_PackageContentAmount()
FNDA:1,set_PackageContentAmount(double)
FNDA:1,get_PackageContentUnit()
FNDA:1,set_PackageContentUnit(int)
FNDA:1,get_PackagePriceAmount()
FNDA:1,set_PackagePriceAmount(double)
FNDA:1,get_PackagePriceCurrency()
FNDA:1,set_PackagePriceCurrency(string)
FNDA:1,.ctor()
FNDA:1,.ctor(Microsoft.EntityFrameworkCore.DbContext, rbkApiModules.Commons.Core.ILocalizationService)
FNDA:1,ValidateBusinessRules()
FNDA:1,.ctor(Microsoft.EntityFrameworkCore.DbContext)
FNDA:1,<ValidateBusinessRules()
FNDA:1,HandleAsync()
FNDA:1,<MapEndpoint()
FNF:18
FNH:18
BRDA:7,7,72,1
BRDA:7,7,73,1
BRDA:36,36,74,1
BRDA:36,36,75,1
BRDA:36,36,76,-
BRDA:36,36,77,-
BRDA:47,47,78,1
BRDA:47,47,79,1
BRDA:59,59,80,1
BRDA:59,59,81,1
BRF:10
BRH:8
DA:7,1
DA:8,1
DA:9,1
DA:10,1
DA:11,1
DA:12,1
DA:13,1
DA:14,1
DA:15,1
DA:16,1
DA:17,1
DA:21,1
DA:22,1
DA:23,1
DA:24,1
DA:25,1
DA:30,1
DA:32,1
DA:36,1
DA:37,1
DA:38,1
DA:39,1
DA:40,1
DA:41,1
DA:43,1
DA:44,1
DA:45,1
DA:47,1
DA:48,1
DA:49,1
DA:50,1
DA:51,1
DA:52,1
DA:53,1
DA:55,1
DA:56,1
DA:57,1
DA:59,1
DA:60,1
DA:61,1
DA:62,1
DA:63,1
DA:64,1
DA:65,1
DA:66,1
DA:67,1
DA:68,1
DA:69,1
DA:70,1
DA:73,1
DA:77,1
DA:78,1
DA:79,1
DA:80,1
DA:81,1
DA:82,1
DA:84,1
DA:86,1
DA:88,1
DA:90,1
DA:91,1
LH:61
LF:61
end_of_record
SF:/home/runner/work/painting-projects-management/painting-projects-management/back/PaintingProjectsManagement.Features.Materials/UseCases/Commands/CreateMaterial.cs
FN:73,.ctor(Microsoft.EntityFrameworkCore.DbContext)
FN:77,HandleAsync()
FNDA:1,.ctor(Microsoft.EntityFrameworkCore.DbContext)
FNDA:1,HandleAsync()
FNF:2
FNH:2
BRF:0
BRH:0
DA:73,1
DA:77,1
DA:78,1
DA:79,1
DA:80,1
DA:81,1
DA:82,1
DA:84,1
DA:86,1
DA:88,1
DA:90,1
DA:91,1
LH:12
LF:12
end_of_record
SF:/home/runner/work/painting-projects-management/painting-projects-management/back/PaintingProjectsManagement.Features.Materials/UseCases/Commands/CreateMaterial.cs
FN:21,get_Name()
FN:21,set_Name(string)
FN:22,get_PackageContentAmount()
FN:22,set_PackageContentAmount(double)
FN:23,get_PackageContentUnit()
FN:23,set_PackageContentUnit(int)
FN:24,get_PackagePriceAmount()
FN:24,set_PackagePriceAmount(double)
FN:25,get_PackagePriceCurrency()
FN:25,set_PackagePriceCurrency(string)
FN:21,.ctor()
FNDA:1,get_Name()
FNDA:1,set_Name(string)
FNDA:1,get_PackageContentAmount()
FNDA:1,set_PackageContentAmount(double)
FNDA:1,get_PackageContentUnit()
FNDA:1,set_PackageContentUnit(int)
FNDA:1,get_PackagePriceAmount()
FNDA:1,set_PackagePriceAmount(double)
FNDA:1,get_PackagePriceCurrency()
FNDA:1,set_PackagePriceCurrency(string)
FNDA:1,.ctor()
FNF:11
FNH:11
BRF:0
BRH:0
DA:21,1
DA:22,1
DA:23,1
DA:24,1
DA:25,1
LH:5
LF:5
end_of_record
SF:/home/runner/work/painting-projects-management/painting-projects-management/back/PaintingProjectsManagement.Features.Materials/UseCases/Commands/CreateMaterial.cs
FN:30,.ctor(Microsoft.EntityFrameworkCore.DbContext, rbkApiModules.Commons.Core.ILocalizationService)
FN:36,ValidateBusinessRules()
FN:39,<ValidateBusinessRules()
FNDA:1,.ctor(Microsoft.EntityFrameworkCore.DbContext, rbkApiModules.Commons.Core.ILocalizationService)
FNDA:1,ValidateBusinessRules()
FNDA:1,<ValidateBusinessRules()
FNF:3
FNH:3
BRDA:36,36,82,1
BRDA:36,36,83,1
BRDA:36,36,84,-
BRDA:36,36,85,-
BRDA:47,47,86,1
BRDA:47,47,87,1
BRDA:59,59,88,1
BRDA:59,59,89,1
BRF:8
BRH:6
DA:30,1
DA:32,1
DA:36,1
DA:37,1
DA:38,1
DA:39,1
DA:40,1
DA:41,1
DA:43,1
DA:44,1
DA:45,1
DA:47,1
DA:48,1
DA:49,1
DA:50,1
DA:51,1
DA:52,1
DA:53,1
DA:55,1
DA:56,1
DA:57,1
DA:59,1
DA:60,1
DA:61,1
DA:62,1
DA:63,1
DA:64,1
DA:65,1
DA:66,1
DA:67,1
DA:68,1
DA:69,1
DA:70,1
LH:33
LF:33
end_of_record
SF:/home/runner/work/painting-projects-management/painting-projects-management/back/PaintingProjectsManagement.Features.Materials/UseCases/Commands/DeleteMaterial.cs
FN:7,MapEndpoint(Microsoft.AspNetCore.Routing.IEndpointRouteBuilder)
FN:21,get_Id()
FN:21,set_Id(System.Guid)
FN:26,.ctor(Microsoft.EntityFrameworkCore.DbContext, rbkApiModules.Commons.Core.ILocalizationService)
FN:33,ValidateBusinessRules()
FN:36,.ctor(Microsoft.EntityFrameworkCore.DbContext)
FN:41,HandleAsync()
FN:9,<MapEndpoint()
FNDA:1,MapEndpoint(Microsoft.AspNetCore.Routing.IEndpointRouteBuilder)
FNDA:1,get_Id()
FNDA:1,set_Id(System.Guid)
FNDA:1,.ctor(Microsoft.EntityFrameworkCore.DbContext, rbkApiModules.Commons.Core.ILocalizationService)
FNDA:1,ValidateBusinessRules()
FNDA:1,.ctor(Microsoft.EntityFrameworkCore.DbContext)
FNDA:1,HandleAsync()
FNDA:1,<MapEndpoint()
FNF:8
FNH:8
BRDA:7,7,90,1
BRDA:7,7,91,1
BRF:2
BRH:2
DA:7,1
DA:8,1
DA:9,1
DA:10,1
DA:11,1
DA:12,1
DA:13,1
DA:14,1
DA:15,1
DA:16,1
DA:17,1
DA:21,1
DA:26,1
DA:28,1
DA:33,1
DA:36,1
DA:41,1
DA:42,1
DA:43,1
DA:45,1
DA:47,1
DA:49,1
DA:51,1
DA:52,1
LH:24
LF:24
end_of_record
SF:/home/runner/work/painting-projects-management/painting-projects-management/back/PaintingProjectsManagement.Features.Materials/UseCases/Commands/DeleteMaterial.cs
FN:36,.ctor(Microsoft.EntityFrameworkCore.DbContext)
FN:41,HandleAsync()
FNDA:1,.ctor(Microsoft.EntityFrameworkCore.DbContext)
FNDA:1,HandleAsync()
FNF:2
FNH:2
BRF:0
BRH:0
DA:36,1
DA:41,1
DA:42,1
DA:43,1
DA:45,1
DA:47,1
DA:49,1
DA:51,1
DA:52,1
LH:9
LF:9
end_of_record
SF:/home/runner/work/painting-projects-management/painting-projects-management/back/PaintingProjectsManagement.Features.Materials/UseCases/Commands/DeleteMaterial.cs
FN:21,get_Id()
FN:21,set_Id(System.Guid)
FNDA:1,get_Id()
FNDA:1,set_Id(System.Guid)
FNF:2
FNH:2
BRF:0
BRH:0
DA:21,1
LH:1
LF:1
end_of_record
SF:/home/runner/work/painting-projects-management/painting-projects-management/back/PaintingProjectsManagement.Features.Materials/UseCases/Commands/DeleteMaterial.cs
FN:26,.ctor(Microsoft.EntityFrameworkCore.DbContext, rbkApiModules.Commons.Core.ILocalizationService)
FN:33,ValidateBusinessRules()
FNDA:1,.ctor(Microsoft.EntityFrameworkCore.DbContext, rbkApiModules.Commons.Core.ILocalizationService)
FNDA:1,ValidateBusinessRules()
FNF:2
FNH:2
BRF:0
BRH:0
DA:26,1
DA:28,1
DA:33,1
LH:3
LF:3
end_of_record
SF:/home/runner/work/painting-projects-management/painting-projects-management/back/PaintingProjectsManagement.Features.Materials/UseCases/Queries/ListMaterials.cs
FN:7,MapEndpoint(Microsoft.AspNetCore.Routing.IEndpointRouteBuilder)
FN:28,.ctor(Microsoft.EntityFrameworkCore.DbContext)
FN:33,HandleAsync()
FN:9,<MapEndpoint()
FNDA:1,MapEndpoint(Microsoft.AspNetCore.Routing.IEndpointRouteBuilder)
FNDA:1,.ctor(Microsoft.EntityFrameworkCore.DbContext)
FNDA:1,HandleAsync()
FNDA:1,<MapEndpoint()
FNF:4
FNH:4
BRDA:7,7,92,1
BRDA:7,7,93,1
BRDA:38,38,94,1
BRDA:38,38,95,1
BRF:4
BRH:4
DA:7,1
DA:8,1
DA:9,1
DA:10,1
DA:11,1
DA:12,1
DA:13,1
DA:14,1
DA:15,1
DA:16,1
DA:17,1
DA:28,1
DA:33,1
DA:34,1
DA:35,1
DA:36,1
DA:38,1
DA:40,1
DA:41,1
LH:19
LF:19
end_of_record
SF:/home/runner/work/painting-projects-management/painting-projects-management/back/PaintingProjectsManagement.Features.Materials/UseCases/Queries/ListMaterials.cs
FN:28,.ctor(Microsoft.EntityFrameworkCore.DbContext)
FN:33,HandleAsync()
FNDA:1,.ctor(Microsoft.EntityFrameworkCore.DbContext)
FNDA:1,HandleAsync()
FNF:2
FNH:2
BRDA:38,38,96,1
BRDA:38,38,97,1
BRF:2
BRH:2
DA:28,1
DA:33,1
DA:34,1
DA:35,1
DA:36,1
DA:38,1
DA:40,1
DA:41,1
LH:8
LF:8
end_of_record
SF:/home/runner/work/painting-projects-management/painting-projects-management/back/PaintingProjectsManagement.Features.Materials/Domain/Models/Material.cs
FN:5,.ctor()
FN:10,.ctor(string, string, PaintingProjectsManagement.Features.Materials.Quantity, PaintingProjectsManagement.Features.Materials.Money)
FN:26,get_Name()
FN:26,set_Name(string)
FN:28,get_PackageContent()
FN:28,set_PackageContent(PaintingProjectsManagement.Features.Materials.Quantity)
FN:30,get_PackagePrice()
FN:30,set_PackagePrice(PaintingProjectsManagement.Features.Materials.Money)
FN:32,get_UnitPriceAmount()
FN:34,get_UnitPriceUnit()
FN:38,UpdateDetails(string, PaintingProjectsManagement.Features.Materials.Quantity, PaintingProjectsManagement.Features.Materials.Money)
FN:68,Delete()
FNDA:1,.ctor()
FNDA:1,.ctor(string, string, PaintingProjectsManagement.Features.Materials.Quantity, PaintingProjectsManagement.Features.Materials.Money)
FNDA:1,get_Name()
FNDA:1,set_Name(string)
FNDA:1,get_PackageContent()
FNDA:1,set_PackageContent(PaintingProjectsManagement.Features.Materials.Quantity)
FNDA:1,get_PackagePrice()
FNDA:1,set_PackagePrice(PaintingProjectsManagement.Features.Materials.Money)
FNDA:1,get_UnitPriceAmount()
FNDA:1,get_UnitPriceUnit()
FNDA:1,UpdateDetails(string, PaintingProjectsManagement.Features.Materials.Quantity, PaintingProjectsManagement.Features.Materials.Money)
FNDA:1,Delete()
FNF:12
FNH:12
BRDA:50,50,98,1
BRDA:50,50,99,1
BRDA:55,55,100,1
BRDA:55,55,101,1
BRDA:60,60,102,1
BRDA:60,60,103,1
BRF:6
BRH:6
DA:5,1
DA:8,1
DA:10,1
DA:12,1
DA:13,1
DA:14,1
DA:15,1
DA:17,1
DA:18,1
DA:19,1
DA:20,1
DA:21,1
DA:23,1
DA:24,1
DA:26,1
DA:28,1
DA:30,1
DA:32,1
DA:34,1
DA:38,1
DA:39,1
DA:40,1
DA:42,1
DA:43,1
DA:44,1
DA:46,1
DA:47,1
DA:48,1
DA:50,1
DA:52,1
DA:55,1
DA:57,1
DA:60,1
DA:62,1
DA:64,1
DA:68,1
DA:69,1
LH:37
LF:37
end_of_record
SF:/home/runner/work/painting-projects-management/painting-projects-management/back/PaintingProjectsManagement.Features.Materials/Database/MaterialConfig.cs
FN:9,Configure(Microsoft.EntityFrameworkCore.Metadata.Builders.EntityTypeBuilder<PaintingProjectsManagement.Features.Materials.Material>)
FNDA:1,Configure(Microsoft.EntityFrameworkCore.Metadata.Builders.EntityTypeBuilder<PaintingProjectsManagement.Features.Materials.Material>)
FNF:1
FNH:1
BRDA:17,17,104,1
BRDA:17,17,105,1
BRDA:27,27,106,1
BRDA:27,27,107,1
BRF:4
BRH:4
DA:9,1
DA:11,1
DA:13,1
DA:14,1
DA:15,1
DA:17,1
DA:18,1
DA:19,1
DA:20,1
DA:21,1
DA:22,1
DA:23,1
DA:24,1
DA:25,1
DA:27,1
DA:28,1
DA:29,1
DA:30,1
DA:31,1
DA:32,1
DA:33,1
DA:34,1
DA:35,1
DA:36,1
DA:39,1
DA:40,1
DA:41,1
DA:42,1
LH:28
LF:28
end_of_record
SF:/home/runner/work/painting-projects-management/painting-projects-management/back/PaintingProjectsManagement.Features.Materials/Domain/Events/MaterialEvents.cs
FN:5,.ctor(System.Guid, string, PaintingProjectsManagement.Features.Materials.Quantity, PaintingProjectsManagement.Features.Materials.Money)
FN:6,get_MaterialId()
FN:6,set_MaterialId(System.Guid)
FN:7,get_Name()
FN:7,set_Name(string)
FN:8,get_PackageContent()
FN:8,set_PackageContent(PaintingProjectsManagement.Features.Materials.Quantity)
FN:9,get_PackagePrice()
FN:9,set_PackagePrice(PaintingProjectsManagement.Features.Materials.Money)
FN:5,.ctor(PaintingProjectsManagement.Features.Materials.MaterialCreated)
FNDA:1,.ctor(System.Guid, string, PaintingProjectsManagement.Features.Materials.Quantity, PaintingProjectsManagement.Features.Materials.Money)
FNDA:1,get_MaterialId()
FNDA:1,set_MaterialId(System.Guid)
FNDA:1,get_Name()
FNDA:1,set_Name(string)
FNDA:1,get_PackageContent()
FNDA:1,set_PackageContent(PaintingProjectsManagement.Features.Materials.Quantity)
FNDA:1,get_PackagePrice()
FNDA:1,set_PackagePrice(PaintingProjectsManagement.Features.Materials.Money)
FNDA:1,.ctor(PaintingProjectsManagement.Features.Materials.MaterialCreated)
FNF:10
FNH:10
BRF:0
BRH:0
DA:5,1
DA:6,1
DA:7,1
DA:8,1
DA:9,1
DA:10,1
LH:6
LF:6
end_of_record
SF:/home/runner/work/painting-projects-management/painting-projects-management/back/PaintingProjectsManagement.Features.Materials/Integrations/Handlers/MaterialCreatedHandler.cs
FN:10,.ctor(rbkApiModules.Commons.Core.IIntegrationOutbox)
FN:17,HandleAsync()
FNDA:1,.ctor(rbkApiModules.Commons.Core.IIntegrationOutbox)
FNDA:1,HandleAsync()
FNF:2
FNH:2
BRDA:18,18,108,1
BRDA:18,18,109,-
BRDA:19,19,110,1
BRDA:19,19,111,-
BRF:4
BRH:2
DA:10,1
DA:12,1
DA:13,1
DA:17,1
DA:18,1
DA:19,1
DA:21,1
DA:23,1
DA:24,1
DA:25,1
DA:26,1
DA:27,1
DA:28,1
DA:29,1
DA:30,1
DA:32,1
DA:33,1
DA:34,1
DA:35,1
DA:36,1
DA:37,1
DA:38,1
DA:40,1
DA:41,1
LH:24
LF:24
end_of_record
SF:/home/runner/work/painting-projects-management/painting-projects-management/back/PaintingProjectsManagement.Features.Materials/Domain/Events/MaterialEvents.cs
FN:14,.ctor(System.Guid)
FN:15,get_MaterialId()
FN:15,set_MaterialId(System.Guid)
FN:14,.ctor(PaintingProjectsManagement.Features.Materials.MaterialDeleted)
FNDA:1,.ctor(System.Guid)
FNDA:1,get_MaterialId()
FNDA:1,set_MaterialId(System.Guid)
FNDA:1,.ctor(PaintingProjectsManagement.Features.Materials.MaterialDeleted)
FNF:4
FNH:4
BRF:0
BRH:0
DA:14,1
DA:15,1
DA:16,1
LH:3
LF:3
end_of_record
SF:/home/runner/work/painting-projects-management/painting-projects-management/back/PaintingProjectsManagement.Features.Materials/Integrations/Handlers/MaterialDeletedHandler.cs
FN:9,.ctor(rbkApiModules.Commons.Core.IIntegrationOutbox)
FN:16,HandleAsync()
FNDA:1,.ctor(rbkApiModules.Commons.Core.IIntegrationOutbox)
FNDA:1,HandleAsync()
FNF:2
FNH:2
BRF:0
BRH:0
DA:9,1
DA:11,1
DA:12,1
DA:16,1
DA:18,1
DA:19,1
DA:20,1
DA:21,1
DA:22,1
DA:23,1
DA:24,1
DA:26,1
DA:27,1
LH:13
LF:13
end_of_record
SF:/home/runner/work/painting-projects-management/painting-projects-management/back/PaintingProjectsManagement.Features.Materials/UseCases/DataTransfer/MaterialDetails.cs
FN:4,get_Id()
FN:4,set_Id(System.Guid)
FN:5,get_Name()
FN:5,set_Name(string)
FN:6,get_PackagePrice()
FN:6,set_PackagePrice(PaintingProjectsManagement.Features.Materials.MoneyDetails)
FN:7,get_PackageContent()
FN:7,set_PackageContent(PaintingProjectsManagement.Features.Materials.QuantityDetails)
FN:11,FromModel(PaintingProjectsManagement.Features.Materials.Material)
FN:5,.ctor()
FNDA:1,get_Id()
FNDA:1,set_Id(System.Guid)
FNDA:1,get_Name()
FNDA:1,set_Name(string)
FNDA:1,get_PackagePrice()
FNDA:1,set_PackagePrice(PaintingProjectsManagement.Features.Materials.MoneyDetails)
FNDA:1,get_PackageContent()
FNDA:1,set_PackageContent(PaintingProjectsManagement.Features.Materials.QuantityDetails)
FNDA:1,FromModel(PaintingProjectsManagement.Features.Materials.Material)
FNDA:1,.ctor()
FNF:10
FNH:10
BRF:0
BRH:0
DA:4,1
DA:5,1
DA:6,1
DA:7,1
DA:11,1
DA:12,1
DA:13,1
DA:14,1
DA:15,1
DA:16,1
DA:17,1
DA:18,1
DA:19,1
DA:20,1
DA:21,1
DA:22,1
DA:23,1
DA:24,1
DA:25,1
LH:19
LF:19
end_of_record
SF:/home/runner/work/painting-projects-management/painting-projects-management/back/PaintingProjectsManagement.Features.Materials/Domain/Events/MaterialEvents.cs
FN:36,.ctor(System.Guid, string)
FN:37,get_MaterialId()
FN:37,set_MaterialId(System.Guid)
FN:38,get_newName()
FN:38,set_newName(string)
FN:36,.ctor(PaintingProjectsManagement.Features.Materials.MaterialNameChanged)
FNDA:1,.ctor(System.Guid, string)
FNDA:1,get_MaterialId()
FNDA:1,set_MaterialId(System.Guid)
FNDA:1,get_newName()
FNDA:1,set_newName(string)
FNDA:1,.ctor(PaintingProjectsManagement.Features.Materials.MaterialNameChanged)
FNF:6
FNH:6
BRF:0
BRH:0
DA:36,1
DA:37,1
DA:38,1
DA:39,1
LH:4
LF:4
end_of_record
SF:/home/runner/work/painting-projects-management/painting-projects-management/back/PaintingProjectsManagement.Features.Materials/Domain/Events/MaterialEvents.cs
FN:20,.ctor(System.Guid, PaintingProjectsManagement.Features.Materials.Quantity, PaintingProjectsManagement.Features.Materials.Quantity)
FN:21,get_MaterialId()
FN:21,set_MaterialId(System.Guid)
FN:22,get_OldContent()
FN:22,set_OldContent(PaintingProjectsManagement.Features.Materials.Quantity)
FN:23,get_NewContent()
FN:23,set_NewContent(PaintingProjectsManagement.Features.Materials.Quantity)
FN:20,.ctor(PaintingProjectsManagement.Features.Materials.MaterialPackageContentChanged)
FNDA:1,.ctor(System.Guid, PaintingProjectsManagement.Features.Materials.Quantity, PaintingProjectsManagement.Features.Materials.Quantity)
FNDA:1,get_MaterialId()
FNDA:1,set_MaterialId(System.Guid)
FNDA:1,get_OldContent()
FNDA:1,set_OldContent(PaintingProjectsManagement.Features.Materials.Quantity)
FNDA:1,get_NewContent()
FNDA:1,set_NewContent(PaintingProjectsManagement.Features.Materials.Quantity)
FNDA:1,.ctor(PaintingProjectsManagement.Features.Materials.MaterialPackageContentChanged)
FNF:8
FNH:8
BRF:0
BRH:0
DA:20,1
DA:21,1
DA:22,1
DA:23,1
DA:24,1
LH:5
LF:5
end_of_record
SF:/home/runner/work/painting-projects-management/painting-projects-management/back/PaintingProjectsManagement.Features.Materials/Domain/Events/MaterialEvents.cs
FN:28,.ctor(System.Guid, PaintingProjectsManagement.Features.Materials.Money, PaintingProjectsManagement.Features.Materials.Money)
FN:29,get_MaterialId()
FN:29,set_MaterialId(System.Guid)
FN:30,get_OldPrice()
FN:30,set_OldPrice(PaintingProjectsManagement.Features.Materials.Money)
FN:31,get_NewPrice()
FN:31,set_NewPrice(PaintingProjectsManagement.Features.Materials.Money)
FN:28,.ctor(PaintingProjectsManagement.Features.Materials.MaterialPackagePriceChanged)
FNDA:1,.ctor(System.Guid, PaintingProjectsManagement.Features.Materials.Money, PaintingProjectsManagement.Features.Materials.Money)
FNDA:1,get_MaterialId()
FNDA:1,set_MaterialId(System.Guid)
FNDA:1,get_OldPrice()
FNDA:1,set_OldPrice(PaintingProjectsManagement.Features.Materials.Money)
FNDA:1,get_NewPrice()
FNDA:1,set_NewPrice(PaintingProjectsManagement.Features.Materials.Money)
FNDA:1,.ctor(PaintingProjectsManagement.Features.Materials.MaterialPackagePriceChanged)
FNF:8
FNH:8
BRF:0
BRH:0
DA:28,1
DA:29,1
DA:30,1
DA:31,1
DA:32,1
LH:5
LF:5
end_of_record
SF:/home/runner/work/painting-projects-management/painting-projects-management/back/PaintingProjectsManagement.Features.Materials/Integrations/Handlers/MaterialUpdatedHandler.cs
FN:16,.ctor(Microsoft.Extensions.DependencyInjection.IServiceScopeFactory, Microsoft.Extensions.Options.IOptions<rbkApiModules.Commons.Core.DomainEventDispatcherOptions>, rbkApiModules.Commons.Core.IIntegrationOutbox)
FN:24,HandleAsync(rbkApiModules.Commons.Core.EventEnvelope<PaintingProjectsManagement.Features.Materials.MaterialPackageContentChanged>, System.Threading.CancellationToken)
FN:27,HandleAsync(rbkApiModules.Commons.Core.EventEnvelope<PaintingProjectsManagement.Features.Materials.MaterialPackagePriceChanged>, System.Threading.CancellationToken)
FN:30,HandleAsync(rbkApiModules.Commons.Core.EventEnvelope<PaintingProjectsManagement.Features.Materials.MaterialNameChanged>, System.Threading.CancellationToken)
FN:34,PublishUpdated()
FNDA:1,.ctor(Microsoft.Extensions.DependencyInjection.IServiceScopeFactory, Microsoft.Extensions.Options.IOptions<rbkApiModules.Commons.Core.DomainEventDispatcherOptions>, rbkApiModules.Commons.Core.IIntegrationOutbox)
FNDA:1,HandleAsync(rbkApiModules.Commons.Core.EventEnvelope<PaintingProjectsManagement.Features.Materials.MaterialPackageContentChanged>, System.Threading.CancellationToken)
FNDA:1,HandleAsync(rbkApiModules.Commons.Core.EventEnvelope<PaintingProjectsManagement.Features.Materials.MaterialPackagePriceChanged>, System.Threading.CancellationToken)
FNDA:1,HandleAsync(rbkApiModules.Commons.Core.EventEnvelope<PaintingProjectsManagement.Features.Materials.MaterialNameChanged>, System.Threading.CancellationToken)
FNDA:1,PublishUpdated()
FNF:5
FNH:5
BRDA:40,40,112,1
BRDA:40,40,113,1
BRDA:40,40,114,1
BRDA:40,40,115,1
BRDA:40,40,116,1
BRDA:40,40,117,-
BRDA:52,52,118,1
BRDA:52,52,119,-
BRF:8
BRH:6
DA:16,1
DA:18,1
DA:19,1
DA:20,1
DA:21,1
DA:24,1
DA:27,1
DA:30,1
DA:34,1
DA:36,1
DA:38,1
DA:40,1
DA:41,1
DA:42,1
DA:43,1
DA:44,1
DA:45,0
DA:46,1
DA:48,1
DA:49,1
DA:50,1
DA:52,1
DA:54,0
DA:57,1
DA:58,1
DA:59,1
DA:60,1
DA:61,1
DA:62,1
DA:63,1
DA:64,1
DA:66,1
DA:67,1
DA:68,1
DA:69,1
DA:70,1
DA:71,1
DA:72,1
DA:74,1
DA:75,1
LH:38
LF:40
end_of_record
SF:/home/runner/work/painting-projects-management/painting-projects-management/back/PaintingProjectsManagement.Features.Materials/Integrations/Handlers/MaterialUpdatedHandler.cs
FN:16,.ctor(Microsoft.Extensions.DependencyInjection.IServiceScopeFactory, Microsoft.Extensions.Options.IOptions<rbkApiModules.Commons.Core.DomainEventDispatcherOptions>, rbkApiModules.Commons.Core.IIntegrationOutbox)
FN:24,HandleAsync(rbkApiModules.Commons.Core.EventEnvelope<PaintingProjectsManagement.Features.Materials.MaterialPackageContentChanged>, System.Threading.CancellationToken)
FN:27,HandleAsync(rbkApiModules.Commons.Core.EventEnvelope<PaintingProjectsManagement.Features.Materials.MaterialPackagePriceChanged>, System.Threading.CancellationToken)
FN:30,HandleAsync(rbkApiModules.Commons.Core.EventEnvelope<PaintingProjectsManagement.Features.Materials.MaterialNameChanged>, System.Threading.CancellationToken)
FN:34,PublishUpdated()
FNDA:1,.ctor(Microsoft.Extensions.DependencyInjection.IServiceScopeFactory, Microsoft.Extensions.Options.IOptions<rbkApiModules.Commons.Core.DomainEventDispatcherOptions>, rbkApiModules.Commons.Core.IIntegrationOutbox)
FNDA:1,HandleAsync(rbkApiModules.Commons.Core.EventEnvelope<PaintingProjectsManagement.Features.Materials.MaterialPackageContentChanged>, System.Threading.CancellationToken)
FNDA:1,HandleAsync(rbkApiModules.Commons.Core.EventEnvelope<PaintingProjectsManagement.Features.Materials.MaterialPackagePriceChanged>, System.Threading.CancellationToken)
FNDA:1,HandleAsync(rbkApiModules.Commons.Core.EventEnvelope<PaintingProjectsManagement.Features.Materials.MaterialNameChanged>, System.Threading.CancellationToken)
FNDA:1,PublishUpdated()
FNF:5
FNH:5
BRDA:40,40,120,1
BRDA:40,40,121,1
BRDA:40,40,122,1
BRDA:40,40,123,1
BRDA:40,40,124,1
BRDA:40,40,125,-
BRDA:52,52,126,1
BRDA:52,52,127,-
BRF:8
BRH:6
DA:16,1
DA:18,1
DA:19,1
DA:20,1
DA:21,1
DA:24,1
DA:27,1
DA:30,1
DA:34,1
DA:36,1
DA:38,1
DA:40,1
DA:41,1
DA:42,1
DA:43,1
DA:44,1
DA:45,0
DA:46,1
DA:48,1
DA:49,1
DA:50,1
DA:52,1
DA:54,0
DA:57,1
DA:58,1
DA:59,1
DA:60,1
DA:61,1
DA:62,1
DA:63,1
DA:64,1
DA:66,1
DA:67,1
DA:68,1
DA:69,1
DA:70,1
DA:71,1
DA:72,1
DA:74,1
DA:75,1
LH:38
LF:40
end_of_record
SF:/home/runner/work/painting-projects-management/painting-projects-management/back/PaintingProjectsManagement.Features.Materials/Domain/Models/Money.cs
FN:7,.ctor()
FN:12,.ctor(double, string)
FN:30,get_Amount()
FN:30,set_Amount(double)
FN:32,get_CurrencyCode()
FN:32,set_CurrencyCode(string)
FN:34,ToString()
FN:5,.ctor(PaintingProjectsManagement.Features.Materials.Money)
FNDA:1,.ctor()
FNDA:1,.ctor(double, string)
FNDA:1,get_Amount()
FNDA:1,set_Amount(double)
FNDA:1,get_CurrencyCode()
FNDA:1,set_CurrencyCode(string)
FNDA:0,ToString()
FNDA:0,.ctor(PaintingProjectsManagement.Features.Materials.Money)
FNF:8
FNH:6
BRDA:16,16,128,1
BRDA:16,16,129,-
BRDA:21,21,130,1
BRDA:21,21,131,1
BRDA:21,21,132,-
BRDA:21,21,133,-
BRF:6
BRH:3
DA:5,0
DA:7,1
DA:10,1
DA:12,1
DA:14,1
DA:16,1
DA:18,0
DA:21,1
DA:23,0
DA:26,1
DA:27,1
DA:28,1
DA:30,1
DA:32,1
DA:34,0
LH:11
LF:15
end_of_record
SF:/home/runner/work/painting-projects-management/painting-projects-management/back/PaintingProjectsManagement.Features.Materials/UseCases/DataTransfer/MoneyDetails.cs
FN:5,get_CurrencyCode()
FN:5,set_CurrencyCode(string)
FN:6,get_Amount()
FN:6,set_Amount(double)
FN:8,ToString()
FN:10,get_Empty()
FN:5,.ctor()
FNDA:1,get_CurrencyCode()
FNDA:1,set_CurrencyCode(string)
FNDA:1,get_Amount()
FNDA:1,set_Amount(double)
FNDA:0,ToString()
FNDA:1,get_Empty()
FNDA:1,.ctor()
FNF:7
FNH:6
BRF:0
BRH:0
DA:5,1
DA:6,1
DA:8,0
DA:10,1
DA:11,1
DA:12,1
DA:13,1
DA:14,1
LH:7
LF:8
end_of_record
SF:/home/runner/work/painting-projects-management/painting-projects-management/back/PaintingProjectsManagement.Features.Materials/Domain/Models/Quantity.cs
FN:7,.ctor()
FN:12,.ctor(double, PaintingProjectsManagement.Features.Materials.PackageContentUnit)
FN:23,get_Amount()
FN:23,set_Amount(double)
FN:25,get_Unit()
FN:25,set_Unit(PaintingProjectsManagement.Features.Materials.PackageContentUnit)
FN:27,ToString()
FN:5,.ctor(PaintingProjectsManagement.Features.Materials.Quantity)
FNDA:1,.ctor()
FNDA:1,.ctor(double, PaintingProjectsManagement.Features.Materials.PackageContentUnit)
FNDA:1,get_Amount()
FNDA:1,set_Amount(double)
FNDA:1,get_Unit()
FNDA:1,set_Unit(PaintingProjectsManagement.Features.Materials.PackageContentUnit)
FNDA:0,ToString()
FNDA:0,.ctor(PaintingProjectsManagement.Features.Materials.Quantity)
FNF:8
FNH:6
BRDA:14,14,134,1
BRDA:14,14,135,-
BRF:2
BRH:1
DA:5,0
DA:7,1
DA:10,1
DA:12,1
DA:14,1
DA:16,0
DA:19,1
DA:20,1
DA:21,1
DA:23,1
DA:25,1
DA:27,0
LH:9
LF:12
end_of_record
SF:/home/runner/work/painting-projects-management/painting-projects-management/back/PaintingProjectsManagement.Features.Materials/UseCases/DataTransfer/QuantityDetails.cs
FN:5,get_Unit()
FN:5,set_Unit(rbkApiModules.Commons.Core.Abstractions.EnumReference)
FN:6,get_Amount()
FN:6,set_Amount(double)
FN:8,ToString()
FN:10,get_Empty()
FN:5,.ctor()
FNDA:1,get_Unit()
FNDA:1,set_Unit(rbkApiModules.Commons.Core.Abstractions.EnumReference)
FNDA:1,get_Amount()
FNDA:1,set_Amount(double)
FNDA:0,ToString()
FNDA:1,get_Empty()
FNDA:1,.ctor()
FNF:7
FNH:6
BRF:0
BRH:0
DA:5,1
DA:6,1
DA:8,0
DA:10,1
DA:11,1
DA:12,1
DA:13,1
DA:14,1
LH:7
LF:8
end_of_record
SF:/home/runner/work/painting-projects-management/painting-projects-management/back/PaintingProjectsManagement.Features.Materials/UseCases/Commands/UpdateMaterial.cs
FN:7,MapEndpoint(Microsoft.AspNetCore.Routing.IEndpointRouteBuilder)
FN:21,get_Id()
FN:21,set_Id(System.Guid)
FN:22,get_Name()
FN:22,set_Name(string)
FN:23,get_PackageContentAmount()
FN:23,set_PackageContentAmount(double)
FN:24,get_PackageContentUnit()
FN:24,set_PackageContentUnit(int)
FN:25,get_PackagePriceAmount()
FN:25,set_PackagePriceAmount(double)
FN:26,get_PackagePriceCurrency()
FN:26,set_PackagePriceCurrency(string)
FN:22,.ctor()
FN:31,.ctor(Microsoft.EntityFrameworkCore.DbContext)
FN:37,ValidateBusinessRules()
FN:59,.ctor(Microsoft.EntityFrameworkCore.DbContext)
FN:40,<ValidateBusinessRules()
FN:64,HandleAsync()
FN:9,<MapEndpoint()
FNDA:1,MapEndpoint(Microsoft.AspNetCore.Routing.IEndpointRouteBuilder)
FNDA:1,get_Id()
FNDA:1,set_Id(System.Guid)
FNDA:1,get_Name()
FNDA:1,set_Name(string)
FNDA:1,get_PackageContentAmount()
FNDA:1,set_PackageContentAmount(double)
FNDA:1,get_PackageContentUnit()
FNDA:1,set_PackageContentUnit(int)
FNDA:1,get_PackagePriceAmount()
FNDA:1,set_PackagePriceAmount(double)
FNDA:1,get_PackagePriceCurrency()
FNDA:1,set_PackagePriceCurrency(string)
FNDA:1,.ctor()
FNDA:1,.ctor(Microsoft.EntityFrameworkCore.DbContext)
FNDA:1,ValidateBusinessRules()
FNDA:1,.ctor(Microsoft.EntityFrameworkCore.DbContext)
FNDA:1,<ValidateBusinessRules()
FNDA:1,HandleAsync()
FNDA:1,<MapEndpoint()
FNF:20
FNH:20
BRDA:7,7,136,1
BRDA:7,7,137,1
BRF:2
BRH:2
DA:7,1
DA:8,1
DA:9,1
DA:10,1
DA:11,1
DA:12,1
DA:13,1
DA:14,1
DA:15,1
DA:16,1
DA:17,1
DA:21,1
DA:22,1
DA:23,1
DA:24,1
DA:25,1
DA:26,1
DA:31,1
DA:33,1
DA:37,1
DA:38,1
DA:39,1
DA:40,1
DA:41,1
DA:42,1
DA:44,1
DA:45,1
DA:46,1
DA:48,1
DA:49,1
DA:50,1
DA:52,1
DA:53,1
DA:54,1
DA:55,1
DA:56,1
DA:59,1
DA:64,1
DA:65,1
DA:66,1
DA:68,1
DA:69,1
DA:70,1
DA:71,1
DA:72,1
DA:74,1
DA:76,1
DA:78,1
DA:79,1
LH:49
LF:49
end_of_record
SF:/home/runner/work/painting-projects-management/painting-projects-management/back/PaintingProjectsManagement.Features.Materials/UseCases/Commands/UpdateMaterial.cs
FN:59,.ctor(Microsoft.EntityFrameworkCore.DbContext)
FN:64,HandleAsync()
FNDA:1,.ctor(Microsoft.EntityFrameworkCore.DbContext)
FNDA:1,HandleAsync()
FNF:2
FNH:2
BRF:0
BRH:0
DA:59,1
DA:64,1
DA:65,1
DA:66,1
DA:68,1
DA:69,1
DA:70,1
DA:71,1
DA:72,1
DA:74,1
DA:76,1
DA:78,1
DA:79,1
LH:13
LF:13
end_of_record
SF:/home/runner/work/painting-projects-management/painting-projects-management/back/PaintingProjectsManagement.Features.Materials/UseCases/Commands/UpdateMaterial.cs
FN:21,get_Id()
FN:21,set_Id(System.Guid)
FN:22,get_Name()
FN:22,set_Name(string)
FN:23,get_PackageContentAmount()
FN:23,set_PackageContentAmount(double)
FN:24,get_PackageContentUnit()
FN:24,set_PackageContentUnit(int)
FN:25,get_PackagePriceAmount()
FN:25,set_PackagePriceAmount(double)
FN:26,get_PackagePriceCurrency()
FN:26,set_PackagePriceCurrency(string)
FN:22,.ctor()
FNDA:1,get_Id()
FNDA:1,set_Id(System.Guid)
FNDA:1,get_Name()
FNDA:1,set_Name(string)
FNDA:1,get_PackageContentAmount()
FNDA:1,set_PackageContentAmount(double)
FNDA:1,get_PackageContentUnit()
FNDA:1,set_PackageContentUnit(int)
FNDA:1,get_PackagePriceAmount()
FNDA:1,set_PackagePriceAmount(double)
FNDA:1,get_PackagePriceCurrency()
FNDA:1,set_PackagePriceCurrency(string)
FNDA:1,.ctor()
FNF:13
FNH:13
BRF:0
BRH:0
DA:21,1
DA:22,1
DA:23,1
DA:24,1
DA:25,1
DA:26,1
LH:6
LF:6
end_of_record
SF:/home/runner/work/painting-projects-management/painting-projects-management/back/PaintingProjectsManagement.Features.Materials/UseCases/Commands/UpdateMaterial.cs
FN:31,.ctor(Microsoft.EntityFrameworkCore.DbContext)
FN:37,ValidateBusinessRules()
FN:40,<ValidateBusinessRules()
FNDA:1,.ctor(Microsoft.EntityFrameworkCore.DbContext)
FNDA:1,ValidateBusinessRules()
FNDA:1,<ValidateBusinessRules()
FNF:3
FNH:3
BRF:0
BRH:0
DA:31,1
DA:33,1
DA:37,1
DA:38,1
DA:39,1
DA:40,1
DA:41,1
DA:42,1
DA:44,1
DA:45,1
DA:46,1
DA:48,1
DA:49,1
DA:50,1
DA:52,1
DA:53,1
DA:54,1
DA:55,1
DA:56,1
LH:19
LF:19
end_of_record
SF:/home/runner/work/painting-projects-management/painting-projects-management/back/PaintingProjectsManagement.Features.Materials.Abstractions/Integrations/Events/MaterialEvents.cs
FN:5,.ctor(System.Guid, string, double, string, double, string)
FN:6,get_MaterialId()
FN:6,set_MaterialId(System.Guid)
FN:7,get_Name()
FN:7,set_Name(string)
FN:8,get_PackageContentAmount()
FN:8,set_PackageContentAmount(double)
FN:9,get_PackageContentUnit()
FN:9,set_PackageContentUnit(string)
FN:10,get_PackagePriceAmount()
FN:10,set_PackagePriceAmount(double)
FN:11,get_PackagePriceCurrency()
FN:11,set_PackagePriceCurrency(string)
FN:5,.ctor(PaintingProjectsManagement.Features.Materials.Abstractions.MaterialCreatedV1)
FNDA:1,.ctor(System.Guid, string, double, string, double, string)
FNDA:1,get_MaterialId()
FNDA:1,set_MaterialId(System.Guid)
FNDA:1,get_Name()
FNDA:1,set_Name(string)
FNDA:1,get_PackageContentAmount()
FNDA:1,set_PackageContentAmount(double)
FNDA:1,get_PackageContentUnit()
FNDA:1,set_PackageContentUnit(string)
FNDA:1,get_PackagePriceAmount()
FNDA:1,set_PackagePriceAmount(double)
FNDA:1,get_PackagePriceCurrency()
FNDA:1,set_PackagePriceCurrency(string)
FNDA:1,.ctor(PaintingProjectsManagement.Features.Materials.Abstractions.MaterialCreatedV1)
FNF:14
FNH:14
BRF:0
BRH:0
DA:5,1
DA:6,1
DA:7,1
DA:8,1
DA:9,1
DA:10,1
DA:11,1
DA:12,1
LH:8
LF:8
end_of_record
SF:/home/runner/work/painting-projects-management/painting-projects-management/back/PaintingProjectsManagement.Features.Materials.Abstractions/Integrations/Events/MaterialEvents.cs
FN:16,.ctor(System.Guid)
FN:17,get_MaterialId()
FN:17,set_MaterialId(System.Guid)
FN:16,.ctor(PaintingProjectsManagement.Features.Materials.Abstractions.MaterialDeletedV1)
FNDA:1,.ctor(System.Guid)
FNDA:1,get_MaterialId()
FNDA:1,set_MaterialId(System.Guid)
FNDA:1,.ctor(PaintingProjectsManagement.Features.Materials.Abstractions.MaterialDeletedV1)
FNF:4
FNH:4
BRF:0
BRH:0
DA:16,1
DA:17,1
DA:18,1
LH:3
LF:3
end_of_record
SF:/home/runner/work/painting-projects-management/painting-projects-management/back/PaintingProjectsManagement.Features.Materials.Abstractions/Integrations/Events/MaterialEvents.cs
FN:22,.ctor(System.Guid, string, double, string, double, string)
FN:23,get_MaterialId()
FN:23,set_MaterialId(System.Guid)
FN:24,get_Name()
FN:24,set_Name(string)
FN:25,get_PackageContentAmount()
FN:25,set_PackageContentAmount(double)
FN:26,get_PackageContentUnit()
FN:26,set_PackageContentUnit(string)
FN:27,get_PackagePriceAmount()
FN:27,set_PackagePriceAmount(double)
FN:28,get_PackagePriceCurrency()
FN:28,set_PackagePriceCurrency(string)
FN:22,.ctor(PaintingProjectsManagement.Features.Materials.Abstractions.MaterialUpdatedV1)
FNDA:1,.ctor(System.Guid, string, double, string, double, string)
FNDA:1,get_MaterialId()
FNDA:1,set_MaterialId(System.Guid)
FNDA:1,get_Name()
FNDA:1,set_Name(string)
FNDA:1,get_PackageContentAmount()
FNDA:1,set_PackageContentAmount(double)
FNDA:1,get_PackageContentUnit()
FNDA:1,set_PackageContentUnit(string)
FNDA:1,get_PackagePriceAmount()
FNDA:1,set_PackagePriceAmount(double)
FNDA:1,get_PackagePriceCurrency()
FNDA:1,set_PackagePriceCurrency(string)
FNDA:1,.ctor(PaintingProjectsManagement.Features.Materials.Abstractions.MaterialUpdatedV1)
FNF:14
FNH:14
BRF:0
BRH:0
DA:22,1
DA:23,1
DA:24,1
DA:25,1
DA:26,1
DA:27,1
DA:28,1
DA:29,1
LH:8
LF:8
end_of_record
SF:/home/runner/work/painting-projects-management/painting-projects-management/back/PaintingProjectsManagement.Features.Models/Builder.cs
FN:9,AddModelsFeature(Microsoft.Extensions.DependencyInjection.IServiceCollection)
FN:22,MapPrintingModelsFeature(Microsoft.AspNetCore.Routing.IEndpointRouteBuilder)
FNDA:1,AddModelsFeature(Microsoft.Extensions.DependencyInjection.IServiceCollection)
FNDA:1,MapPrintingModelsFeature(Microsoft.AspNetCore.Routing.IEndpointRouteBuilder)
FNF:2
FNH:2
BRF:0
BRH:0
DA:9,1
DA:10,1
DA:11,1
DA:12,1
DA:13,1
DA:14,1
DA:15,1
DA:17,1
DA:22,1
DA:23,1
DA:25,1
LH:11
LF:11
end_of_record
SF:/home/runner/work/painting-projects-management/painting-projects-management/back/PaintingProjectsManagement.Features.Models/UseCases/Models/Commands/CreateModel.cs
FN:7,MapEndpoint(Microsoft.AspNetCore.Routing.IEndpointRouteBuilder)
FN:21,get_CategoryId()
FN:21,set_CategoryId(System.Guid)
FN:22,get_Artist()
FN:22,set_Artist(string)
FN:23,get_Tags()
FN:23,set_Tags(string[])
FN:24,get_Characters()
FN:24,set_Characters(string[])
FN:25,get_Name()
FN:25,set_Name(string)
FN:26,get_BaseSize()
FN:26,set_BaseSize(PaintingProjectsManagement.Features.Models.BaseSize)
FN:27,get_FigureSize()
FN:27,set_FigureSize(PaintingProjectsManagement.Features.Models.FigureSize)
FN:28,get_NumberOfFigures()
FN:28,set_NumberOfFigures(int)
FN:29,get_Franchise()
FN:29,set_Franchise(string)
FN:30,get_Type()
FN:30,set_Type(PaintingProjectsManagement.Features.Models.ModelType)
FN:31,get_SizeInMb()
FN:31,set_SizeInMb(int)
FN:22,.ctor()
FN:36,.ctor(Microsoft.EntityFrameworkCore.DbContext, rbkApiModules.Commons.Core.ILocalizationService)
FN:42,ValidateBusinessRules()
FN:68,.ctor(Microsoft.EntityFrameworkCore.DbContext)
FN:73,HandleAsync()
FN:9,<MapEndpoint()
FNDA:1,MapEndpoint(Microsoft.AspNetCore.Routing.IEndpointRouteBuilder)
FNDA:0,get_CategoryId()
FNDA:0,set_CategoryId(System.Guid)
FNDA:0,get_Artist()
FNDA:0,set_Artist(string)
FNDA:0,get_Tags()
FNDA:0,set_Tags(string[])
FNDA:0,get_Characters()
FNDA:0,set_Characters(string[])
FNDA:0,get_Name()
FNDA:0,set_Name(string)
FNDA:0,get_BaseSize()
FNDA:0,set_BaseSize(PaintingProjectsManagement.Features.Models.BaseSize)
FNDA:0,get_FigureSize()
FNDA:0,set_FigureSize(PaintingProjectsManagement.Features.Models.FigureSize)
FNDA:0,get_NumberOfFigures()
FNDA:0,set_NumberOfFigures(int)
FNDA:0,get_Franchise()
FNDA:0,set_Franchise(string)
FNDA:0,get_Type()
FNDA:0,set_Type(PaintingProjectsManagement.Features.Models.ModelType)
FNDA:0,get_SizeInMb()
FNDA:0,set_SizeInMb(int)
FNDA:0,.ctor()
FNDA:0,.ctor(Microsoft.EntityFrameworkCore.DbContext, rbkApiModules.Commons.Core.ILocalizationService)
FNDA:0,ValidateBusinessRules()
FNDA:0,.ctor(Microsoft.EntityFrameworkCore.DbContext)
FNDA:0,HandleAsync()
FNDA:0,<MapEndpoint()
FNF:29
FNH:2
BRDA:7,7,138,1
BRDA:7,7,139,1
BRDA:42,42,140,-
BRDA:42,42,141,-
BRDA:50,50,142,-
BRDA:50,50,143,-
BRDA:77,77,144,-
BRDA:77,77,145,-
BRDA:77,77,146,-
BRDA:77,77,147,-
BRF:10
BRH:2
DA:7,1
DA:8,1
DA:9,0
DA:10,1
DA:11,0
DA:12,0
DA:13,1
DA:14,1
DA:15,1
DA:16,1
DA:17,1
DA:21,0
DA:22,0
DA:23,0
DA:24,0
DA:25,0
DA:26,0
DA:27,0
DA:28,0
DA:29,0
DA:30,0
DA:31,0
DA:36,0
DA:38,0
DA:42,0
DA:43,0
DA:44,0
DA:45,0
DA:46,0
DA:47,0
DA:48,0
DA:50,0
DA:51,0
DA:52,0
DA:53,0
DA:54,0
DA:55,0
DA:56,0
DA:58,0
DA:59,0
DA:60,0
DA:62,0
DA:63,0
DA:64,0
DA:65,0
DA:68,0
DA:73,0
DA:74,0
DA:75,0
DA:77,0
DA:78,0
DA:79,0
DA:80,0
DA:81,0
DA:82,0
DA:83,0
DA:84,0
DA:85,0
DA:86,0
DA:87,0
DA:88,0
DA:89,0
DA:90,0
DA:92,0
DA:94,0
DA:96,0
DA:98,0
DA:99,0
LH:8
LF:68
end_of_record
SF:/home/runner/work/painting-projects-management/painting-projects-management/back/PaintingProjectsManagement.Features.Models/UseCases/Models/Commands/CreateModel.cs
FN:68,.ctor(Microsoft.EntityFrameworkCore.DbContext)
FN:73,HandleAsync()
FNDA:0,.ctor(Microsoft.EntityFrameworkCore.DbContext)
FNDA:0,HandleAsync()
FNF:2
FNH:0
BRDA:77,77,148,-
BRDA:77,77,149,-
BRDA:77,77,150,-
BRDA:77,77,151,-
BRF:4
BRH:0
DA:68,0
DA:73,0
DA:74,0
DA:75,0
DA:77,0
DA:78,0
DA:79,0
DA:80,0
DA:81,0
DA:82,0
DA:83,0
DA:84,0
DA:85,0
DA:86,0
DA:87,0
DA:88,0
DA:89,0
DA:90,0
DA:92,0
DA:94,0
DA:96,0
DA:98,0
DA:99,0
LH:0
LF:23
end_of_record
SF:/home/runner/work/painting-projects-management/painting-projects-management/back/PaintingProjectsManagement.Features.Models/UseCases/Models/Commands/CreateModel.cs
FN:21,get_CategoryId()
FN:21,set_CategoryId(System.Guid)
FN:22,get_Artist()
FN:22,set_Artist(string)
FN:23,get_Tags()
FN:23,set_Tags(string[])
FN:24,get_Characters()
FN:24,set_Characters(string[])
FN:25,get_Name()
FN:25,set_Name(string)
FN:26,get_BaseSize()
FN:26,set_BaseSize(PaintingProjectsManagement.Features.Models.BaseSize)
FN:27,get_FigureSize()
FN:27,set_FigureSize(PaintingProjectsManagement.Features.Models.FigureSize)
FN:28,get_NumberOfFigures()
FN:28,set_NumberOfFigures(int)
FN:29,get_Franchise()
FN:29,set_Franchise(string)
FN:30,get_Type()
FN:30,set_Type(PaintingProjectsManagement.Features.Models.ModelType)
FN:31,get_SizeInMb()
FN:31,set_SizeInMb(int)
FN:22,.ctor()
FNDA:0,get_CategoryId()
FNDA:0,set_CategoryId(System.Guid)
FNDA:0,get_Artist()
FNDA:0,set_Artist(string)
FNDA:0,get_Tags()
FNDA:0,set_Tags(string[])
FNDA:0,get_Characters()
FNDA:0,set_Characters(string[])
FNDA:0,get_Name()
FNDA:0,set_Name(string)
FNDA:0,get_BaseSize()
FNDA:0,set_BaseSize(PaintingProjectsManagement.Features.Models.BaseSize)
FNDA:0,get_FigureSize()
FNDA:0,set_FigureSize(PaintingProjectsManagement.Features.Models.FigureSize)
FNDA:0,get_NumberOfFigures()
FNDA:0,set_NumberOfFigures(int)
FNDA:0,get_Franchise()
FNDA:0,set_Franchise(string)
FNDA:0,get_Type()
FNDA:0,set_Type(PaintingProjectsManagement.Features.Models.ModelType)
FNDA:0,get_SizeInMb()
FNDA:0,set_SizeInMb(int)
FNDA:0,.ctor()
FNF:23
FNH:0
BRF:0
BRH:0
DA:21,0
DA:22,0
DA:23,0
DA:24,0
DA:25,0
DA:26,0
DA:27,0
DA:28,0
DA:29,0
DA:30,0
DA:31,0
LH:0
LF:11
end_of_record
SF:/home/runner/work/painting-projects-management/painting-projects-management/back/PaintingProjectsManagement.Features.Models/UseCases/Models/Commands/CreateModel.cs
FN:36,.ctor(Microsoft.EntityFrameworkCore.DbContext, rbkApiModules.Commons.Core.ILocalizationService)
FN:42,ValidateBusinessRules()
FNDA:0,.ctor(Microsoft.EntityFrameworkCore.DbContext, rbkApiModules.Commons.Core.ILocalizationService)
FNDA:0,ValidateBusinessRules()
FNF:2
FNH:0
BRDA:42,42,152,-
BRDA:42,42,153,-
BRDA:50,50,154,-
BRDA:50,50,155,-
BRF:4
BRH:0
DA:36,0
DA:38,0
DA:42,0
DA:43,0
DA:44,0
DA:45,0
DA:46,0
DA:47,0
DA:48,0
DA:50,0
DA:51,0
DA:52,0
DA:53,0
DA:54,0
DA:55,0
DA:56,0
DA:58,0
DA:59,0
DA:60,0
DA:62,0
DA:63,0
DA:64,0
DA:65,0
LH:0
LF:23
end_of_record
SF:/home/runner/work/painting-projects-management/painting-projects-management/back/PaintingProjectsManagement.Features.Models/UseCases/ModelCategories/Commands/CreateModelCategory.cs
FN:7,MapEndpoint(Microsoft.AspNetCore.Routing.IEndpointRouteBuilder)
FN:21,get_Name()
FN:21,set_Name(string)
FN:21,.ctor()
FN:26,.ctor(Microsoft.EntityFrameworkCore.DbContext, rbkApiModules.Commons.Core.ILocalizationService)
FN:33,ValidateBusinessRules()
FN:40,.ctor(Microsoft.EntityFrameworkCore.DbContext)
FN:35,<ValidateBusinessRules()
FN:44,HandleAsync()
FN:9,<MapEndpoint()
FNDA:1,MapEndpoint(Microsoft.AspNetCore.Routing.IEndpointRouteBuilder)
FNDA:0,get_Name()
FNDA:0,set_Name(string)
FNDA:0,.ctor()
FNDA:0,.ctor(Microsoft.EntityFrameworkCore.DbContext, rbkApiModules.Commons.Core.ILocalizationService)
FNDA:0,ValidateBusinessRules()
FNDA:0,.ctor(Microsoft.EntityFrameworkCore.DbContext)
FNDA:0,<ValidateBusinessRules()
FNDA:0,HandleAsync()
FNDA:0,<MapEndpoint()
FNF:10
FNH:2
BRDA:7,7,156,1
BRDA:7,7,157,1
BRF:2
BRH:2
DA:7,1
DA:8,1
DA:9,0
DA:10,1
DA:11,0
DA:12,0
DA:13,1
DA:14,1
DA:15,1
DA:16,1
DA:17,1
DA:21,0
DA:26,0
DA:28,0
DA:33,0
DA:34,0
DA:35,0
DA:36,0
DA:37,0
DA:40,0
DA:44,0
DA:46,0
DA:48,0
DA:50,0
DA:52,0
DA:53,0
LH:8
LF:26
end_of_record
SF:/home/runner/work/painting-projects-management/painting-projects-management/back/PaintingProjectsManagement.Features.Models/UseCases/ModelCategories/Commands/CreateModelCategory.cs
FN:40,.ctor(Microsoft.EntityFrameworkCore.DbContext)
FN:44,HandleAsync()
FNDA:0,.ctor(Microsoft.EntityFrameworkCore.DbContext)
FNDA:0,HandleAsync()
FNF:2
FNH:0
BRF:0
BRH:0
DA:40,0
DA:44,0
DA:46,0
DA:48,0
DA:50,0
DA:52,0
DA:53,0
LH:0
LF:7
end_of_record
SF:/home/runner/work/painting-projects-management/painting-projects-management/back/PaintingProjectsManagement.Features.Models/UseCases/ModelCategories/Commands/CreateModelCategory.cs
FN:21,get_Name()
FN:21,set_Name(string)
FN:21,.ctor()
FNDA:0,get_Name()
FNDA:0,set_Name(string)
FNDA:0,.ctor()
FNF:3
FNH:0
BRF:0
BRH:0
DA:21,0
LH:0
LF:1
end_of_record
SF:/home/runner/work/painting-projects-management/painting-projects-management/back/PaintingProjectsManagement.Features.Models/UseCases/ModelCategories/Commands/CreateModelCategory.cs
FN:26,.ctor(Microsoft.EntityFrameworkCore.DbContext, rbkApiModules.Commons.Core.ILocalizationService)
FN:33,ValidateBusinessRules()
FN:35,<ValidateBusinessRules()
FNDA:0,.ctor(Microsoft.EntityFrameworkCore.DbContext, rbkApiModules.Commons.Core.ILocalizationService)
FNDA:0,ValidateBusinessRules()
FNDA:0,<ValidateBusinessRules()
FNF:3
FNH:0
BRF:0
BRH:0
DA:26,0
DA:28,0
DA:33,0
DA:34,0
DA:35,0
DA:36,0
DA:37,0
LH:0
LF:7
end_of_record
SF:/home/runner/work/painting-projects-management/painting-projects-management/back/PaintingProjectsManagement.Features.Models/UseCases/Models/Commands/DeleteModel.cs
FN:7,MapEndpoint(Microsoft.AspNetCore.Routing.IEndpointRouteBuilder)
FN:21,get_Id()
FN:21,set_Id(System.Guid)
FN:26,.ctor(Microsoft.EntityFrameworkCore.DbContext, rbkApiModules.Commons.Core.ILocalizationService)
FN:32,ValidateBusinessRules()
FN:35,.ctor(Microsoft.EntityFrameworkCore.DbContext)
FN:40,HandleAsync()
FN:9,<MapEndpoint()
FNDA:1,MapEndpoint(Microsoft.AspNetCore.Routing.IEndpointRouteBuilder)
FNDA:0,get_Id()
FNDA:0,set_Id(System.Guid)
FNDA:0,.ctor(Microsoft.EntityFrameworkCore.DbContext, rbkApiModules.Commons.Core.ILocalizationService)
FNDA:0,ValidateBusinessRules()
FNDA:0,.ctor(Microsoft.EntityFrameworkCore.DbContext)
FNDA:0,HandleAsync()
FNDA:0,<MapEndpoint()
FNF:8
FNH:2
BRDA:7,7,158,1
BRDA:7,7,159,1
BRF:2
BRH:2
DA:7,1
DA:8,1
DA:9,0
DA:10,1
DA:11,0
DA:12,0
DA:13,1
DA:14,1
DA:15,1
DA:16,1
DA:17,1
DA:21,0
DA:26,0
DA:28,0
DA:32,0
DA:35,0
DA:40,0
DA:42,0
DA:44,0
DA:46,0
DA:47,0
LH:8
LF:21
end_of_record
SF:/home/runner/work/painting-projects-management/painting-projects-management/back/PaintingProjectsManagement.Features.Models/UseCases/Models/Commands/DeleteModel.cs
FN:35,.ctor(Microsoft.EntityFrameworkCore.DbContext)
FN:40,HandleAsync()
FNDA:0,.ctor(Microsoft.EntityFrameworkCore.DbContext)
FNDA:0,HandleAsync()
FNF:2
FNH:0
BRF:0
BRH:0
DA:35,0
DA:40,0
DA:42,0
DA:44,0
DA:46,0
DA:47,0
LH:0
LF:6
end_of_record
SF:/home/runner/work/painting-projects-management/painting-projects-management/back/PaintingProjectsManagement.Features.Models/UseCases/Models/Commands/DeleteModel.cs
FN:21,get_Id()
FN:21,set_Id(System.Guid)
FNDA:0,get_Id()
FNDA:0,set_Id(System.Guid)
FNF:2
FNH:0
BRF:0
BRH:0
DA:21,0
LH:0
LF:1
end_of_record
SF:/home/runner/work/painting-projects-management/painting-projects-management/back/PaintingProjectsManagement.Features.Models/UseCases/Models/Commands/DeleteModel.cs
FN:26,.ctor(Microsoft.EntityFrameworkCore.DbContext, rbkApiModules.Commons.Core.ILocalizationService)
FN:32,ValidateBusinessRules()
FNDA:0,.ctor(Microsoft.EntityFrameworkCore.DbContext, rbkApiModules.Commons.Core.ILocalizationService)
FNDA:0,ValidateBusinessRules()
FNF:2
FNH:0
BRF:0
BRH:0
DA:26,0
DA:28,0
DA:32,0
LH:0
LF:3
end_of_record
SF:/home/runner/work/painting-projects-management/painting-projects-management/back/PaintingProjectsManagement.Features.Models/UseCases/ModelCategories/Commands/DeleteModelCategory.cs
FN:9,MapEndpoint(Microsoft.AspNetCore.Routing.IEndpointRouteBuilder)
FN:23,get_Id()
FN:23,set_Id(System.Guid)
FN:28,.ctor(Microsoft.EntityFrameworkCore.DbContext, rbkApiModules.Commons.Core.ILocalizationService)
FN:34,ValidateBusinessRules()
FN:37,.ctor(Microsoft.EntityFrameworkCore.DbContext)
FN:41,HandleAsync()
FN:11,<MapEndpoint()
FNDA:1,MapEndpoint(Microsoft.AspNetCore.Routing.IEndpointRouteBuilder)
FNDA:0,get_Id()
FNDA:0,set_Id(System.Guid)
FNDA:0,.ctor(Microsoft.EntityFrameworkCore.DbContext, rbkApiModules.Commons.Core.ILocalizationService)
FNDA:0,ValidateBusinessRules()
FNDA:0,.ctor(Microsoft.EntityFrameworkCore.DbContext)
FNDA:0,HandleAsync()
FNDA:0,<MapEndpoint()
FNF:8
FNH:2
BRDA:9,9,160,1
BRDA:9,9,161,1
BRF:2
BRH:2
DA:9,1
DA:10,1
DA:11,0
DA:12,1
DA:13,0
DA:14,0
DA:15,1
DA:16,1
DA:17,1
DA:18,1
DA:19,1
DA:23,0
DA:28,0
DA:30,0
DA:34,0
DA:37,0
DA:41,0
DA:42,0
DA:43,0
DA:45,0
DA:47,0
DA:49,0
DA:50,0
LH:8
LF:23
end_of_record
SF:/home/runner/work/painting-projects-management/painting-projects-management/back/PaintingProjectsManagement.Features.Models/UseCases/ModelCategories/Commands/DeleteModelCategory.cs
FN:37,.ctor(Microsoft.EntityFrameworkCore.DbContext)
FN:41,HandleAsync()
FNDA:0,.ctor(Microsoft.EntityFrameworkCore.DbContext)
FNDA:0,HandleAsync()
FNF:2
FNH:0
BRF:0
BRH:0
DA:37,0
DA:41,0
DA:42,0
DA:43,0
DA:45,0
DA:47,0
DA:49,0
DA:50,0
LH:0
LF:8
end_of_record
SF:/home/runner/work/painting-projects-management/painting-projects-management/back/PaintingProjectsManagement.Features.Models/UseCases/ModelCategories/Commands/DeleteModelCategory.cs
FN:23,get_Id()
FN:23,set_Id(System.Guid)
FNDA:0,get_Id()
FNDA:0,set_Id(System.Guid)
FNF:2
FNH:0
BRF:0
BRH:0
DA:23,0
LH:0
LF:1
end_of_record
SF:/home/runner/work/painting-projects-management/painting-projects-management/back/PaintingProjectsManagement.Features.Models/UseCases/ModelCategories/Commands/DeleteModelCategory.cs
FN:28,.ctor(Microsoft.EntityFrameworkCore.DbContext, rbkApiModules.Commons.Core.ILocalizationService)
FN:34,ValidateBusinessRules()
FNDA:0,.ctor(Microsoft.EntityFrameworkCore.DbContext, rbkApiModules.Commons.Core.ILocalizationService)
FNDA:0,ValidateBusinessRules()
FNF:2
FNH:0
BRF:0
BRH:0
DA:28,0
DA:30,0
DA:34,0
LH:0
LF:3
end_of_record
SF:/home/runner/work/painting-projects-management/painting-projects-management/back/PaintingProjectsManagement.Features.Models/UseCases/Models/Commands/DeleteModelPicture.cs
FN:7,MapEndpoint(Microsoft.AspNetCore.Routing.IEndpointRouteBuilder)
FN:21,get_ModelId()
FN:21,set_ModelId(System.Guid)
FN:22,get_PictureUrl()
FN:22,set_PictureUrl(string)
FN:22,.ctor()
FN:27,.ctor(Microsoft.EntityFrameworkCore.DbContext, rbkApiModules.Commons.Core.ILocalizationService)
FN:33,ValidateBusinessRules()
FN:47,.ctor(Microsoft.EntityFrameworkCore.DbContext, rbkApiModules.Commons.Core.IFileStorage)
FN:40,<ValidateBusinessRules()
FN:51,HandleAsync()
FN:9,<MapEndpoint()
FNDA:1,MapEndpoint(Microsoft.AspNetCore.Routing.IEndpointRouteBuilder)
FNDA:0,get_ModelId()
FNDA:0,set_ModelId(System.Guid)
FNDA:0,get_PictureUrl()
FNDA:0,set_PictureUrl(string)
FNDA:0,.ctor()
FNDA:0,.ctor(Microsoft.EntityFrameworkCore.DbContext, rbkApiModules.Commons.Core.ILocalizationService)
FNDA:0,ValidateBusinessRules()
FNDA:0,.ctor(Microsoft.EntityFrameworkCore.DbContext, rbkApiModules.Commons.Core.IFileStorage)
FNDA:0,<ValidateBusinessRules()
FNDA:0,HandleAsync()
FNDA:0,<MapEndpoint()
FNF:12
FNH:2
BRDA:7,7,162,1
BRDA:7,7,163,1
BRDA:41,41,164,-
BRDA:41,41,165,-
BRDA:54,54,166,-
BRDA:54,54,167,-
BRF:6
BRH:2
DA:7,1
DA:8,1
DA:9,0
DA:10,1
DA:11,0
DA:12,0
DA:13,1
DA:14,1
DA:15,1
DA:16,1
DA:17,1
DA:21,0
DA:22,0
DA:27,0
DA:29,0
DA:33,0
DA:34,0
DA:35,0
DA:37,0
DA:38,0
DA:39,0
DA:40,0
DA:41,0
DA:42,0
DA:43,0
DA:44,0
DA:47,0
DA:51,0
DA:52,0
DA:54,0
DA:56,0
DA:59,0
DA:61,0
DA:63,0
DA:64,0
LH:8
LF:35
end_of_record
SF:/home/runner/work/painting-projects-management/painting-projects-management/back/PaintingProjectsManagement.Features.Models/UseCases/Models/Commands/DeleteModelPicture.cs
FN:47,.ctor(Microsoft.EntityFrameworkCore.DbContext, rbkApiModules.Commons.Core.IFileStorage)
FN:51,HandleAsync()
FNDA:0,.ctor(Microsoft.EntityFrameworkCore.DbContext, rbkApiModules.Commons.Core.IFileStorage)
FNDA:0,HandleAsync()
FNF:2
FNH:0
BRDA:54,54,168,-
BRDA:54,54,169,-
BRF:2
BRH:0
DA:47,0
DA:51,0
DA:52,0
DA:54,0
DA:56,0
DA:59,0
DA:61,0
DA:63,0
DA:64,0
LH:0
LF:9
end_of_record
SF:/home/runner/work/painting-projects-management/painting-projects-management/back/PaintingProjectsManagement.Features.Models/UseCases/Models/Commands/DeleteModelPicture.cs
FN:21,get_ModelId()
FN:21,set_ModelId(System.Guid)
FN:22,get_PictureUrl()
FN:22,set_PictureUrl(string)
FN:22,.ctor()
FNDA:0,get_ModelId()
FNDA:0,set_ModelId(System.Guid)
FNDA:0,get_PictureUrl()
FNDA:0,set_PictureUrl(string)
FNDA:0,.ctor()
FNF:5
FNH:0
BRF:0
BRH:0
DA:21,0
DA:22,0
LH:0
LF:2
end_of_record
SF:/home/runner/work/painting-projects-management/painting-projects-management/back/PaintingProjectsManagement.Features.Models/UseCases/Models/Commands/DeleteModelPicture.cs
FN:27,.ctor(Microsoft.EntityFrameworkCore.DbContext, rbkApiModules.Commons.Core.ILocalizationService)
FN:33,ValidateBusinessRules()
FN:40,<ValidateBusinessRules()
FNDA:0,.ctor(Microsoft.EntityFrameworkCore.DbContext, rbkApiModules.Commons.Core.ILocalizationService)
FNDA:0,ValidateBusinessRules()
FNDA:0,<ValidateBusinessRules()
FNF:3
FNH:0
BRDA:41,41,170,-
BRDA:41,41,171,-
BRF:2
BRH:0
DA:27,0
DA:29,0
DA:33,0
DA:34,0
DA:35,0
DA:37,0
DA:38,0
DA:39,0
DA:40,0
DA:41,0
DA:42,0
DA:43,0
DA:44,0
LH:0
LF:13
end_of_record
SF:/home/runner/work/painting-projects-management/painting-projects-management/back/PaintingProjectsManagement.Features.Models/UseCases/ModelCategories/Queries/ListModelCategories.cs
FN:7,MapEndpoint(Microsoft.AspNetCore.Routing.IEndpointRouteBuilder)
FN:27,.ctor(Microsoft.EntityFrameworkCore.DbContext)
FN:32,HandleAsync()
FN:9,<MapEndpoint()
FNDA:1,MapEndpoint(Microsoft.AspNetCore.Routing.IEndpointRouteBuilder)
FNDA:0,.ctor(Microsoft.EntityFrameworkCore.DbContext)
FNDA:0,HandleAsync()
FNDA:0,<MapEndpoint()
FNF:4
FNH:2
BRDA:7,7,172,1
BRDA:7,7,173,1
BRDA:36,36,174,-
BRDA:36,36,175,-
BRF:4
BRH:2
DA:7,1
DA:8,1
DA:9,0
DA:10,1
DA:11,0
DA:12,0
DA:13,1
DA:14,1
DA:15,1
DA:16,1
DA:17,1
DA:27,0
DA:32,0
DA:33,0
DA:34,0
DA:36,0
DA:38,0
DA:39,0
LH:8
LF:18
end_of_record
SF:/home/runner/work/painting-projects-management/painting-projects-management/back/PaintingProjectsManagement.Features.Models/UseCases/ModelCategories/Queries/ListModelCategories.cs
FN:27,.ctor(Microsoft.EntityFrameworkCore.DbContext)
FN:32,HandleAsync()
FNDA:0,.ctor(Microsoft.EntityFrameworkCore.DbContext)
FNDA:0,HandleAsync()
FNF:2
FNH:0
BRDA:36,36,176,-
BRDA:36,36,177,-
BRF:2
BRH:0
DA:27,0
DA:32,0
DA:33,0
DA:34,0
DA:36,0
DA:38,0
DA:39,0
LH:0
LF:7
end_of_record
SF:/home/runner/work/painting-projects-management/painting-projects-management/back/PaintingProjectsManagement.Features.Models/UseCases/Models/Queries/ListModels.cs
FN:7,MapEndpoint(Microsoft.AspNetCore.Routing.IEndpointRouteBuilder)
FN:27,.ctor(Microsoft.EntityFrameworkCore.DbContext)
FN:32,HandleAsync()
FN:9,<MapEndpoint()
FNDA:1,MapEndpoint(Microsoft.AspNetCore.Routing.IEndpointRouteBuilder)
FNDA:0,.ctor(Microsoft.EntityFrameworkCore.DbContext)
FNDA:0,HandleAsync()
FNDA:0,<MapEndpoint()
FNF:4
FNH:2
BRDA:7,7,178,1
BRDA:7,7,179,1
BRDA:39,39,180,-
BRDA:39,39,181,-
BRF:4
BRH:2
DA:7,1
DA:8,1
DA:9,0
DA:10,1
DA:11,0
DA:12,0
DA:13,1
DA:14,1
DA:15,1
DA:16,1
DA:17,1
DA:27,0
DA:32,0
DA:33,0
DA:34,0
DA:35,0
DA:36,0
DA:37,0
DA:39,0
DA:41,0
DA:42,0
LH:8
LF:21
end_of_record
SF:/home/runner/work/painting-projects-management/painting-projects-management/back/PaintingProjectsManagement.Features.Models/UseCases/Models/Queries/ListModels.cs
FN:27,.ctor(Microsoft.EntityFrameworkCore.DbContext)
FN:32,HandleAsync()
FNDA:0,.ctor(Microsoft.EntityFrameworkCore.DbContext)
FNDA:0,HandleAsync()
FNF:2
FNH:0
BRDA:39,39,182,-
BRDA:39,39,183,-
BRF:2
BRH:0
DA:27,0
DA:32,0
DA:33,0
DA:34,0
DA:35,0
DA:36,0
DA:37,0
DA:39,0
DA:41,0
DA:42,0
LH:0
LF:10
end_of_record
SF:/home/runner/work/painting-projects-management/painting-projects-management/back/PaintingProjectsManagement.Features.Models/UseCases/Models/Queries/ListPriorityModels.cs
FN:7,MapEndpoint(Microsoft.AspNetCore.Routing.IEndpointRouteBuilder)
FN:27,.ctor(Microsoft.EntityFrameworkCore.DbContext)
FN:32,HandleAsync()
FN:9,<MapEndpoint()
FNDA:1,MapEndpoint(Microsoft.AspNetCore.Routing.IEndpointRouteBuilder)
FNDA:0,.ctor(Microsoft.EntityFrameworkCore.DbContext)
FNDA:0,HandleAsync()
FNDA:0,<MapEndpoint()
FNF:4
FNH:2
BRDA:7,7,184,1
BRDA:7,7,185,1
BRDA:41,41,186,-
BRDA:41,41,187,-
BRF:4
BRH:2
DA:7,1
DA:8,1
DA:9,0
DA:10,1
DA:11,0
DA:12,0
DA:13,1
DA:14,1
DA:15,1
DA:16,1
DA:17,1
DA:27,0
DA:32,0
DA:33,0
DA:34,0
DA:35,0
DA:36,0
DA:37,0
DA:38,0
DA:39,0
DA:41,0
DA:43,0
DA:44,0
LH:8
LF:23
end_of_record
SF:/home/runner/work/painting-projects-management/painting-projects-management/back/PaintingProjectsManagement.Features.Models/UseCases/Models/Queries/ListPriorityModels.cs
FN:27,.ctor(Microsoft.EntityFrameworkCore.DbContext)
FN:32,HandleAsync()
FNDA:0,.ctor(Microsoft.EntityFrameworkCore.DbContext)
FNDA:0,HandleAsync()
FNF:2
FNH:0
BRDA:41,41,188,-
BRDA:41,41,189,-
BRF:2
BRH:0
DA:27,0
DA:32,0
DA:33,0
DA:34,0
DA:35,0
DA:36,0
DA:37,0
DA:38,0
DA:39,0
DA:41,0
DA:43,0
DA:44,0
LH:0
LF:12
end_of_record
SF:/home/runner/work/painting-projects-management/painting-projects-management/back/PaintingProjectsManagement.Features.Models/Domain/Models/Model.cs
FN:9,.ctor()
FN:14,.ctor(string, string, PaintingProjectsManagement.Features.Models.ModelCategory, string[], string, PaintingProjectsManagement.Features.Models.ModelType, string, string[], PaintingProjectsManagement.Features.Models.BaseSize, PaintingProjectsManagement.Features.Models.FigureSize, int, int, string)
FN:41,get_Name()
FN:41,set_Name(string)
FN:42,get_Franchise()
FN:42,set_Franchise(string)
FN:44,get_Characters()
FN:44,set_Characters(string[])
FN:45,get_CategoryId()
FN:45,set_CategoryId(System.Guid)
FN:46,get_Category()
FN:46,set_Category(PaintingProjectsManagement.Features.Models.ModelCategory)
FN:47,get_Type()
FN:47,set_Type(PaintingProjectsManagement.Features.Models.ModelType)
FN:48,get_Artist()
FN:48,set_Artist(string)
FN:50,get_Tags()
FN:50,set_Tags(string[])
FN:51,get_CoverPicture()
FN:51,set_CoverPicture(string)
FN:53,get_Pictures()
FN:53,set_Pictures(string[])
FN:54,get_Score()
FN:54,set_Score(PaintingProjectsManagement.Features.Models.Rating)
FN:55,get_BaseSize()
FN:55,set_BaseSize(PaintingProjectsManagement.Features.Models.BaseSize)
FN:56,get_FigureSize()
FN:56,set_FigureSize(PaintingProjectsManagement.Features.Models.FigureSize)
FN:57,get_NumberOfFigures()
FN:57,set_NumberOfFigures(int)
FN:58,get_SizeInMb()
FN:58,set_SizeInMb(int)
FN:59,get_MustHave()
FN:59,set_MustHave(bool)
FN:60,get_Identity()
FN:60,set_Identity(string)
FN:65,UpdateDetails(string, PaintingProjectsManagement.Features.Models.ModelCategory, string[], string, string[], PaintingProjectsManagement.Features.Models.BaseSize, PaintingProjectsManagement.Features.Models.FigureSize, int, string, PaintingProjectsManagement.Features.Models.ModelType, int)
FN:145,UpdateCoverPicture(string)
FN:157,AddPicture(string)
FN:174,RemovePicture(string)
FN:194,Rate(int)
FN:208,SetMustHave(bool)
FN:220,SetBaseSize(PaintingProjectsManagement.Features.Models.BaseSize)
FN:232,SetFigureSize(PaintingProjectsManagement.Features.Models.FigureSize)
FN:244,SetNumberOfFigures(int)
FNDA:0,.ctor()
FNDA:0,.ctor(string, string, PaintingProjectsManagement.Features.Models.ModelCategory, string[], string, PaintingProjectsManagement.Features.Models.ModelType, string, string[], PaintingProjectsManagement.Features.Models.BaseSize, PaintingProjectsManagement.Features.Models.FigureSize, int, int, string)
FNDA:0,get_Name()
FNDA:0,set_Name(string)
FNDA:0,get_Franchise()
FNDA:0,set_Franchise(string)
FNDA:0,get_Characters()
FNDA:0,set_Characters(string[])
FNDA:0,get_CategoryId()
FNDA:0,set_CategoryId(System.Guid)
FNDA:0,get_Category()
FNDA:0,set_Category(PaintingProjectsManagement.Features.Models.ModelCategory)
FNDA:0,get_Type()
FNDA:0,set_Type(PaintingProjectsManagement.Features.Models.ModelType)
FNDA:0,get_Artist()
FNDA:0,set_Artist(string)
FNDA:0,get_Tags()
FNDA:0,set_Tags(string[])
FNDA:0,get_CoverPicture()
FNDA:0,set_CoverPicture(string)
FNDA:0,get_Pictures()
FNDA:0,set_Pictures(string[])
FNDA:0,get_Score()
FNDA:0,set_Score(PaintingProjectsManagement.Features.Models.Rating)
FNDA:0,get_BaseSize()
FNDA:0,set_BaseSize(PaintingProjectsManagement.Features.Models.BaseSize)
FNDA:0,get_FigureSize()
FNDA:0,set_FigureSize(PaintingProjectsManagement.Features.Models.FigureSize)
FNDA:0,get_NumberOfFigures()
FNDA:0,set_NumberOfFigures(int)
FNDA:0,get_SizeInMb()
FNDA:0,set_SizeInMb(int)
FNDA:0,get_MustHave()
FNDA:0,set_MustHave(bool)
FNDA:0,get_Identity()
FNDA:0,set_Identity(string)
FNDA:0,UpdateDetails(string, PaintingProjectsManagement.Features.Models.ModelCategory, string[], string, string[], PaintingProjectsManagement.Features.Models.BaseSize, PaintingProjectsManagement.Features.Models.FigureSize, int, string, PaintingProjectsManagement.Features.Models.ModelType, int)
FNDA:0,UpdateCoverPicture(string)
FNDA:0,AddPicture(string)
FNDA:0,RemovePicture(string)
FNDA:0,Rate(int)
FNDA:0,SetMustHave(bool)
FNDA:0,SetBaseSize(PaintingProjectsManagement.Features.Models.BaseSize)
FNDA:0,SetFigureSize(PaintingProjectsManagement.Features.Models.FigureSize)
FNDA:0,SetNumberOfFigures(int)
FNF:45
FNH:0
BRDA:67,67,190,-
BRDA:67,67,191,-
BRDA:73,73,192,-
BRDA:73,73,193,-
BRDA:80,80,194,-
BRDA:80,80,195,-
BRDA:86,86,196,-
BRDA:86,86,197,-
BRDA:87,87,198,-
BRDA:87,87,199,-
BRDA:93,93,200,-
BRDA:93,93,201,-
BRDA:94,94,202,-
BRDA:94,94,203,-
BRDA:100,100,204,-
BRDA:100,100,205,-
BRDA:106,106,206,-
BRDA:106,106,207,-
BRDA:112,112,208,-
BRDA:112,112,209,-
BRDA:113,113,210,-
BRDA:113,113,211,-
BRDA:119,119,212,-
BRDA:119,119,213,-
BRDA:125,125,214,-
BRDA:125,125,215,-
BRDA:131,131,216,-
BRDA:131,131,217,-
BRDA:137,137,218,-
BRDA:137,137,219,-
BRDA:145,145,220,-
BRDA:145,145,221,-
BRDA:162,162,222,-
BRDA:162,162,223,-
BRDA:176,176,224,-
BRDA:176,176,225,-
BRDA:183,183,226,-
BRDA:183,183,227,-
BRDA:196,196,228,-
BRDA:196,196,229,-
BRDA:208,208,230,-
BRDA:208,208,231,-
BRDA:220,220,232,-
BRDA:220,220,233,-
BRDA:232,232,234,-
BRDA:232,232,235,-
BRDA:244,244,236,-
BRDA:244,244,237,-
BRDA:246,246,238,-
BRDA:246,246,239,-
BRF:50
BRH:0
DA:9,0
DA:12,0
DA:14,0
DA:15,0
DA:17,0
DA:18,0
DA:20,0
DA:21,0
DA:22,0
DA:23,0
DA:24,0
DA:25,0
DA:26,0
DA:27,0
DA:28,0
DA:29,0
DA:30,0
DA:31,0
DA:32,0
DA:33,0
DA:35,0
DA:36,0
DA:37,0
DA:38,0
DA:39,0
DA:41,0
DA:42,0
DA:44,0
DA:45,0
DA:46,0
DA:47,0
DA:48,0
DA:50,0
DA:51,0
DA:53,0
DA:54,0
DA:55,0
DA:56,0
DA:57,0
DA:58,0
DA:59,0
DA:60,0
DA:65,0
DA:67,0
DA:69,0
DA:70,0
DA:73,0
DA:75,0
DA:76,0
DA:77,0
DA:80,0
DA:82,0
DA:83,0
DA:86,0
DA:87,0
DA:89,0
DA:90,0
DA:93,0
DA:94,0
DA:96,0
DA:97,0
DA:100,0
DA:102,0
DA:103,0
DA:106,0
DA:108,0
DA:109,0
DA:112,0
DA:113,0
DA:115,0
DA:116,0
DA:119,0
DA:121,0
DA:122,0
DA:125,0
DA:127,0
DA:128,0
DA:131,0
DA:133,0
DA:134,0
DA:137,0
DA:139,0
DA:141,0
DA:145,0
DA:147,0
DA:150,0
DA:152,0
DA:153,0
DA:157,0
DA:158,0
DA:160,0
DA:162,0
DA:164,0
DA:167,0
DA:169,0
DA:170,0
DA:174,0
DA:176,0
DA:178,0
DA:181,0
DA:183,0
DA:185,0
DA:186,0
DA:189,0
DA:190,0
DA:194,0
DA:196,0
DA:198,0
DA:201,0
DA:203,0
DA:204,0
DA:208,0
DA:210,0
DA:213,0
DA:215,0
DA:216,0
DA:220,0
DA:222,0
DA:225,0
DA:227,0
DA:228,0
DA:232,0
DA:234,0
DA:237,0
DA:239,0
DA:240,0
DA:244,0
DA:246,0
DA:248,0
DA:251,0
DA:253,0
DA:254,0
LH:0
LF:132
end_of_record
SF:/home/runner/work/painting-projects-management/painting-projects-management/back/PaintingProjectsManagement.Features.Models/Domain/Events/ModelEvents.cs
FN:44,.ctor(System.Guid, PaintingProjectsManagement.Features.Models.BaseSize)
FN:45,get_ModelId()
FN:45,set_ModelId(System.Guid)
FN:46,get_BaseSize()
FN:46,set_BaseSize(PaintingProjectsManagement.Features.Models.BaseSize)
FN:44,.ctor(PaintingProjectsManagement.Features.Models.ModelBaseSizeChanged)
FNDA:0,.ctor(System.Guid, PaintingProjectsManagement.Features.Models.BaseSize)
FNDA:0,get_ModelId()
FNDA:0,set_ModelId(System.Guid)
FNDA:0,get_BaseSize()
FNDA:0,set_BaseSize(PaintingProjectsManagement.Features.Models.BaseSize)
FNDA:0,.ctor(PaintingProjectsManagement.Features.Models.ModelBaseSizeChanged)
FNF:6
FNH:0
BRF:0
BRH:0
DA:44,0
DA:45,0
DA:46,0
DA:47,0
LH:0
LF:4
end_of_record
SF:/home/runner/work/painting-projects-management/painting-projects-management/back/PaintingProjectsManagement.Features.Models/UseCases/ModelCategories/Builder.cs
FN:7,MapModelCategoriesFeature(Microsoft.AspNetCore.Routing.IEndpointRouteBuilder)
FNDA:1,MapModelCategoriesFeature(Microsoft.AspNetCore.Routing.IEndpointRouteBuilder)
FNF:1
FNH:1
BRF:0
BRH:0
DA:7,1
DA:8,1
DA:9,1
DA:10,1
DA:12,1
LH:5
LF:5
end_of_record
SF:/home/runner/work/painting-projects-management/painting-projects-management/back/PaintingProjectsManagement.Features.Models/Domain/Models/ModelCategory.cs
FN:6,.ctor()
FN:8,.ctor(string, string)
FN:15,get_Name()
FN:15,set_Name(string)
FN:19,UpdateDetails(string)
FNDA:0,.ctor()
FNDA:0,.ctor(string, string)
FNDA:0,get_Name()
FNDA:0,set_Name(string)
FNDA:0,UpdateDetails(string)
FNF:5
FNH:0
BRF:0
BRH:0
DA:6,0
DA:8,0
DA:10,0
DA:11,0
DA:12,0
DA:13,0
DA:15,0
DA:19,0
DA:20,0
LH:0
LF:9
end_of_record
SF:/home/runner/work/painting-projects-management/painting-projects-management/back/PaintingProjectsManagement.Features.Models/Database/ModelCategoryConfig.cs
FN:7,Configure(Microsoft.EntityFrameworkCore.Metadata.Builders.EntityTypeBuilder<PaintingProjectsManagement.Features.Models.ModelCategory>)
FNDA:1,Configure(Microsoft.EntityFrameworkCore.Metadata.Builders.EntityTypeBuilder<PaintingProjectsManagement.Features.Models.ModelCategory>)
FNF:1
FNH:1
BRF:0
BRH:0
DA:7,1
DA:9,1
DA:11,1
DA:12,1
DA:13,1
DA:15,1
DA:16,1
DA:17,1
LH:8
LF:8
end_of_record
SF:/home/runner/work/painting-projects-management/painting-projects-management/back/PaintingProjectsManagement.Features.Models/UseCases/DataTransfer/ModelCategoryDetails.cs
FN:5,get_Id()
FN:5,set_Id(System.Guid)
FN:6,get_Name()
FN:6,set_Name(string)
FN:10,FromModel(PaintingProjectsManagement.Features.Models.ModelCategory)
FN:6,.ctor()
FNDA:0,get_Id()
FNDA:0,set_Id(System.Guid)
FNDA:0,get_Name()
FNDA:0,set_Name(string)
FNDA:0,FromModel(PaintingProjectsManagement.Features.Models.ModelCategory)
FNDA:0,.ctor()
FNF:6
FNH:0
BRF:0
BRH:0
DA:5,0
DA:6,0
DA:10,0
DA:11,0
DA:12,0
DA:13,0
DA:14,0
LH:0
LF:7
end_of_record
SF:/home/runner/work/painting-projects-management/painting-projects-management/back/PaintingProjectsManagement.Features.Models/Database/ModelConfig.cs
FN:10,Configure(Microsoft.EntityFrameworkCore.Metadata.Builders.EntityTypeBuilder<PaintingProjectsManagement.Features.Models.Model>)
FNDA:1,Configure(Microsoft.EntityFrameworkCore.Metadata.Builders.EntityTypeBuilder<PaintingProjectsManagement.Features.Models.Model>)
FNF:1
FNH:1
BRDA:31,31,240,1
BRDA:31,31,241,1
BRF:2
BRH:2
DA:10,1
DA:12,1
DA:14,1
DA:15,1
DA:16,1
DA:18,1
DA:19,1
DA:21,1
DA:22,1
DA:24,1
DA:25,1
DA:27,1
DA:28,1
DA:29,1
DA:31,1
DA:32,1
DA:33,1
DA:34,1
DA:35,1
DA:36,1
DA:37,1
DA:39,1
DA:40,1
DA:41,1
DA:42,1
DA:44,1
DA:45,1
LH:27
LF:27
end_of_record
SF:/home/runner/work/painting-projects-management/painting-projects-management/back/PaintingProjectsManagement.Features.Models/Domain/Events/ModelEvents.cs
FN:22,.ctor(System.Guid)
FN:23,get_ModelId()
FN:23,set_ModelId(System.Guid)
FN:22,.ctor(PaintingProjectsManagement.Features.Models.ModelCoverPictureChanged)
FNDA:0,.ctor(System.Guid)
FNDA:0,get_ModelId()
FNDA:0,set_ModelId(System.Guid)
FNDA:0,.ctor(PaintingProjectsManagement.Features.Models.ModelCoverPictureChanged)
FNF:4
FNH:0
BRF:0
BRH:0
DA:22,0
DA:23,0
DA:24,0
LH:0
LF:3
end_of_record
SF:/home/runner/work/painting-projects-management/painting-projects-management/back/PaintingProjectsManagement.Features.Models/Domain/Events/ModelEvents.cs
FN:6,.ctor(System.Guid, string)
FN:7,get_ModelId()
FN:7,set_ModelId(System.Guid)
FN:8,get_ModelName()
FN:8,set_ModelName(string)
FN:6,.ctor(PaintingProjectsManagement.Features.Models.ModelCreated)
FNDA:0,.ctor(System.Guid, string)
FNDA:0,get_ModelId()
FNDA:0,set_ModelId(System.Guid)
FNDA:0,get_ModelName()
FNDA:0,set_ModelName(string)
FNDA:0,.ctor(PaintingProjectsManagement.Features.Models.ModelCreated)
FNF:6
FNH:0
BRF:0
BRH:0
DA:6,0
DA:7,0
DA:8,0
DA:9,0
LH:0
LF:4
end_of_record
SF:/home/runner/work/painting-projects-management/painting-projects-management/back/PaintingProjectsManagement.Features.Models/Integrations/Handlers/ModelCreatedHandler.cs
FN:12,.ctor(rbkApiModules.Commons.Core.IIntegrationOutbox, Microsoft.EntityFrameworkCore.DbContext)
FN:20,HandleAsync()
FNDA:0,.ctor(rbkApiModules.Commons.Core.IIntegrationOutbox, Microsoft.EntityFrameworkCore.DbContext)
FNDA:0,HandleAsync()
FNF:2
FNH:0
BRDA:21,21,242,-
BRDA:21,21,243,-
BRDA:22,22,244,-
BRDA:22,22,245,-
BRF:4
BRH:0
DA:12,0
DA:14,0
DA:15,0
DA:16,0
DA:20,0
DA:21,0
DA:22,0
DA:24,0
DA:26,0
DA:27,0
DA:28,0
DA:29,0
DA:31,0
DA:32,0
DA:33,0
DA:34,0
DA:35,0
DA:36,0
DA:37,0
DA:38,0
DA:39,0
DA:40,0
DA:41,0
DA:42,0
DA:43,0
DA:44,0
DA:45,0
DA:46,0
DA:47,0
DA:48,0
DA:50,0
DA:51,0
DA:52,0
DA:53,0
DA:54,0
DA:55,0
DA:56,0
DA:58,0
DA:59,0
LH:0
LF:39
end_of_record
SF:/home/runner/work/painting-projects-management/painting-projects-management/back/PaintingProjectsManagement.Features.Models/Domain/Events/ModelEvents.cs
FN:12,.ctor(System.Guid)
FN:13,get_ModelId()
FN:13,set_ModelId(System.Guid)
FN:12,.ctor(PaintingProjectsManagement.Features.Models.ModelDeleted)
FNDA:0,.ctor(System.Guid)
FNDA:0,get_ModelId()
FNDA:0,set_ModelId(System.Guid)
FNDA:0,.ctor(PaintingProjectsManagement.Features.Models.ModelDeleted)
FNF:4
FNH:0
BRF:0
BRH:0
DA:12,0
DA:13,0
DA:14,0
LH:0
LF:3
end_of_record
SF:/home/runner/work/painting-projects-management/painting-projects-management/back/PaintingProjectsManagement.Features.Models/Integrations/Handlers/ModelDeletedHandler.cs
FN:9,.ctor(rbkApiModules.Commons.Core.IIntegrationOutbox)
FN:16,HandleAsync()
FNDA:0,.ctor(rbkApiModules.Commons.Core.IIntegrationOutbox)
FNDA:0,HandleAsync()
FNF:2
FNH:0
BRF:0
BRH:0
DA:9,0
DA:11,0
DA:12,0
DA:16,0
DA:18,0
DA:19,0
DA:20,0
DA:21,0
DA:22,0
DA:23,0
DA:24,0
DA:26,0
DA:27,0
LH:0
LF:13
end_of_record
SF:/home/runner/work/painting-projects-management/painting-projects-management/back/PaintingProjectsManagement.Features.Models/UseCases/DataTransfer/ModelDetails.cs
FN:7,get_Id()
FN:7,set_Id(System.Guid)
FN:8,get_Name()
FN:8,set_Name(string)
FN:9,get_Franchise()
FN:9,set_Franchise(string)
FN:10,get_Characters()
FN:10,set_Characters(string[])
FN:11,get_Size()
FN:11,set_Size(int)
FN:12,get_Category()
FN:12,set_Category(rbkApiModules.Commons.Core.Abstractions.EntityReference)
FN:13,get_Type()
FN:13,set_Type(rbkApiModules.Commons.Core.Abstractions.EnumReference)
FN:14,get_Artist()
FN:14,set_Artist(string)
FN:15,get_Tags()
FN:15,set_Tags(string[])
FN:16,get_CoverPicture()
FN:16,set_CoverPicture(string)
FN:17,get_Pictures()
FN:17,set_Pictures(string[])
FN:18,get_Score()
FN:18,set_Score(int)
FN:19,get_BaseSize()
FN:19,set_BaseSize(rbkApiModules.Commons.Core.Abstractions.EnumReference)
FN:20,get_FigureSize()
FN:20,set_FigureSize(rbkApiModules.Commons.Core.Abstractions.EnumReference)
FN:21,get_NumberOfFigures()
FN:21,set_NumberOfFigures(int)
FN:22,get_MustHave()
FN:22,set_MustHave(bool)
FN:26,FromModel(PaintingProjectsManagement.Features.Models.Model)
FN:8,.ctor()
FNDA:0,get_Id()
FNDA:0,set_Id(System.Guid)
FNDA:0,get_Name()
FNDA:0,set_Name(string)
FNDA:0,get_Franchise()
FNDA:0,set_Franchise(string)
FNDA:0,get_Characters()
FNDA:0,set_Characters(string[])
FNDA:0,get_Size()
FNDA:0,set_Size(int)
FNDA:0,get_Category()
FNDA:0,set_Category(rbkApiModules.Commons.Core.Abstractions.EntityReference)
FNDA:0,get_Type()
FNDA:0,set_Type(rbkApiModules.Commons.Core.Abstractions.EnumReference)
FNDA:0,get_Artist()
FNDA:0,set_Artist(string)
FNDA:0,get_Tags()
FNDA:0,set_Tags(string[])
FNDA:0,get_CoverPicture()
FNDA:0,set_CoverPicture(string)
FNDA:0,get_Pictures()
FNDA:0,set_Pictures(string[])
FNDA:0,get_Score()
FNDA:0,set_Score(int)
FNDA:0,get_BaseSize()
FNDA:0,set_BaseSize(rbkApiModules.Commons.Core.Abstractions.EnumReference)
FNDA:0,get_FigureSize()
FNDA:0,set_FigureSize(rbkApiModules.Commons.Core.Abstractions.EnumReference)
FNDA:0,get_NumberOfFigures()
FNDA:0,set_NumberOfFigures(int)
FNDA:0,get_MustHave()
FNDA:0,set_MustHave(bool)
FNDA:0,FromModel(PaintingProjectsManagement.Features.Models.Model)
FNDA:0,.ctor()
FNF:34
FNH:0
BRF:0
BRH:0
DA:7,0
DA:8,0
DA:9,0
DA:10,0
DA:11,0
DA:12,0
DA:13,0
DA:14,0
DA:15,0
DA:16,0
DA:17,0
DA:18,0
DA:19,0
DA:20,0
DA:21,0
DA:22,0
DA:26,0
DA:27,0
DA:28,0
DA:29,0
DA:30,0
DA:31,0
DA:32,0
DA:33,0
DA:34,0
DA:35,0
DA:36,0
DA:37,0
DA:38,0
DA:39,0
DA:40,0
DA:41,0
DA:42,0
DA:43,0
DA:44,0
LH:0
LF:35
end_of_record
SF:/home/runner/work/painting-projects-management/painting-projects-management/back/PaintingProjectsManagement.Features.Models/Domain/Events/ModelEvents.cs
FN:17,.ctor(System.Guid)
FN:18,get_ModelId()
FN:18,set_ModelId(System.Guid)
FN:17,.ctor(PaintingProjectsManagement.Features.Models.ModelDetailsChanged)
FNDA:0,.ctor(System.Guid)
FNDA:0,get_ModelId()
FNDA:0,set_ModelId(System.Guid)
FNDA:0,.ctor(PaintingProjectsManagement.Features.Models.ModelDetailsChanged)
FNF:4
FNH:0
BRF:0
BRH:0
DA:17,0
DA:18,0
DA:19,0
LH:0
LF:3
end_of_record
SF:/home/runner/work/painting-projects-management/painting-projects-management/back/PaintingProjectsManagement.Features.Models/Domain/Events/ModelEvents.cs
FN:50,.ctor(System.Guid, PaintingProjectsManagement.Features.Models.FigureSize)
FN:51,get_ModelId()
FN:51,set_ModelId(System.Guid)
FN:52,get_FigureSize()
FN:52,set_FigureSize(PaintingProjectsManagement.Features.Models.FigureSize)
FN:50,.ctor(PaintingProjectsManagement.Features.Models.ModelFigureSizeChanged)
FNDA:0,.ctor(System.Guid, PaintingProjectsManagement.Features.Models.FigureSize)
FNDA:0,get_ModelId()
FNDA:0,set_ModelId(System.Guid)
FNDA:0,get_FigureSize()
FNDA:0,set_FigureSize(PaintingProjectsManagement.Features.Models.FigureSize)
FNDA:0,.ctor(PaintingProjectsManagement.Features.Models.ModelFigureSizeChanged)
FNF:6
FNH:0
BRF:0
BRH:0
DA:50,0
DA:51,0
DA:52,0
DA:53,0
LH:0
LF:4
end_of_record
SF:/home/runner/work/painting-projects-management/painting-projects-management/back/PaintingProjectsManagement.Features.Models/Domain/Events/ModelEvents.cs
FN:38,.ctor(System.Guid, bool)
FN:39,get_ModelId()
FN:39,set_ModelId(System.Guid)
FN:40,get_MustHave()
FN:40,set_MustHave(bool)
FN:38,.ctor(PaintingProjectsManagement.Features.Models.ModelMustHaveChanged)
FNDA:0,.ctor(System.Guid, bool)
FNDA:0,get_ModelId()
FNDA:0,set_ModelId(System.Guid)
FNDA:0,get_MustHave()
FNDA:0,set_MustHave(bool)
FNDA:0,.ctor(PaintingProjectsManagement.Features.Models.ModelMustHaveChanged)
FNF:6
FNH:0
BRF:0
BRH:0
DA:38,0
DA:39,0
DA:40,0
DA:41,0
LH:0
LF:4
end_of_record
SF:/home/runner/work/painting-projects-management/painting-projects-management/back/PaintingProjectsManagement.Features.Models/Domain/Events/ModelEvents.cs
FN:56,.ctor(System.Guid, int)
FN:57,get_ModelId()
FN:57,set_ModelId(System.Guid)
FN:58,get_NumberOfFigures()
FN:58,set_NumberOfFigures(int)
FN:56,.ctor(PaintingProjectsManagement.Features.Models.ModelNumberOfFiguresChanged)
FNDA:0,.ctor(System.Guid, int)
FNDA:0,get_ModelId()
FNDA:0,set_ModelId(System.Guid)
FNDA:0,get_NumberOfFigures()
FNDA:0,set_NumberOfFigures(int)
FNDA:0,.ctor(PaintingProjectsManagement.Features.Models.ModelNumberOfFiguresChanged)
FNF:6
FNH:0
BRF:0
BRH:0
DA:56,0
DA:57,0
DA:58,0
DA:59,0
LH:0
LF:4
end_of_record
SF:/home/runner/work/painting-projects-management/painting-projects-management/back/PaintingProjectsManagement.Features.Models/Domain/Events/ModelEvents.cs
FN:27,.ctor(System.Guid)
FN:28,get_ModelId()
FN:28,set_ModelId(System.Guid)
FN:27,.ctor(PaintingProjectsManagement.Features.Models.ModelPicturesChanged)
FNDA:0,.ctor(System.Guid)
FNDA:0,get_ModelId()
FNDA:0,set_ModelId(System.Guid)
FNDA:0,.ctor(PaintingProjectsManagement.Features.Models.ModelPicturesChanged)
FNF:4
FNH:0
BRF:0
BRH:0
DA:27,0
DA:28,0
DA:29,0
LH:0
LF:3
end_of_record
SF:/home/runner/work/painting-projects-management/painting-projects-management/back/PaintingProjectsManagement.Features.Models/Domain/Events/ModelEvents.cs
FN:32,.ctor(System.Guid, int)
FN:33,get_ModelId()
FN:33,set_ModelId(System.Guid)
FN:34,get_Score()
FN:34,set_Score(int)
FN:32,.ctor(PaintingProjectsManagement.Features.Models.ModelRated)
FNDA:0,.ctor(System.Guid, int)
FNDA:0,get_ModelId()
FNDA:0,set_ModelId(System.Guid)
FNDA:0,get_Score()
FNDA:0,set_Score(int)
FNDA:0,.ctor(PaintingProjectsManagement.Features.Models.ModelRated)
FNF:6
FNH:0
BRF:0
BRH:0
DA:32,0
DA:33,0
DA:34,0
DA:35,0
LH:0
LF:4
end_of_record
SF:/home/runner/work/painting-projects-management/painting-projects-management/back/PaintingProjectsManagement.Features.Models/UseCases/Models/Builder.cs
FN:7,MapModelsFeature(Microsoft.AspNetCore.Routing.IEndpointRouteBuilder)
FNDA:1,MapModelsFeature(Microsoft.AspNetCore.Routing.IEndpointRouteBuilder)
FNF:1
FNH:1
BRF:0
BRH:0
DA:7,1
DA:8,1
DA:9,1
DA:10,1
DA:11,1
DA:12,1
DA:13,1
DA:14,1
DA:15,1
DA:16,1
DA:17,1
DA:18,1
DA:19,1
DA:21,1
LH:14
LF:14
end_of_record
SF:/home/runner/work/painting-projects-management/painting-projects-management/back/PaintingProjectsManagement.Features.Models/Integrations/Handlers/ModelUpdatedHandler.cs
FN:20,.ctor(Microsoft.Extensions.DependencyInjection.IServiceScopeFactory, Microsoft.Extensions.Options.IOptions<rbkApiModules.Commons.Core.DomainEventDispatcherOptions>, rbkApiModules.Commons.Core.IIntegrationOutbox, Microsoft.EntityFrameworkCore.DbContext)
FN:30,HandleAsync(rbkApiModules.Commons.Core.EventEnvelope<PaintingProjectsManagement.Features.Models.ModelDetailsChanged>, System.Threading.CancellationToken)
FN:33,HandleAsync(rbkApiModules.Commons.Core.EventEnvelope<PaintingProjectsManagement.Features.Models.ModelCoverPictureChanged>, System.Threading.CancellationToken)
FN:36,HandleAsync(rbkApiModules.Commons.Core.EventEnvelope<PaintingProjectsManagement.Features.Models.ModelPicturesChanged>, System.Threading.CancellationToken)
FN:39,HandleAsync(rbkApiModules.Commons.Core.EventEnvelope<PaintingProjectsManagement.Features.Models.ModelRated>, System.Threading.CancellationToken)
[...]
FNDA:0,DeleteAsync()
FNDA:0,DeleteAsync()
FNDA:0,DeleteAsync()
FNDA:1,DeleteAsync()
FNDA:0,DeleteAsync()
FNDA:1,DisposeAsync()
FNDA:0,GetAsync()
FNDA:0,GetAsync()
FNDA:1,GetAsync()
FNDA:1,GetAsync()
FNDA:1,GetAsync()
FNDA:0,GetAsync()
FNDA:0,GetAsync()
FNDA:0,GetAsync()
FNDA:0,GetAsync()
FNDA:0,GetAsync()
FNDA:1,GetAsync()
FNDA:0,GetAsync()
FNDA:1,InitializeAsync()
FNDA:0,LoginAsync()
FNDA:0,LoginAsync()
FNDA:0,PostAsync()
FNDA:0,PostAsync()
FNDA:0,PostAsync()
FNDA:0,PostAsync()
FNDA:0,PostAsync()
FNDA:0,PostAsync()
FNDA:0,PostAsync()
FNDA:1,PostAsync()
FNDA:1,PostAsync()
FNDA:1,PostAsync()
FNDA:0,PostAsync()
FNDA:1,PostAsync()
FNDA:1,ProcessResponse()
FNDA:1,ProcessResponse()
FNDA:0,PutAsync()
FNDA:0,PutAsync()
FNDA:1,PutAsync()
FNDA:1,PutAsync()
FNDA:1,PutAsync()
FNDA:0,PutAsync()
FNDA:0,PutAsync()
FNDA:0,PutAsync()
FNDA:0,PutAsync()
FNDA:0,PutAsync()
FNDA:1,PutAsync()
FNDA:0,PutAsync()
FNF:56
FNH:21
BRDA:568,568,6670,-
BRDA:568,568,6671,-
BRDA:610,610,6672,1
BRDA:610,610,6673,-
BRDA:780,780,6674,1
BRDA:780,780,6675,1
BRDA:672,672,6676,1
BRDA:672,672,6677,-
BRDA:676,676,6678,1
BRDA:676,676,6679,1
BRDA:695,695,6680,1
BRDA:695,695,6681,1
BRF:12
BRH:8
DA:43,1
DA:49,1
DA:51,1
DA:150,0
DA:162,0
DA:164,0
DA:166,0
DA:168,0
DA:172,0
DA:173,0
DA:177,0
DA:178,0
DA:182,0
DA:184,0
DA:186,0
DA:188,0
DA:192,0
DA:194,0
DA:196,0
DA:200,0
DA:202,0
DA:204,0
DA:206,0
DA:210,0
DA:211,0
DA:215,1
DA:216,1
DA:220,1
DA:222,1
DA:224,1
DA:226,1
DA:230,1
DA:232,1
DA:234,1
DA:238,0
DA:240,0
DA:242,0
DA:243,0
DA:247,1
DA:249,1
DA:251,1
DA:252,1
DA:260,0
DA:262,0
DA:264,0
DA:266,0
DA:270,0
DA:271,0
DA:275,1
DA:276,1
DA:280,1
DA:282,1
DA:284,1
DA:286,1
DA:290,1
DA:292,1
DA:294,1
DA:298,0
DA:300,0
DA:302,0
DA:304,0
DA:308,0
DA:309,0
DA:313,0
DA:314,0
DA:318,0
DA:320,0
DA:322,0
DA:324,0
DA:328,0
DA:330,0
DA:332,0
DA:336,1
DA:338,1
DA:340,1
DA:341,1
DA:344,0
DA:346,0
DA:348,0
DA:349,0
DA:357,0
DA:359,0
DA:361,0
DA:363,0
DA:367,0
DA:368,0
DA:372,1
DA:373,1
DA:377,1
DA:379,1
DA:381,1
DA:383,1
DA:387,1
DA:389,1
DA:391,1
DA:395,0
DA:397,0
DA:399,0
DA:401,0
DA:405,0
DA:406,0
DA:410,0
DA:411,0
DA:415,0
DA:417,0
DA:419,0
DA:421,0
DA:425,0
DA:427,0
DA:429,0
DA:433,1
DA:435,1
DA:437,1
DA:438,1
DA:442,0
DA:444,0
DA:446,0
DA:447,0
DA:455,0
DA:457,0
DA:459,0
DA:461,0
DA:465,0
DA:466,0
DA:470,1
DA:471,1
DA:475,1
DA:477,1
DA:479,1
DA:481,1
DA:485,1
DA:487,1
DA:489,1
DA:493,0
DA:495,0
DA:497,0
DA:499,0
DA:503,0
DA:504,0
DA:508,0
DA:509,0
DA:513,0
DA:515,0
DA:517,0
DA:519,0
DA:523,0
DA:525,0
DA:527,0
DA:531,1
DA:533,1
DA:535,1
DA:536,1
DA:540,0
DA:542,0
DA:544,0
DA:545,0
DA:557,0
DA:559,0
DA:560,0
DA:562,0
DA:563,0
DA:564,0
DA:565,0
DA:566,0
DA:568,0
DA:570,0
DA:571,0
DA:572,0
DA:575,0
DA:576,0
DA:577,0
DA:581,0
DA:583,0
DA:584,0
DA:586,0
DA:587,0
DA:588,0
DA:589,0
DA:590,0
DA:592,0
DA:594,0
DA:601,1
DA:603,1
DA:604,1
DA:605,1
DA:606,1
DA:607,1
DA:608,1
DA:610,1
DA:612,0
DA:613,0
DA:614,0
DA:617,1
DA:618,1
DA:619,1
DA:623,0
DA:625,0
DA:626,0
DA:627,0
DA:628,0
DA:629,0
DA:630,0
DA:632,0
DA:634,0
DA:650,1
DA:667,1
DA:669,1
DA:670,1
DA:672,1
DA:674,0
DA:676,1
DA:682,1
DA:685,1
DA:686,1
DA:690,1
DA:692,1
DA:693,1
DA:695,1
DA:699,1
DA:700,1
DA:701,0
DA:703,0
DA:704,0
DA:706,1
DA:710,1
DA:713,1
DA:714,1
DA:730,1
DA:776,1
DA:780,1
DA:782,1
DA:784,1
DA:785,0
DA:788,0
DA:789,1
LH:91
LF:235
end_of_record
SF:/home/runner/work/painting-projects-management/painting-projects-management/back/rbkApiModules/rbkApiModules.Commons.Testing/RbkTestingServer.cs
FN:557,CacheCredentials()
FN:601,CacheCredentialsAsync()
FN:357,DeleteAsync()
FN:367,DeleteAsync()
FN:372,DeleteAsync()
FN:377,DeleteAsync()
FN:387,DeleteAsync()
FN:395,DeleteAsync()
FN:405,DeleteAsync()
FN:410,DeleteAsync()
FN:415,DeleteAsync()
FN:425,DeleteAsync()
FN:433,DeleteAsync()
FN:442,DeleteAsync()
FN:776,DisposeAsync()
FN:455,GetAsync()
FN:465,GetAsync()
FN:470,GetAsync()
FN:475,GetAsync()
FN:485,GetAsync()
FN:493,GetAsync()
FN:503,GetAsync()
FN:508,GetAsync()
FN:513,GetAsync()
FN:523,GetAsync()
FN:531,GetAsync()
FN:540,GetAsync()
FN:43,InitializeAsync()
FN:581,LoginAsync()
FN:623,LoginAsync()
FN:162,PostAsync()
FN:172,PostAsync()
FN:177,PostAsync()
FN:182,PostAsync()
FN:192,PostAsync()
FN:200,PostAsync()
FN:210,PostAsync()
FN:215,PostAsync()
FN:220,PostAsync()
FN:230,PostAsync()
FN:238,PostAsync()
FN:247,PostAsync()
FN:667,ProcessResponse()
FN:690,ProcessResponse()
FN:260,PutAsync()
FN:270,PutAsync()
FN:275,PutAsync()
FN:280,PutAsync()
FN:290,PutAsync()
FN:298,PutAsync()
FN:308,PutAsync()
FN:313,PutAsync()
FN:318,PutAsync()
FN:328,PutAsync()
FN:336,PutAsync()
FN:344,PutAsync()
FNDA:0,CacheCredentials()
FNDA:1,CacheCredentialsAsync()
FNDA:0,DeleteAsync()
FNDA:0,DeleteAsync()
FNDA:1,DeleteAsync()
FNDA:1,DeleteAsync()
FNDA:1,DeleteAsync()
FNDA:0,DeleteAsync()
FNDA:0,DeleteAsync()
FNDA:0,DeleteAsync()
FNDA:0,DeleteAsync()
FNDA:0,DeleteAsync()
FNDA:1,DeleteAsync()
FNDA:0,DeleteAsync()
FNDA:1,DisposeAsync()
FNDA:0,GetAsync()
FNDA:0,GetAsync()
FNDA:1,GetAsync()
FNDA:1,GetAsync()
FNDA:1,GetAsync()
FNDA:0,GetAsync()
FNDA:0,GetAsync()
FNDA:0,GetAsync()
FNDA:0,GetAsync()
FNDA:0,GetAsync()
FNDA:1,GetAsync()
FNDA:0,GetAsync()
FNDA:1,InitializeAsync()
FNDA:0,LoginAsync()
FNDA:0,LoginAsync()
FNDA:0,PostAsync()
FNDA:0,PostAsync()
FNDA:0,PostAsync()
FNDA:0,PostAsync()
FNDA:0,PostAsync()
FNDA:0,PostAsync()
FNDA:0,PostAsync()
FNDA:1,PostAsync()
FNDA:1,PostAsync()
FNDA:1,PostAsync()
FNDA:0,PostAsync()
FNDA:1,PostAsync()
FNDA:1,ProcessResponse()
FNDA:1,ProcessResponse()
FNDA:0,PutAsync()
FNDA:0,PutAsync()
FNDA:1,PutAsync()
FNDA:1,PutAsync()
FNDA:1,PutAsync()
FNDA:0,PutAsync()
FNDA:0,PutAsync()
FNDA:0,PutAsync()
FNDA:0,PutAsync()
FNDA:0,PutAsync()
FNDA:1,PutAsync()
FNDA:0,PutAsync()
FNF:56
FNH:21
BRDA:568,568,6682,-
BRDA:568,568,6683,-
BRDA:610,610,6684,1
BRDA:610,610,6685,-
BRDA:780,780,6686,1
BRDA:780,780,6687,1
BRDA:672,672,6688,1
BRDA:672,672,6689,-
BRDA:676,676,6690,1
BRDA:676,676,6691,1
BRDA:695,695,6692,1
BRDA:695,695,6693,1
BRF:12
BRH:8
DA:43,1
DA:49,1
DA:51,1
DA:150,0
DA:162,0
DA:164,0
DA:166,0
DA:168,0
DA:172,0
DA:173,0
DA:177,0
DA:178,0
DA:182,0
DA:184,0
DA:186,0
DA:188,0
DA:192,0
DA:194,0
DA:196,0
DA:200,0
DA:202,0
DA:204,0
DA:206,0
DA:210,0
DA:211,0
DA:215,1
DA:216,1
DA:220,1
DA:222,1
DA:224,1
DA:226,1
DA:230,1
DA:232,1
DA:234,1
DA:238,0
DA:240,0
DA:242,0
DA:243,0
DA:247,1
DA:249,1
DA:251,1
DA:252,1
DA:260,0
DA:262,0
DA:264,0
DA:266,0
DA:270,0
DA:271,0
DA:275,1
DA:276,1
DA:280,1
DA:282,1
DA:284,1
DA:286,1
DA:290,1
DA:292,1
DA:294,1
DA:298,0
DA:300,0
DA:302,0
DA:304,0
DA:308,0
DA:309,0
DA:313,0
DA:314,0
DA:318,0
DA:320,0
DA:322,0
DA:324,0
DA:328,0
DA:330,0
DA:332,0
DA:336,1
DA:338,1
DA:340,1
DA:341,1
DA:344,0
DA:346,0
DA:348,0
DA:349,0
DA:357,0
DA:359,0
DA:361,0
DA:363,0
DA:367,0
DA:368,0
DA:372,1
DA:373,1
DA:377,1
DA:379,1
DA:381,1
DA:383,1
DA:387,1
DA:389,1
DA:391,1
DA:395,0
DA:397,0
DA:399,0
DA:401,0
DA:405,0
DA:406,0
DA:410,0
DA:411,0
DA:415,0
DA:417,0
DA:419,0
DA:421,0
DA:425,0
DA:427,0
DA:429,0
DA:433,1
DA:435,1
DA:437,1
DA:438,1
DA:442,0
DA:444,0
DA:446,0
DA:447,0
DA:455,0
DA:457,0
DA:459,0
DA:461,0
DA:465,0
DA:466,0
DA:470,1
DA:471,1
DA:475,1
DA:477,1
DA:479,1
DA:481,1
DA:485,1
DA:487,1
DA:489,1
DA:493,0
DA:495,0
DA:497,0
DA:499,0
DA:503,0
DA:504,0
DA:508,0
DA:509,0
DA:513,0
DA:515,0
DA:517,0
DA:519,0
DA:523,0
DA:525,0
DA:527,0
DA:531,1
DA:533,1
DA:535,1
DA:536,1
DA:540,0
DA:542,0
DA:544,0
DA:545,0
DA:557,0
DA:559,0
DA:560,0
DA:562,0
DA:563,0
DA:564,0
DA:565,0
DA:566,0
DA:568,0
DA:570,0
DA:571,0
DA:572,0
DA:575,0
DA:576,0
DA:577,0
DA:581,0
DA:583,0
DA:584,0
DA:586,0
DA:587,0
DA:588,0
DA:589,0
DA:590,0
DA:592,0
DA:594,0
DA:601,1
DA:603,1
DA:604,1
DA:605,1
DA:606,1
DA:607,1
DA:608,1
DA:610,1
DA:612,0
DA:613,0
DA:614,0
DA:617,1
DA:618,1
DA:619,1
DA:623,0
DA:625,0
DA:626,0
DA:627,0
DA:628,0
DA:629,0
DA:630,0
DA:632,0
DA:634,0
DA:650,1
DA:667,1
DA:669,1
DA:670,1
DA:672,1
DA:674,0
DA:676,1
DA:682,1
DA:685,1
DA:686,1
DA:690,1
DA:692,1
DA:693,1
DA:695,1
DA:699,1
DA:700,1
DA:701,0
DA:703,0
DA:704,0
DA:706,1
DA:710,1
DA:713,1
DA:714,1
DA:730,1
DA:776,1
DA:780,1
DA:782,1
DA:784,1
DA:785,0
DA:788,0
DA:789,1
LH:91
LF:235
end_of_record
SF:/home/runner/work/painting-projects-management/painting-projects-management/back/rbkApiModules/rbkApiModules.Commons.Testing/RbkTestingServer.cs
FN:24,get_ContentFolder()
FN:24,set_ContentFolder(string)
FN:57,ConfigureWebHost(Microsoft.AspNetCore.Hosting.IWebHostBuilder)
FN:96,CreateHttpClient()
FN:105,get_Dispatcher()
FN:113,CreateContext()
FN:141,AddMockHttpClient<TClient, TImplementation>(Microsoft.Extensions.DependencyInjection.IServiceCollection, string)
FN:155,GetMockedHttpClientMessageHandler<TClient>()
FN:640,GetCredentialsFromCache(rbkApiModules.Commons.Testing.Credentials)
FN:650,GetCredentialsFromCache(string)
FN:718,DeserializeErrorResult(rbkApiModules.Commons.Testing.HttpResponse)
FN:737,GetResourceFile(string)
FN:761,CreateMultipartFormDataContent(System.IO.Stream, string, string, string)
FN:24,.ctor()
FNDA:1,get_ContentFolder()
FNDA:1,set_ContentFolder(string)
FNDA:1,ConfigureWebHost(Microsoft.AspNetCore.Hosting.IWebHostBuilder)
FNDA:1,CreateHttpClient()
FNDA:0,get_Dispatcher()
FNDA:1,CreateContext()
FNDA:0,AddMockHttpClient<TClient, TImplementation>(Microsoft.Extensions.DependencyInjection.IServiceCollection, string)
FNDA:0,GetMockedHttpClientMessageHandler<TClient>()
FNDA:0,GetCredentialsFromCache(rbkApiModules.Commons.Testing.Credentials)
FNDA:1,GetCredentialsFromCache(string)
FNDA:1,DeserializeErrorResult(rbkApiModules.Commons.Testing.HttpResponse)
FNDA:0,GetResourceFile(string)
FNDA:0,CreateMultipartFormDataContent(System.IO.Stream, string, string, string)
FNDA:1,.ctor()
FNF:14
FNH:8
BRDA:61,61,6694,1
BRDA:61,61,6695,-
BRDA:97,97,6696,1
BRDA:97,97,6697,-
BRDA:117,117,6698,1
BRDA:117,117,6699,1
BRDA:117,117,6700,1
BRDA:117,117,6701,-
BRDA:121,121,6702,-
BRDA:121,121,6703,-
BRDA:125,125,6704,1
BRDA:125,125,6705,-
BRDA:132,132,6706,1
BRDA:132,132,6707,-
BRDA:144,144,6708,-
BRDA:144,144,6709,-
BRDA:640,640,6710,-
BRDA:640,640,6711,-
BRDA:652,652,6712,1
BRDA:652,652,6713,-
BRDA:657,657,6714,1
BRDA:657,657,6715,-
BRDA:720,720,6716,1
BRDA:720,720,6717,1
BRDA:728,728,6718,1
BRDA:728,728,6719,1
BRDA:728,728,6720,1
BRDA:728,728,6721,1
BRDA:728,728,6722,1
BRDA:728,728,6723,1
BRDA:730,730,6724,1
BRDA:730,730,6725,1
BRDA:741,741,6726,-
BRDA:741,741,6727,-
BRF:34
BRH:19
DA:24,1
DA:26,1
DA:28,1
DA:30,1
DA:57,1
DA:59,1
DA:61,1
DA:63,0
DA:66,1
DA:68,1
DA:69,1
DA:70,1
DA:71,1
DA:72,1
DA:73,1
DA:74,1
DA:75,1
DA:76,1
DA:77,1
DA:78,1
DA:79,1
DA:80,1
DA:81,1
DA:82,1
DA:83,1
DA:85,1
DA:86,1
DA:96,1
DA:97,1
DA:98,1
DA:105,0
DA:106,0
DA:107,0
DA:113,1
DA:115,1
DA:117,1
DA:119,0
DA:121,0
DA:125,1
DA:127,0
DA:130,1
DA:132,1
DA:141,0
DA:142,0
DA:144,0
DA:145,0
DA:146,0
DA:147,0
DA:149,0
DA:151,0
DA:155,0
DA:640,0
DA:642,0
DA:645,0
DA:650,1
DA:652,1
DA:654,0
DA:657,1
DA:659,0
DA:662,1
DA:718,1
DA:720,1
DA:724,1
DA:726,1
DA:728,1
DA:730,1
DA:733,1
DA:737,0
DA:739,0
DA:741,0
DA:743,0
DA:749,0
DA:750,0
DA:751,0
DA:753,0
DA:756,0
DA:761,0
DA:762,0
DA:763,0
DA:764,0
DA:765,0
DA:766,0
DA:767,0
DA:768,0
DA:769,0
DA:771,0
LH:46
LF:86
end_of_record
SF:/home/runner/work/painting-projects-management/painting-projects-management/back/rbkApiModules/rbkApiModules.Commons.Testing/RbkTestingServer.cs
FN:557,CacheCredentials()
FN:601,CacheCredentialsAsync()
FN:357,DeleteAsync()
FN:367,DeleteAsync()
FN:372,DeleteAsync()
FN:377,DeleteAsync()
FN:387,DeleteAsync()
FN:395,DeleteAsync()
FN:405,DeleteAsync()
FN:410,DeleteAsync()
FN:415,DeleteAsync()
FN:425,DeleteAsync()
FN:433,DeleteAsync()
FN:442,DeleteAsync()
FN:776,DisposeAsync()
FN:455,GetAsync()
FN:465,GetAsync()
FN:470,GetAsync()
FN:475,GetAsync()
FN:485,GetAsync()
FN:493,GetAsync()
FN:503,GetAsync()
FN:508,GetAsync()
FN:513,GetAsync()
FN:523,GetAsync()
FN:531,GetAsync()
FN:540,GetAsync()
FN:43,InitializeAsync()
FN:581,LoginAsync()
FN:623,LoginAsync()
FN:162,PostAsync()
FN:172,PostAsync()
FN:177,PostAsync()
FN:182,PostAsync()
FN:192,PostAsync()
FN:200,PostAsync()
FN:210,PostAsync()
FN:215,PostAsync()
FN:220,PostAsync()
FN:230,PostAsync()
FN:238,PostAsync()
FN:247,PostAsync()
FN:667,ProcessResponse()
FN:690,ProcessResponse()
FN:260,PutAsync()
FN:270,PutAsync()
FN:275,PutAsync()
FN:280,PutAsync()
FN:290,PutAsync()
FN:298,PutAsync()
FN:308,PutAsync()
FN:313,PutAsync()
FN:318,PutAsync()
FN:328,PutAsync()
FN:336,PutAsync()
FN:344,PutAsync()
FNDA:0,CacheCredentials()
FNDA:1,CacheCredentialsAsync()
FNDA:0,DeleteAsync()
FNDA:0,DeleteAsync()
FNDA:1,DeleteAsync()
FNDA:1,DeleteAsync()
FNDA:1,DeleteAsync()
FNDA:0,DeleteAsync()
FNDA:0,DeleteAsync()
FNDA:0,DeleteAsync()
FNDA:0,DeleteAsync()
FNDA:0,DeleteAsync()
FNDA:1,DeleteAsync()
FNDA:0,DeleteAsync()
FNDA:1,DisposeAsync()
FNDA:0,GetAsync()
FNDA:0,GetAsync()
FNDA:1,GetAsync()
FNDA:1,GetAsync()
FNDA:1,GetAsync()
FNDA:0,GetAsync()
FNDA:0,GetAsync()
FNDA:0,GetAsync()
FNDA:0,GetAsync()
FNDA:0,GetAsync()
FNDA:1,GetAsync()
FNDA:0,GetAsync()
FNDA:1,InitializeAsync()
FNDA:0,LoginAsync()
FNDA:0,LoginAsync()
FNDA:0,PostAsync()
FNDA:0,PostAsync()
FNDA:0,PostAsync()
FNDA:0,PostAsync()
FNDA:0,PostAsync()
FNDA:0,PostAsync()
FNDA:0,PostAsync()
FNDA:1,PostAsync()
FNDA:1,PostAsync()
FNDA:1,PostAsync()
FNDA:0,PostAsync()
FNDA:1,PostAsync()
FNDA:1,ProcessResponse()
FNDA:1,ProcessResponse()
FNDA:0,PutAsync()
FNDA:0,PutAsync()
FNDA:1,PutAsync()
FNDA:1,PutAsync()
FNDA:1,PutAsync()
FNDA:0,PutAsync()
FNDA:0,PutAsync()
FNDA:0,PutAsync()
FNDA:0,PutAsync()
FNDA:0,PutAsync()
FNDA:1,PutAsync()
FNDA:0,PutAsync()
FNF:56
FNH:21
BRDA:568,568,6728,-
BRDA:568,568,6729,-
BRDA:610,610,6730,1
BRDA:610,610,6731,-
BRDA:780,780,6732,1
BRDA:780,780,6733,1
BRDA:672,672,6734,1
BRDA:672,672,6735,-
BRDA:676,676,6736,1
BRDA:676,676,6737,1
BRDA:695,695,6738,1
BRDA:695,695,6739,1
BRF:12
BRH:8
DA:43,1
DA:49,1
DA:51,1
DA:150,0
DA:162,0
DA:164,0
DA:166,0
DA:168,0
DA:172,0
DA:173,0
DA:177,0
DA:178,0
DA:182,0
DA:184,0
DA:186,0
DA:188,0
DA:192,0
DA:194,0
DA:196,0
DA:200,0
DA:202,0
DA:204,0
DA:206,0
DA:210,0
DA:211,0
DA:215,1
DA:216,1
DA:220,1
DA:222,1
DA:224,1
DA:226,1
DA:230,1
DA:232,1
DA:234,1
DA:238,0
DA:240,0
DA:242,0
DA:243,0
DA:247,1
DA:249,1
DA:251,1
DA:252,1
DA:260,0
DA:262,0
DA:264,0
DA:266,0
DA:270,0
DA:271,0
DA:275,1
DA:276,1
DA:280,1
DA:282,1
DA:284,1
DA:286,1
DA:290,1
DA:292,1
DA:294,1
DA:298,0
DA:300,0
DA:302,0
DA:304,0
DA:308,0
DA:309,0
DA:313,0
DA:314,0
DA:318,0
DA:320,0
DA:322,0
DA:324,0
DA:328,0
DA:330,0
DA:332,0
DA:336,1
DA:338,1
DA:340,1
DA:341,1
DA:344,0
DA:346,0
DA:348,0
DA:349,0
DA:357,0
DA:359,0
DA:361,0
DA:363,0
DA:367,0
DA:368,0
DA:372,1
DA:373,1
DA:377,1
DA:379,1
DA:381,1
DA:383,1
DA:387,1
DA:389,1
DA:391,1
DA:395,0
DA:397,0
DA:399,0
DA:401,0
DA:405,0
DA:406,0
DA:410,0
DA:411,0
DA:415,0
DA:417,0
DA:419,0
DA:421,0
DA:425,0
DA:427,0
DA:429,0
DA:433,1
DA:435,1
DA:437,1
DA:438,1
DA:442,0
DA:444,0
DA:446,0
DA:447,0
DA:455,0
DA:457,0
DA:459,0
DA:461,0
DA:465,0
DA:466,0
DA:470,1
DA:471,1
DA:475,1
DA:477,1
DA:479,1
DA:481,1
DA:485,1
DA:487,1
DA:489,1
DA:493,0
DA:495,0
DA:497,0
DA:499,0
DA:503,0
DA:504,0
DA:508,0
DA:509,0
DA:513,0
DA:515,0
DA:517,0
DA:519,0
DA:523,0
DA:525,0
DA:527,0
DA:531,1
DA:533,1
DA:535,1
DA:536,1
DA:540,0
DA:542,0
DA:544,0
DA:545,0
DA:557,0
DA:559,0
DA:560,0
DA:562,0
DA:563,0
DA:564,0
DA:565,0
DA:566,0
DA:568,0
DA:570,0
DA:571,0
DA:572,0
DA:575,0
DA:576,0
DA:577,0
DA:581,0
DA:583,0
DA:584,0
DA:586,0
DA:587,0
DA:588,0
DA:589,0
DA:590,0
DA:592,0
DA:594,0
DA:601,1
DA:603,1
DA:604,1
DA:605,1
DA:606,1
DA:607,1
DA:608,1
DA:610,1
DA:612,0
DA:613,0
DA:614,0
DA:617,1
DA:618,1
DA:619,1
DA:623,0
DA:625,0
DA:626,0
DA:627,0
DA:628,0
DA:629,0
DA:630,0
DA:632,0
DA:634,0
DA:650,1
DA:667,1
DA:669,1
DA:670,1
DA:672,1
DA:674,0
DA:676,1
DA:682,1
DA:685,1
DA:686,1
DA:690,1
DA:692,1
DA:693,1
DA:695,1
DA:699,1
DA:700,1
DA:701,0
DA:703,0
DA:704,0
DA:706,1
DA:710,1
DA:713,1
DA:714,1
DA:730,1
DA:776,1
DA:780,1
DA:782,1
DA:784,1
DA:785,0
DA:788,0
DA:789,1
LH:91
LF:235
end_of_record
SF:/home/runner/work/painting-projects-management/painting-projects-management/back/rbkApiModules/rbkApiModules.Commons.Testing/Extensions/EnumAssertionExtensions.cs
FN:10,ShouldBeEquivalentTo(System.Enum, rbkApiModules.Commons.Core.Abstractions.EnumReference, string)
FN:18,ShouldBeEquivalentTo(rbkApiModules.Commons.Core.Abstractions.EnumReference, System.Enum, string)
FNDA:0,ShouldBeEquivalentTo(System.Enum, rbkApiModules.Commons.Core.Abstractions.EnumReference, string)
FNDA:0,ShouldBeEquivalentTo(rbkApiModules.Commons.Core.Abstractions.EnumReference, System.Enum, string)
FNF:2
FNH:0
BRDA:10,10,6740,-
BRDA:10,10,6741,-
BRDA:18,18,6742,-
BRDA:18,18,6743,-
BRF:4
BRH:0
DA:10,0
DA:12,0
DA:13,0
DA:14,0
DA:18,0
DA:20,0
DA:21,0
DA:22,0
LH:0
LF:8
end_of_record
SF:/home/runner/work/painting-projects-management/painting-projects-management/back/rbkApiModules/rbkApiModules.Commons.Testing/Extensions/HttpResponseAssertionExtensions.cs
FN:11,ShouldHaveErrors(rbkApiModules.Commons.Testing.HttpResponse, System.Net.HttpStatusCode, string[])
FN:23,ShouldHaveErrors<T>(rbkApiModules.Commons.Testing.HttpResponse<T>, System.Net.HttpStatusCode, string[])
FN:36,ShouldRedirect(rbkApiModules.Commons.Testing.HttpResponse, string)
FN:46,ShouldBeSuccess<T>(rbkApiModules.Commons.Testing.HttpResponse<T>, out T)
FN:66,ShouldBeSuccess(rbkApiModules.Commons.Testing.HttpResponse)
FN:80,ShouldBeForbidden(rbkApiModules.Commons.Testing.HttpResponse)
FN:85,GetFriendlyError(System.Net.HttpStatusCode, string)
FNDA:1,ShouldHaveErrors(rbkApiModules.Commons.Testing.HttpResponse, System.Net.HttpStatusCode, string[])
FNDA:1,ShouldHaveErrors<T>(rbkApiModules.Commons.Testing.HttpResponse<T>, System.Net.HttpStatusCode, string[])
FNDA:0,ShouldRedirect(rbkApiModules.Commons.Testing.HttpResponse, string)
FNDA:1,ShouldBeSuccess<T>(rbkApiModules.Commons.Testing.HttpResponse<T>, out T)
FNDA:1,ShouldBeSuccess(rbkApiModules.Commons.Testing.HttpResponse)
FNDA:0,ShouldBeForbidden(rbkApiModules.Commons.Testing.HttpResponse)
FNDA:1,GetFriendlyError(System.Net.HttpStatusCode, string)
FNF:7
FNH:5
BRDA:15,15,6744,1
BRDA:15,15,6745,1
BRDA:28,28,6746,1
BRDA:28,28,6747,1
BRDA:46,46,6748,1
BRDA:46,46,6749,-
BRDA:66,66,6750,1
BRDA:66,66,6751,-
BRDA:85,85,6752,1
BRDA:85,85,6753,1
BRDA:85,85,6754,1
BRDA:85,85,6755,1
BRDA:85,85,6756,-
BRDA:85,85,6757,-
BRDA:85,85,6758,-
BRDA:85,85,6759,-
BRDA:85,85,6760,-
BRDA:85,85,6761,-
BRDA:85,85,6762,-
BRF:19
BRH:10
DA:11,1
DA:13,1
DA:15,1
DA:17,1
DA:19,1
DA:23,1
DA:25,1
DA:26,1
DA:28,1
DA:30,1
DA:32,1
DA:36,0
DA:38,0
DA:40,0
DA:41,0
DA:46,1
DA:48,0
DA:52,1
DA:55,1
DA:57,1
DA:58,1
DA:60,1
DA:61,1
DA:66,1
DA:68,0
DA:72,1
DA:75,1
DA:76,1
DA:80,0
DA:81,0
DA:85,1
DA:90,0
DA:91,0
DA:93,0
DA:94,0
DA:96,0
DA:97,0
DA:99,0
DA:100,0
DA:103,0
DA:104,0
DA:106,0
DA:107,0
DA:109,1
DA:113,1
LH:25
LF:45
end_of_record
SF:/home/runner/work/painting-projects-management/painting-projects-management/back/rbkApiModules/rbkApiModules.Commons.Testing/Extensions/QueryResponseAssertions.cs
FN:11,ShouldHaveMessages<T>(rbkApiModules.Commons.Core.QueryResponse<T>, string[])
FNDA:0,ShouldHaveMessages<T>(rbkApiModules.Commons.Core.QueryResponse<T>, string[])
FNF:1
FNH:0
BRDA:13,13,6763,-
BRDA:13,13,6764,-
BRDA:15,15,6765,-
BRDA:15,15,6766,-
BRDA:15,15,6767,-
BRDA:15,15,6768,-
BRDA:15,15,6769,-
BRDA:15,15,6770,-
BRDA:25,25,6771,-
BRDA:25,25,6772,-
BRF:10
BRH:0
DA:11,0
DA:13,0
DA:15,0
DA:16,0
DA:17,0
DA:19,0
DA:20,0
DA:21,0
DA:22,0
DA:25,0
DA:27,0
DA:28,0
DA:29,0
DA:32,0
LH:0
LF:14
end_of_record
SF:/home/runner/work/painting-projects-management/painting-projects-management/back/rbkApiModules/rbkApiModules.Commons.Testing/Extensions/QueryResponseAssertions.cs
FN:11,ShouldHaveMessages<T>(rbkApiModules.Commons.Core.QueryResponse<T>, string[])
FNDA:0,ShouldHaveMessages<T>(rbkApiModules.Commons.Core.QueryResponse<T>, string[])
FNF:1
FNH:0
BRDA:13,13,6773,-
BRDA:13,13,6774,-
BRDA:15,15,6775,-
BRDA:15,15,6776,-
BRDA:15,15,6777,-
BRDA:15,15,6778,-
BRDA:15,15,6779,-
BRDA:15,15,6780,-
BRDA:25,25,6781,-
BRDA:25,25,6782,-
BRF:10
BRH:0
DA:11,0
DA:13,0
DA:15,0
DA:16,0
DA:17,0
DA:19,0
DA:20,0
DA:21,0
DA:22,0
DA:25,0
DA:27,0
DA:28,0
DA:29,0
DA:32,0
LH:0
LF:14
end_of_record
